#
# There is insufficient memory for the Java Runtime Environment to continue.
# Native memory allocation (mmap) failed to map 144703488 bytes for G1 virtual space
# Possible reasons:
#   The system is out of physical RAM or swap space
#   The process is running with CompressedOops enabled, and the Java Heap may be blocking the growth of the native heap
# Possible solutions:
#   Reduce memory load on the system
#   Increase physical memory or swap space
#   Check if swap backing store is full
#   Decrease Java heap size (-Xmx/-Xms)
#   Decrease number of Java threads
#   Decrease Java thread stack sizes (-Xss)
#   Set larger code cache with -XX:ReservedCodeCacheSize=
#   JVM is running with Zero Based Compressed Oops mode in which the Java heap is
#     placed in the first 32GB address space. The Java Heap base address is the
#     maximum limit for the native heap growth. Please use -XX:HeapBaseMinAddress
#     to set the Java Heap base and to place the Java Heap above 32GB virtual address.
# This output file may be truncated or incomplete.
#
#  Out of Memory Error (os_windows.cpp:3548), pid=3388, tid=2340
#
# JRE version: Java(TM) SE Runtime Environment (17.0.10+11) (build 17.0.10+11-LTS-240)
# Java VM: Java HotSpot(TM) 64-Bit Server VM (17.0.10+11-LTS-240, mixed mode, emulated-client, sharing, tiered, compressed oops, compressed class ptrs, g1 gc, windows-amd64)
# No core dump will be written. Minidumps are not enabled by default on client versions of Windows
#

---------------  S U M M A R Y ------------

Command Line: -XX:TieredStopAtLevel=1 -Dspring.output.ansi.enabled=always -Dcom.sun.management.jmxremote -Dspring.jmx.enabled=true -Dspring.liveBeansView.mbeanDomain -Dspring.application.admin.enabled=true -Dmanagement.endpoints.jmx.exposure.include=* -javaagent:C:\Program Files\JetBrains\IntelliJ IDEA 2024.1.4\lib\idea_rt.jar=57848:C:\Program Files\JetBrains\IntelliJ IDEA 2024.1.4\bin -Dfile.encoding=UTF-8 com.example.mscatalogo.MsCatalogoApplication

Host: 12th Gen Intel(R) Core(TM) i7-12700, 20 cores, 15G,  Windows 11 , 64 bit Build 22621 (10.0.22621.3958)
Time: Mon Sep  2 10:09:48 2024 Hora est. Pacífico, Sudamérica elapsed time: 4.517796 seconds (0d 0h 0m 4s)

---------------  T H R E A D  ---------------

Current thread (0x000001d938775b80):  VMThread "VM Thread" [stack: 0x0000000830600000,0x0000000830700000] [id=2340]

Stack: [0x0000000830600000,0x0000000830700000]
Native frames: (J=compiled Java code, j=interpreted, Vv=VM code, C=native code)
V  [jvm.dll+0x677a5a]
V  [jvm.dll+0x7d8b2d]
V  [jvm.dll+0x7da48e]
V  [jvm.dll+0x7daaf3]
V  [jvm.dll+0x2455ff]
V  [jvm.dll+0x6749b9]
V  [jvm.dll+0x669382]
V  [jvm.dll+0x302e96]
V  [jvm.dll+0x30a416]
V  [jvm.dll+0x359cbe]
V  [jvm.dll+0x359eef]
V  [jvm.dll+0x2d9e88]
V  [jvm.dll+0x2d8295]
V  [jvm.dll+0x2d789c]
V  [jvm.dll+0x31b18b]
V  [jvm.dll+0x7df30b]
V  [jvm.dll+0x7e0044]
V  [jvm.dll+0x7e055d]
V  [jvm.dll+0x7e0934]
V  [jvm.dll+0x7e0a00]
V  [jvm.dll+0x78888a]
V  [jvm.dll+0x676935]
C  [ucrtbase.dll+0x29333]
C  [KERNEL32.DLL+0x1257d]
C  [ntdll.dll+0x5af28]

VM_Operation (0x00000008344fd650): G1CollectForAllocation, mode: safepoint, requested by thread 0x000001d900f3c390


---------------  P R O C E S S  ---------------

Threads class SMR info:
_java_thread_list=0x000001d90175d7a0, length=56, elements={
0x000001d9212b8b70, 0x000001d93877a790, 0x000001d93877b610, 0x000001d93878b010,
0x000001d93878dbf0, 0x000001d93878e7b0, 0x000001d938791180, 0x000001d938792200,
0x000001d938793b20, 0x000001d938e02160, 0x000001d938c80be0, 0x000001d938e12190,
0x000001d938e126b0, 0x000001d938e135c0, 0x000001d97e51a5e0, 0x000001d97e51ec10,
0x000001d97e763e20, 0x000001d97f1b7630, 0x000001d97f263050, 0x000001d97f3179c0,
0x000001d97f368760, 0x000001d97f368250, 0x000001d97f36a5c0, 0x000001d97f367830,
0x000001d97f368c70, 0x000001d97f369180, 0x000001d97f369690, 0x000001d900f386d0,
0x000001d900f3aa40, 0x000001d900f3b460, 0x000001d900f39b10, 0x000001d900f3af50,
0x000001d900f38be0, 0x000001d900f3e1f0, 0x000001d900f3d7d0, 0x000001d900f3a020,
0x000001d900f3e700, 0x000001d900f3b970, 0x000001d900f3dce0, 0x000001d900f381c0,
0x000001d900f3a530, 0x000001d900f3be80, 0x000001d900f3ec10, 0x000001d900f3c390,
0x000001d900f3f120, 0x000001d900f37cb0, 0x000001d900f390f0, 0x000001d900f3c8a0,
0x000001d900f39600, 0x000001d900f3cdb0, 0x000001d900f3d2c0, 0x000001d900f3f630,
0x000001d9016a9890, 0x000001d9016a7f40, 0x000001d9016a65f0, 0x000001d9016a3d70
}

Java Threads: ( => current thread )
  0x000001d9212b8b70 JavaThread "main" [_thread_blocked, id=8772, stack(0x0000000830000000,0x0000000830100000)]
  0x000001d93877a790 JavaThread "Reference Handler" daemon [_thread_blocked, id=12256, stack(0x0000000830700000,0x0000000830800000)]
  0x000001d93877b610 JavaThread "Finalizer" daemon [_thread_blocked, id=7672, stack(0x0000000830800000,0x0000000830900000)]
  0x000001d93878b010 JavaThread "Signal Dispatcher" daemon [_thread_blocked, id=10644, stack(0x0000000830900000,0x0000000830a00000)]
  0x000001d93878dbf0 JavaThread "Attach Listener" daemon [_thread_blocked, id=37076, stack(0x0000000830a00000,0x0000000830b00000)]
  0x000001d93878e7b0 JavaThread "Service Thread" daemon [_thread_blocked, id=30964, stack(0x0000000830b00000,0x0000000830c00000)]
  0x000001d938791180 JavaThread "Monitor Deflation Thread" daemon [_thread_blocked, id=32828, stack(0x0000000830c00000,0x0000000830d00000)]
  0x000001d938792200 JavaThread "C1 CompilerThread0" daemon [_thread_blocked, id=12884, stack(0x0000000830d00000,0x0000000830e00000)]
  0x000001d938793b20 JavaThread "Sweeper thread" daemon [_thread_blocked, id=8316, stack(0x0000000830e00000,0x0000000830f00000)]
  0x000001d938e02160 JavaThread "C1 CompilerThread1" daemon [_thread_blocked, id=35304, stack(0x0000000830f00000,0x0000000831000000)]
  0x000001d938c80be0 JavaThread "Common-Cleaner" daemon [_thread_blocked, id=9732, stack(0x0000000831000000,0x0000000831100000)]
  0x000001d938e12190 JavaThread "C1 CompilerThread2" daemon [_thread_blocked, id=13316, stack(0x0000000831100000,0x0000000831200000)]
  0x000001d938e126b0 JavaThread "C1 CompilerThread3" daemon [_thread_blocked, id=4104, stack(0x0000000831200000,0x0000000831300000)]
  0x000001d938e135c0 JavaThread "C1 CompilerThread4" daemon [_thread_blocked, id=27676, stack(0x0000000831300000,0x0000000831400000)]
  0x000001d97e51a5e0 JavaThread "Monitor Ctrl-Break" daemon [_thread_in_native, id=18748, stack(0x0000000831400000,0x0000000831500000)]
  0x000001d97e51ec10 JavaThread "Notification Thread" daemon [_thread_blocked, id=31292, stack(0x0000000831500000,0x0000000831600000)]
  0x000001d97e763e20 JavaThread "RMI TCP Accept-0" daemon [_thread_in_native, id=30832, stack(0x0000000831600000,0x0000000831700000)]
  0x000001d97f1b7630 JavaThread "C1 CompilerThread5" daemon [_thread_blocked, id=21512, stack(0x0000000832000000,0x0000000832100000)]
  0x000001d97f263050 JavaThread "RMI TCP Connection(1)-172.22.2.13" daemon [_thread_in_native, id=27036, stack(0x0000000832400000,0x0000000832500000)]
  0x000001d97f3179c0 JavaThread "RMI Scheduler(0)" daemon [_thread_blocked, id=20740, stack(0x0000000832500000,0x0000000832600000)]
  0x000001d97f368760 JavaThread "Keep-Alive-Timer" daemon [_thread_blocked, id=35848, stack(0x0000000832600000,0x0000000832700000)]
  0x000001d97f368250 JavaThread "Catalina-utility-1" [_thread_blocked, id=30564, stack(0x0000000832100000,0x0000000832200000)]
  0x000001d97f36a5c0 JavaThread "Catalina-utility-2" [_thread_blocked, id=12836, stack(0x0000000832f00000,0x0000000833000000)]
  0x000001d97f367830 JavaThread "container-0" [_thread_blocked, id=21940, stack(0x0000000833000000,0x0000000833100000)]
  0x000001d97f368c70 JavaThread "mysql-cj-abandoned-connection-cleanup" daemon [_thread_blocked, id=1280, stack(0x0000000833100000,0x0000000833200000)]
  0x000001d97f369180 JavaThread "HikariPool-1 housekeeper" daemon [_thread_blocked, id=20068, stack(0x0000000833200000,0x0000000833300000)]
  0x000001d97f369690 JavaThread "HikariPool-1 connection adder" daemon [_thread_blocked, id=36992, stack(0x0000000833300000,0x0000000833400000)]
  0x000001d900f386d0 JavaThread "ClassGraph-worker-116" daemon [_thread_blocked, id=29576, stack(0x0000000833400000,0x0000000833500000)]
  0x000001d900f3aa40 JavaThread "ClassGraph-worker-117" daemon [_thread_blocked, id=20404, stack(0x0000000833500000,0x0000000833600000)]
  0x000001d900f3b460 JavaThread "ClassGraph-worker-118" daemon [_thread_blocked, id=36692, stack(0x0000000833600000,0x0000000833700000)]
  0x000001d900f39b10 JavaThread "ClassGraph-worker-119" daemon [_thread_blocked, id=30340, stack(0x0000000833700000,0x0000000833800000)]
  0x000001d900f3af50 JavaThread "ClassGraph-worker-120" daemon [_thread_blocked, id=1992, stack(0x0000000833800000,0x0000000833900000)]
  0x000001d900f38be0 JavaThread "ClassGraph-worker-121" daemon [_thread_blocked, id=37832, stack(0x0000000833900000,0x0000000833a00000)]
  0x000001d900f3e1f0 JavaThread "ClassGraph-worker-122" daemon [_thread_blocked, id=37240, stack(0x0000000833a00000,0x0000000833b00000)]
  0x000001d900f3d7d0 JavaThread "ClassGraph-worker-123" daemon [_thread_blocked, id=29156, stack(0x0000000833b00000,0x0000000833c00000)]
  0x000001d900f3a020 JavaThread "ClassGraph-worker-124" daemon [_thread_blocked, id=7928, stack(0x0000000833c00000,0x0000000833d00000)]
  0x000001d900f3e700 JavaThread "ClassGraph-worker-125" daemon [_thread_blocked, id=480, stack(0x0000000833d00000,0x0000000833e00000)]
  0x000001d900f3b970 JavaThread "ClassGraph-worker-126" daemon [_thread_blocked, id=31896, stack(0x0000000833e00000,0x0000000833f00000)]
  0x000001d900f3dce0 JavaThread "ClassGraph-worker-127" daemon [_thread_blocked, id=25676, stack(0x0000000833f00000,0x0000000834000000)]
  0x000001d900f381c0 JavaThread "ClassGraph-worker-128" daemon [_thread_blocked, id=26000, stack(0x0000000834000000,0x0000000834100000)]
  0x000001d900f3a530 JavaThread "ClassGraph-worker-129" daemon [_thread_blocked, id=37372, stack(0x0000000834100000,0x0000000834200000)]
  0x000001d900f3be80 JavaThread "ClassGraph-worker-130" daemon [_thread_blocked, id=29652, stack(0x0000000834200000,0x0000000834300000)]
  0x000001d900f3ec10 JavaThread "ClassGraph-worker-131" daemon [_thread_blocked, id=25964, stack(0x0000000834300000,0x0000000834400000)]
  0x000001d900f3c390 JavaThread "ClassGraph-worker-132" daemon [_thread_blocked, id=2288, stack(0x0000000834400000,0x0000000834500000)]
  0x000001d900f3f120 JavaThread "ClassGraph-worker-133" daemon [_thread_blocked, id=2284, stack(0x0000000834500000,0x0000000834600000)]
  0x000001d900f37cb0 JavaThread "ClassGraph-worker-134" daemon [_thread_blocked, id=23516, stack(0x0000000834600000,0x0000000834700000)]
  0x000001d900f390f0 JavaThread "ClassGraph-worker-135" daemon [_thread_blocked, id=12960, stack(0x0000000834700000,0x0000000834800000)]
  0x000001d900f3c8a0 JavaThread "ClassGraph-worker-136" daemon [_thread_blocked, id=17296, stack(0x0000000834800000,0x0000000834900000)]
  0x000001d900f39600 JavaThread "ClassGraph-worker-137" daemon [_thread_blocked, id=18064, stack(0x0000000834900000,0x0000000834a00000)]
  0x000001d900f3cdb0 JavaThread "ClassGraph-worker-138" daemon [_thread_blocked, id=21144, stack(0x0000000834a00000,0x0000000834b00000)]
  0x000001d900f3d2c0 JavaThread "ClassGraph-worker-139" daemon [_thread_blocked, id=25328, stack(0x0000000834b00000,0x0000000834c00000)]
  0x000001d900f3f630 JavaThread "ClassGraph-worker-140" daemon [_thread_blocked, id=17228, stack(0x0000000834c00000,0x0000000834d00000)]
  0x000001d9016a9890 JavaThread "ClassGraph-worker-141" daemon [_thread_blocked, id=9872, stack(0x0000000834d00000,0x0000000834e00000)]
  0x000001d9016a7f40 JavaThread "ClassGraph-worker-142" daemon [_thread_blocked, id=32940, stack(0x0000000834e00000,0x0000000834f00000)]
  0x000001d9016a65f0 JavaThread "ClassGraph-worker-143" daemon [_thread_blocked, id=23732, stack(0x0000000834f00000,0x0000000835000000)]
  0x000001d9016a3d70 JavaThread "ClassGraph-worker-144" daemon [_thread_blocked, id=20624, stack(0x0000000835000000,0x0000000835100000)]

Other Threads:
=>0x000001d938775b80 VMThread "VM Thread" [stack: 0x0000000830600000,0x0000000830700000] [id=2340]
  0x000001d97e544080 WatcherThread [stack: 0x0000000831700000,0x0000000831800000] [id=33680]
  0x000001d921326300 GCTaskThread "GC Thread#0" [stack: 0x0000000830100000,0x0000000830200000] [id=18396]
  0x000001d97ee952d0 GCTaskThread "GC Thread#1" [stack: 0x0000000831800000,0x0000000831900000] [id=452]
  0x000001d97ee95590 GCTaskThread "GC Thread#2" [stack: 0x0000000831900000,0x0000000831a00000] [id=33752]
  0x000001d97ee95850 GCTaskThread "GC Thread#3" [stack: 0x0000000831a00000,0x0000000831b00000] [id=23644]
  0x000001d97ee7ee50 GCTaskThread "GC Thread#4" [stack: 0x0000000831b00000,0x0000000831c00000] [id=7120]
  0x000001d97ee7f520 GCTaskThread "GC Thread#5" [stack: 0x0000000831c00000,0x0000000831d00000] [id=1464]
  0x000001d97f0ad3b0 GCTaskThread "GC Thread#6" [stack: 0x0000000831d00000,0x0000000831e00000] [id=1932]
  0x000001d97f0ae890 GCTaskThread "GC Thread#7" [stack: 0x0000000831e00000,0x0000000831f00000] [id=34980]
  0x000001d97f0af370 GCTaskThread "GC Thread#8" [stack: 0x0000000831f00000,0x0000000832000000] [id=10732]
  0x000001d97f532670 GCTaskThread "GC Thread#9" [stack: 0x0000000832200000,0x0000000832300000] [id=37552]
  0x000001d97f430af0 GCTaskThread "GC Thread#10" [stack: 0x0000000832700000,0x0000000832800000] [id=2852]
  0x000001d97f3e5420 GCTaskThread "GC Thread#11" [stack: 0x0000000832800000,0x0000000832900000] [id=38084]
  0x000001d97f4ff910 GCTaskThread "GC Thread#12" [stack: 0x0000000832900000,0x0000000832a00000] [id=31804]
  0x000001d97f4208a0 GCTaskThread "GC Thread#13" [stack: 0x0000000832a00000,0x0000000832b00000] [id=9480]
  0x000001d97f570720 GCTaskThread "GC Thread#14" [stack: 0x0000000832b00000,0x0000000832c00000] [id=11052]
  0x000001d921336d90 ConcurrentGCThread "G1 Main Marker" [stack: 0x0000000830200000,0x0000000830300000] [id=35660]
  0x000001d9213377a0 ConcurrentGCThread "G1 Conc#0" [stack: 0x0000000830300000,0x0000000830400000] [id=22432]
  0x000001d97f570460 ConcurrentGCThread "G1 Conc#1" [stack: 0x0000000832c00000,0x0000000832d00000] [id=16244]
  0x000001d97f56eba0 ConcurrentGCThread "G1 Conc#2" [stack: 0x0000000832d00000,0x0000000832e00000] [id=25004]
  0x000001d97f56f120 ConcurrentGCThread "G1 Conc#3" [stack: 0x0000000832e00000,0x0000000832f00000] [id=6104]
  0x000001d92136eb60 ConcurrentGCThread "G1 Refine#0" [stack: 0x0000000830400000,0x0000000830500000] [id=15176]
  0x000001d900ce4e50 ConcurrentGCThread "G1 Refine#1" [stack: 0x0000000835100000,0x0000000835200000] [id=23248]
  0x000001d900d7eec0 ConcurrentGCThread "G1 Refine#2" [stack: 0x0000000835200000,0x0000000835300000] [id=31812]
  0x000001d9386b16b0 ConcurrentGCThread "G1 Service" [stack: 0x0000000830500000,0x0000000830600000] [id=29928]

Threads with active compile tasks:

VM state: at safepoint (normal execution)

VM Mutex/Monitor currently owned by a thread:  ([mutex/lock_event])
[0x000001d9212b4880] Threads_lock - owner thread: 0x000001d938775b80
[0x000001d9212b4910] Heap_lock - owner thread: 0x000001d900f3c390

Heap address: 0x0000000704c00000, size: 4020 MB, Compressed Oops mode: Zero based, Oop shift amount: 3

CDS archive(s) mapped at: [0x000001d939000000-0x000001d939bd0000-0x000001d939bd0000), size 12386304, SharedBaseAddress: 0x000001d939000000, ArchiveRelocationMode: 1.
Compressed class space mapped at: 0x000001d93a000000-0x000001d97a000000, reserved size: 1073741824
Narrow klass base: 0x000001d939000000, Narrow klass shift: 0, Narrow klass range: 0x100000000

GC Precious Log:
 CPUs: 20 total, 20 available
 Memory: 16072M
 Large Page Support: Disabled
 NUMA Support: Disabled
 Compressed Oops: Enabled (Zero based)
 Heap Region Size: 2M
 Heap Min Capacity: 8M
 Heap Initial Capacity: 252M
 Heap Max Capacity: 4020M
 Pre-touch: Disabled
 Parallel Workers: 15
 Concurrent Workers: 4
 Concurrent Refinement Workers: 15
 Periodic GC: Disabled

Heap:
 garbage-first heap   total 258048K, used 71353K [0x0000000704c00000, 0x0000000800000000)
  region size 2048K, 2 young (4096K), 2 survivors (4096K)
 Metaspace       used 68894K, committed 69440K, reserved 1114112K
  class space    used 9903K, committed 10176K, reserved 1048576K

Heap Regions: E=young(eden), S=young(survivor), O=old, HS=humongous(starts), HC=humongous(continues), CS=collection set, F=free, OA=open archive, CA=closed archive, TAMS=top-at-mark-start (previous, next)
|   0|0x0000000704c00000, 0x0000000704e00000, 0x0000000704e00000|100%| O|  |TAMS 0x0000000704e00000, 0x0000000704e00000| Untracked 
|   1|0x0000000704e00000, 0x0000000705000000, 0x0000000705000000|100%| O|  |TAMS 0x0000000705000000, 0x0000000705000000| Untracked 
|   2|0x0000000705000000, 0x0000000705200000, 0x0000000705200000|100%| O|  |TAMS 0x0000000705200000, 0x0000000705200000| Untracked 
|   3|0x0000000705200000, 0x0000000705400000, 0x0000000705400000|100%| O|  |TAMS 0x0000000705400000, 0x0000000705400000| Untracked 
|   4|0x0000000705400000, 0x0000000705600000, 0x0000000705600000|100%| O|  |TAMS 0x0000000705600000, 0x0000000705600000| Untracked 
|   5|0x0000000705600000, 0x0000000705800000, 0x0000000705800000|100%| O|  |TAMS 0x0000000705800000, 0x0000000705800000| Untracked 
|   6|0x0000000705800000, 0x0000000705a00000, 0x0000000705a00000|100%| O|  |TAMS 0x0000000705a00000, 0x0000000705a00000| Untracked 
|   7|0x0000000705a00000, 0x0000000705c00000, 0x0000000705c00000|100%| O|  |TAMS 0x0000000705c00000, 0x0000000705c00000| Untracked 
|   8|0x0000000705c00000, 0x0000000705e00000, 0x0000000705e00000|100%| O|  |TAMS 0x0000000705e00000, 0x0000000705e00000| Untracked 
|   9|0x0000000705e00000, 0x0000000706000000, 0x0000000706000000|100%| O|  |TAMS 0x0000000706000000, 0x0000000706000000| Untracked 
|  10|0x0000000706000000, 0x0000000706200000, 0x0000000706200000|100%| O|  |TAMS 0x0000000706200000, 0x0000000706200000| Untracked 
|  11|0x0000000706200000, 0x0000000706400000, 0x0000000706400000|100%| O|  |TAMS 0x0000000706400000, 0x0000000706400000| Untracked 
|  12|0x0000000706400000, 0x00000007065b1400, 0x0000000706600000| 84%| O|  |TAMS 0x00000007065b1400, 0x00000007065b1400| Untracked 
|  13|0x0000000706600000, 0x0000000706800000, 0x0000000706800000|100%| O|  |TAMS 0x0000000706800000, 0x0000000706800000| Untracked 
|  14|0x0000000706800000, 0x0000000706a00000, 0x0000000706a00000|100%| O|  |TAMS 0x0000000706800000, 0x0000000706800000| Untracked 
|  15|0x0000000706a00000, 0x0000000706c00000, 0x0000000706c00000|100%| O|  |TAMS 0x0000000706c00000, 0x0000000706c00000| Untracked 
|  16|0x0000000706c00000, 0x0000000706e00000, 0x0000000706e00000|100%| O|  |TAMS 0x0000000706e00000, 0x0000000706e00000| Untracked 
|  17|0x0000000706e00000, 0x0000000707000000, 0x0000000707000000|100%| O|  |TAMS 0x0000000707000000, 0x0000000707000000| Untracked 
|  18|0x0000000707000000, 0x0000000707200000, 0x0000000707200000|100%| O|  |TAMS 0x0000000707200000, 0x0000000707200000| Untracked 
|  19|0x0000000707200000, 0x0000000707400000, 0x0000000707400000|100%| O|  |TAMS 0x0000000707400000, 0x0000000707400000| Untracked 
|  20|0x0000000707400000, 0x0000000707600000, 0x0000000707600000|100%| O|  |TAMS 0x0000000707600000, 0x0000000707600000| Untracked 
|  21|0x0000000707600000, 0x00000007077fd200, 0x0000000707800000| 99%| O|  |TAMS 0x0000000707600000, 0x0000000707600000| Untracked 
|  22|0x0000000707800000, 0x0000000707800000, 0x0000000707a00000|  0%| F|  |TAMS 0x0000000707800000, 0x0000000707800000| Untracked 
|  23|0x0000000707a00000, 0x0000000707c00000, 0x0000000707c00000|100%| O|  |TAMS 0x0000000707c00000, 0x0000000707c00000| Untracked 
|  24|0x0000000707c00000, 0x0000000707e00000, 0x0000000707e00000|100%| O|  |TAMS 0x0000000707cd1600, 0x0000000707e00000| Untracked 
|  25|0x0000000707e00000, 0x0000000708000000, 0x0000000708000000|100%| O|  |TAMS 0x0000000707e00000, 0x0000000708000000| Untracked 
|  26|0x0000000708000000, 0x0000000708200000, 0x0000000708200000|100%| O|  |TAMS 0x0000000708000000, 0x0000000708200000| Untracked 
|  27|0x0000000708200000, 0x0000000708400000, 0x0000000708400000|100%| O|  |TAMS 0x0000000708200000, 0x0000000708400000| Untracked 
|  28|0x0000000708400000, 0x0000000708600000, 0x0000000708600000|100%| O|  |TAMS 0x0000000708400000, 0x0000000708600000| Untracked 
|  29|0x0000000708600000, 0x0000000708800000, 0x0000000708800000|100%| O|  |TAMS 0x0000000708600000, 0x0000000708800000| Untracked 
|  30|0x0000000708800000, 0x0000000708a00000, 0x0000000708a00000|100%| O|  |TAMS 0x0000000708800000, 0x0000000708a00000| Untracked 
|  31|0x0000000708a00000, 0x0000000708c00000, 0x0000000708c00000|100%| O|  |TAMS 0x0000000708a00000, 0x0000000708c00000| Untracked 
|  32|0x0000000708c00000, 0x0000000708e00000, 0x0000000708e00000|100%| O|  |TAMS 0x0000000708c00000, 0x0000000708e00000| Untracked 
|  33|0x0000000708e00000, 0x0000000709000000, 0x0000000709000000|100%| O|  |TAMS 0x0000000708e00000, 0x0000000709000000| Untracked 
|  34|0x0000000709000000, 0x0000000709000000, 0x0000000709200000|  0%| F|  |TAMS 0x0000000709000000, 0x0000000709000000| Untracked 
|  35|0x0000000709200000, 0x0000000709200000, 0x0000000709400000|  0%| F|  |TAMS 0x0000000709200000, 0x0000000709200000| Untracked 
|  36|0x0000000709400000, 0x0000000709400000, 0x0000000709600000|  0%| F|  |TAMS 0x0000000709400000, 0x0000000709400000| Untracked 
|  37|0x0000000709600000, 0x0000000709600000, 0x0000000709800000|  0%| F|  |TAMS 0x0000000709600000, 0x0000000709600000| Untracked 
|  38|0x0000000709800000, 0x0000000709800000, 0x0000000709a00000|  0%| F|  |TAMS 0x0000000709800000, 0x0000000709800000| Untracked 
|  39|0x0000000709a00000, 0x0000000709a00000, 0x0000000709c00000|  0%| F|  |TAMS 0x0000000709a00000, 0x0000000709a00000| Untracked 
|  40|0x0000000709c00000, 0x0000000709c00000, 0x0000000709e00000|  0%| F|  |TAMS 0x0000000709c00000, 0x0000000709c00000| Untracked 
|  41|0x0000000709e00000, 0x0000000709e00000, 0x000000070a000000|  0%| F|  |TAMS 0x0000000709e00000, 0x0000000709e00000| Untracked 
|  42|0x000000070a000000, 0x000000070a000000, 0x000000070a200000|  0%| F|  |TAMS 0x000000070a000000, 0x000000070a000000| Untracked 
|  43|0x000000070a200000, 0x000000070a200000, 0x000000070a400000|  0%| F|  |TAMS 0x000000070a200000, 0x000000070a200000| Untracked 
|  44|0x000000070a400000, 0x000000070a400000, 0x000000070a600000|  0%| F|  |TAMS 0x000000070a400000, 0x000000070a400000| Untracked 
|  45|0x000000070a600000, 0x000000070a600000, 0x000000070a800000|  0%| F|  |TAMS 0x000000070a600000, 0x000000070a600000| Untracked 
|  46|0x000000070a800000, 0x000000070a800000, 0x000000070aa00000|  0%| F|  |TAMS 0x000000070a800000, 0x000000070a800000| Untracked 
|  47|0x000000070aa00000, 0x000000070ac00000, 0x000000070ac00000|100%| S|CS|TAMS 0x000000070aa00000, 0x000000070aa00000| Complete 
|  48|0x000000070ac00000, 0x000000070ae00000, 0x000000070ae00000|100%| S|CS|TAMS 0x000000070ac00000, 0x000000070ac00000| Complete 
|  49|0x000000070ae00000, 0x000000070ae00000, 0x000000070b000000|  0%| F|  |TAMS 0x000000070ae00000, 0x000000070ae00000| Untracked 
|  50|0x000000070b000000, 0x000000070b000000, 0x000000070b200000|  0%| F|  |TAMS 0x000000070b000000, 0x000000070b000000| Untracked 
|  51|0x000000070b200000, 0x000000070b200000, 0x000000070b400000|  0%| F|  |TAMS 0x000000070b200000, 0x000000070b200000| Untracked 
|  52|0x000000070b400000, 0x000000070b400000, 0x000000070b600000|  0%| F|  |TAMS 0x000000070b400000, 0x000000070b400000| Untracked 
|  53|0x000000070b600000, 0x000000070b600000, 0x000000070b800000|  0%| F|  |TAMS 0x000000070b600000, 0x000000070b600000| Untracked 
|  54|0x000000070b800000, 0x000000070b800000, 0x000000070ba00000|  0%| F|  |TAMS 0x000000070b800000, 0x000000070b800000| Untracked 
|  55|0x000000070ba00000, 0x000000070ba00000, 0x000000070bc00000|  0%| F|  |TAMS 0x000000070ba00000, 0x000000070ba00000| Untracked 
|  56|0x000000070bc00000, 0x000000070bc00000, 0x000000070be00000|  0%| F|  |TAMS 0x000000070bc00000, 0x000000070bc00000| Untracked 
|  57|0x000000070be00000, 0x000000070be00000, 0x000000070c000000|  0%| F|  |TAMS 0x000000070be00000, 0x000000070be00000| Untracked 
|  58|0x000000070c000000, 0x000000070c000000, 0x000000070c200000|  0%| F|  |TAMS 0x000000070c000000, 0x000000070c000000| Untracked 
|  59|0x000000070c200000, 0x000000070c200000, 0x000000070c400000|  0%| F|  |TAMS 0x000000070c200000, 0x000000070c200000| Untracked 
|  60|0x000000070c400000, 0x000000070c400000, 0x000000070c600000|  0%| F|  |TAMS 0x000000070c400000, 0x000000070c400000| Untracked 
|  61|0x000000070c600000, 0x000000070c600000, 0x000000070c800000|  0%| F|  |TAMS 0x000000070c600000, 0x000000070c600000| Untracked 
|  62|0x000000070c800000, 0x000000070c800000, 0x000000070ca00000|  0%| F|  |TAMS 0x000000070c800000, 0x000000070c800000| Untracked 
|  63|0x000000070ca00000, 0x000000070ca00000, 0x000000070cc00000|  0%| F|  |TAMS 0x000000070ca00000, 0x000000070ca00000| Untracked 
|  64|0x000000070cc00000, 0x000000070cc00000, 0x000000070ce00000|  0%| F|  |TAMS 0x000000070cc00000, 0x000000070cc00000| Untracked 
|  65|0x000000070ce00000, 0x000000070ce00000, 0x000000070d000000|  0%| F|  |TAMS 0x000000070ce00000, 0x000000070ce00000| Untracked 
|  66|0x000000070d000000, 0x000000070d000000, 0x000000070d200000|  0%| F|  |TAMS 0x000000070d000000, 0x000000070d000000| Untracked 
|  67|0x000000070d200000, 0x000000070d200000, 0x000000070d400000|  0%| F|  |TAMS 0x000000070d200000, 0x000000070d200000| Untracked 
|  68|0x000000070d400000, 0x000000070d400000, 0x000000070d600000|  0%| F|  |TAMS 0x000000070d400000, 0x000000070d400000| Untracked 
|  69|0x000000070d600000, 0x000000070d600000, 0x000000070d800000|  0%| F|  |TAMS 0x000000070d600000, 0x000000070d600000| Untracked 
|  70|0x000000070d800000, 0x000000070d800000, 0x000000070da00000|  0%| F|  |TAMS 0x000000070d800000, 0x000000070d800000| Untracked 
|  71|0x000000070da00000, 0x000000070da00000, 0x000000070dc00000|  0%| F|  |TAMS 0x000000070da00000, 0x000000070da00000| Untracked 
|  72|0x000000070dc00000, 0x000000070dc00000, 0x000000070de00000|  0%| F|  |TAMS 0x000000070dc00000, 0x000000070dc00000| Untracked 
|  73|0x000000070de00000, 0x000000070de00000, 0x000000070e000000|  0%| F|  |TAMS 0x000000070de00000, 0x000000070de00000| Untracked 
|  74|0x000000070e000000, 0x000000070e000000, 0x000000070e200000|  0%| F|  |TAMS 0x000000070e000000, 0x000000070e000000| Untracked 
|  75|0x000000070e200000, 0x000000070e200000, 0x000000070e400000|  0%| F|  |TAMS 0x000000070e200000, 0x000000070e200000| Untracked 
|  76|0x000000070e400000, 0x000000070e400000, 0x000000070e600000|  0%| F|  |TAMS 0x000000070e400000, 0x000000070e400000| Untracked 
|  77|0x000000070e600000, 0x000000070e600000, 0x000000070e800000|  0%| F|  |TAMS 0x000000070e600000, 0x000000070e600000| Untracked 
|  78|0x000000070e800000, 0x000000070e800000, 0x000000070ea00000|  0%| F|  |TAMS 0x000000070e800000, 0x000000070e800000| Untracked 
|  79|0x000000070ea00000, 0x000000070ea00000, 0x000000070ec00000|  0%| F|  |TAMS 0x000000070ea00000, 0x000000070ea00000| Untracked 
|  80|0x000000070ec00000, 0x000000070ec00000, 0x000000070ee00000|  0%| F|  |TAMS 0x000000070ec00000, 0x000000070ec00000| Untracked 
|  81|0x000000070ee00000, 0x000000070ee00000, 0x000000070f000000|  0%| F|  |TAMS 0x000000070ee00000, 0x000000070ee00000| Untracked 
|  82|0x000000070f000000, 0x000000070f000000, 0x000000070f200000|  0%| F|  |TAMS 0x000000070f000000, 0x000000070f000000| Untracked 
|  83|0x000000070f200000, 0x000000070f200000, 0x000000070f400000|  0%| F|  |TAMS 0x000000070f200000, 0x000000070f200000| Untracked 
|  84|0x000000070f400000, 0x000000070f400000, 0x000000070f600000|  0%| F|  |TAMS 0x000000070f400000, 0x000000070f400000| Untracked 
|  85|0x000000070f600000, 0x000000070f600000, 0x000000070f800000|  0%| F|  |TAMS 0x000000070f600000, 0x000000070f600000| Untracked 
|  86|0x000000070f800000, 0x000000070f800000, 0x000000070fa00000|  0%| F|  |TAMS 0x000000070f800000, 0x000000070f800000| Untracked 
|  87|0x000000070fa00000, 0x000000070fa00000, 0x000000070fc00000|  0%| F|  |TAMS 0x000000070fa00000, 0x000000070fa00000| Untracked 
|  88|0x000000070fc00000, 0x000000070fc00000, 0x000000070fe00000|  0%| F|  |TAMS 0x000000070fc00000, 0x000000070fc00000| Untracked 
|  89|0x000000070fe00000, 0x000000070fe00000, 0x0000000710000000|  0%| F|  |TAMS 0x000000070fe00000, 0x000000070fe00000| Untracked 
|  90|0x0000000710000000, 0x0000000710000000, 0x0000000710200000|  0%| F|  |TAMS 0x0000000710000000, 0x0000000710000000| Untracked 
|  91|0x0000000710200000, 0x0000000710200000, 0x0000000710400000|  0%| F|  |TAMS 0x0000000710200000, 0x0000000710200000| Untracked 
|  92|0x0000000710400000, 0x0000000710400000, 0x0000000710600000|  0%| F|  |TAMS 0x0000000710400000, 0x0000000710400000| Untracked 
|  93|0x0000000710600000, 0x0000000710600000, 0x0000000710800000|  0%| F|  |TAMS 0x0000000710600000, 0x0000000710600000| Untracked 
|  94|0x0000000710800000, 0x0000000710800000, 0x0000000710a00000|  0%| F|  |TAMS 0x0000000710800000, 0x0000000710800000| Untracked 
|  95|0x0000000710a00000, 0x0000000710a00000, 0x0000000710c00000|  0%| F|  |TAMS 0x0000000710a00000, 0x0000000710a00000| Untracked 
|  96|0x0000000710c00000, 0x0000000710c00000, 0x0000000710e00000|  0%| F|  |TAMS 0x0000000710c00000, 0x0000000710c00000| Untracked 
|  97|0x0000000710e00000, 0x0000000710e00000, 0x0000000711000000|  0%| F|  |TAMS 0x0000000710e00000, 0x0000000710e00000| Untracked 
|  98|0x0000000711000000, 0x0000000711000000, 0x0000000711200000|  0%| F|  |TAMS 0x0000000711000000, 0x0000000711000000| Untracked 
|  99|0x0000000711200000, 0x0000000711200000, 0x0000000711400000|  0%| F|  |TAMS 0x0000000711200000, 0x0000000711200000| Untracked 
| 100|0x0000000711400000, 0x0000000711400000, 0x0000000711600000|  0%| F|  |TAMS 0x0000000711400000, 0x0000000711400000| Untracked 
| 101|0x0000000711600000, 0x0000000711600000, 0x0000000711800000|  0%| F|  |TAMS 0x0000000711600000, 0x0000000711600000| Untracked 
| 102|0x0000000711800000, 0x0000000711800000, 0x0000000711a00000|  0%| F|  |TAMS 0x0000000711800000, 0x0000000711800000| Untracked 
| 103|0x0000000711a00000, 0x0000000711a00000, 0x0000000711c00000|  0%| F|  |TAMS 0x0000000711a00000, 0x0000000711a00000| Untracked 
| 104|0x0000000711c00000, 0x0000000711c00000, 0x0000000711e00000|  0%| F|  |TAMS 0x0000000711c00000, 0x0000000711c00000| Untracked 
| 105|0x0000000711e00000, 0x0000000711e00000, 0x0000000712000000|  0%| F|  |TAMS 0x0000000711e00000, 0x0000000711e00000| Untracked 
| 106|0x0000000712000000, 0x0000000712000000, 0x0000000712200000|  0%| F|  |TAMS 0x0000000712000000, 0x0000000712000000| Untracked 
| 107|0x0000000712200000, 0x0000000712200000, 0x0000000712400000|  0%| F|  |TAMS 0x0000000712200000, 0x0000000712200000| Untracked 
| 108|0x0000000712400000, 0x0000000712400000, 0x0000000712600000|  0%| F|  |TAMS 0x0000000712400000, 0x0000000712400000| Untracked 
| 109|0x0000000712600000, 0x0000000712600000, 0x0000000712800000|  0%| F|  |TAMS 0x0000000712600000, 0x0000000712600000| Untracked 
| 110|0x0000000712800000, 0x0000000712800000, 0x0000000712a00000|  0%| F|  |TAMS 0x0000000712800000, 0x0000000712800000| Untracked 
| 111|0x0000000712a00000, 0x0000000712a00000, 0x0000000712c00000|  0%| F|  |TAMS 0x0000000712a00000, 0x0000000712a00000| Untracked 
| 112|0x0000000712c00000, 0x0000000712c00000, 0x0000000712e00000|  0%| F|  |TAMS 0x0000000712c00000, 0x0000000712c00000| Untracked 
| 113|0x0000000712e00000, 0x0000000712e00000, 0x0000000713000000|  0%| F|  |TAMS 0x0000000712e00000, 0x0000000712e00000| Untracked 
| 114|0x0000000713000000, 0x0000000713000000, 0x0000000713200000|  0%| F|  |TAMS 0x0000000713000000, 0x0000000713000000| Untracked 
| 115|0x0000000713200000, 0x0000000713200000, 0x0000000713400000|  0%| F|  |TAMS 0x0000000713200000, 0x0000000713200000| Untracked 
| 116|0x0000000713400000, 0x0000000713400000, 0x0000000713600000|  0%| F|  |TAMS 0x0000000713400000, 0x0000000713400000| Untracked 
| 117|0x0000000713600000, 0x0000000713600000, 0x0000000713800000|  0%| F|  |TAMS 0x0000000713600000, 0x0000000713600000| Untracked 
| 118|0x0000000713800000, 0x0000000713800000, 0x0000000713a00000|  0%| F|  |TAMS 0x0000000713800000, 0x0000000713800000| Untracked 
| 119|0x0000000713a00000, 0x0000000713a00000, 0x0000000713c00000|  0%| F|  |TAMS 0x0000000713a00000, 0x0000000713a00000| Untracked 
| 120|0x0000000713c00000, 0x0000000713c00000, 0x0000000713e00000|  0%| F|  |TAMS 0x0000000713c00000, 0x0000000713c00000| Untracked 
| 121|0x0000000713e00000, 0x0000000713e00000, 0x0000000714000000|  0%| F|  |TAMS 0x0000000713e00000, 0x0000000713e00000| Untracked 
| 122|0x0000000714000000, 0x0000000714000000, 0x0000000714200000|  0%| F|  |TAMS 0x0000000714000000, 0x0000000714000000| Untracked 
| 123|0x0000000714200000, 0x0000000714200000, 0x0000000714400000|  0%| F|  |TAMS 0x0000000714200000, 0x0000000714200000| Untracked 
| 124|0x0000000714400000, 0x0000000714400000, 0x0000000714600000|  0%| F|  |TAMS 0x0000000714400000, 0x0000000714400000| Untracked 
| 125|0x0000000714600000, 0x0000000714600000, 0x0000000714800000|  0%| F|  |TAMS 0x0000000714600000, 0x0000000714600000| Untracked 

Card table byte_map: [0x000001d92cbb0000,0x000001d92d390000] _byte_map_base: 0x000001d92938a000

Marking Bits (Prev, Next): (CMBitMap*) 0x000001d921326920, (CMBitMap*) 0x000001d921326960
 Prev Bits: [0x000001d92db70000, 0x000001d931a40000)
 Next Bits: [0x000001d931a40000, 0x000001d935910000)

Polling page: 0x000001d920a70000

Metaspace:

Usage:
  Non-class:     57.61 MB used.
      Class:      9.67 MB used.
       Both:     67.28 MB used.

Virtual space:
  Non-class space:       64.00 MB reserved,      57.88 MB ( 90%) committed,  1 nodes.
      Class space:        1.00 GB reserved,       9.94 MB ( <1%) committed,  1 nodes.
             Both:        1.06 GB reserved,      67.81 MB (  6%) committed. 

Chunk freelists:
   Non-Class:  5.44 MB
       Class:  6.11 MB
        Both:  11.55 MB

MaxMetaspaceSize: unlimited
CompressedClassSpaceSize: 1.00 GB
Initial GC threshold: 21.00 MB
Current GC threshold: 113.06 MB
CDS: on
MetaspaceReclaimPolicy: balanced
 - commit_granule_bytes: 65536.
 - commit_granule_words: 8192.
 - virtual_space_node_default_size: 8388608.
 - enlarge_chunks_in_place: 1.
 - new_chunks_are_fully_committed: 0.
 - uncommit_free_chunks: 1.
 - use_allocation_guard: 0.
 - handle_deallocations: 1.


Internal statistics:

num_allocs_failed_limit: 11.
num_arena_births: 774.
num_arena_deaths: 0.
num_vsnodes_births: 2.
num_vsnodes_deaths: 0.
num_space_committed: 1085.
num_space_uncommitted: 0.
num_chunks_returned_to_freelist: 11.
num_chunks_taken_from_freelist: 3162.
num_chunk_merges: 11.
num_chunk_splits: 2335.
num_chunks_enlarged: 1837.
num_inconsistent_stats: 0.

CodeCache: size=49152Kb used=14037Kb max_used=14037Kb free=35114Kb
 bounds [0x000001d928b50000, 0x000001d929910000, 0x000001d92bb50000]
 total_blobs=6644 nmethods=5968 adapters=598
 compilation: enabled
              stopped_count=0, restarted_count=0
 full_count=0

Compilation events (20 events):
Event: 4.506 Thread 0x000001d938e02160 5960       1       java.nio.DirectByteBuffer$Deallocator::<init> (41 bytes)
Event: 4.506 Thread 0x000001d938e02160 nmethod 5960 0x000001d929900990 code [0x000001d929900b20, 0x000001d929900bf8]
Event: 4.506 Thread 0x000001d938e135c0 nmethod 5959 0x000001d929900c90 code [0x000001d929900e40, 0x000001d9299010f8]
Event: 4.506 Thread 0x000001d938e126b0 nmethod 5957 0x000001d929901210 code [0x000001d9299013c0, 0x000001d929901568]
Event: 4.506 Thread 0x000001d938e12190 5961       1       java.nio.Bits::pageSize (20 bytes)
Event: 4.506 Thread 0x000001d938792200 5962   !   1       java.nio.Bits::reserveMemory (232 bytes)
Event: 4.506 Thread 0x000001d938e12190 nmethod 5961 0x000001d929901690 code [0x000001d929901820, 0x000001d9299018f8]
Event: 4.507 Thread 0x000001d938e135c0 5963       1       jdk.internal.ref.Cleaner::create (19 bytes)
Event: 4.507 Thread 0x000001d97f1b7630 5964       1       jdk.internal.ref.Cleaner::<init> (24 bytes)
Event: 4.507 Thread 0x000001d97f1b7630 nmethod 5964 0x000001d929901990 code [0x000001d929901b20, 0x000001d929901d98]
Event: 4.507 Thread 0x000001d97f1b7630 5965       1       java.nio.Bits::tryReserveMemory (52 bytes)
Event: 4.507 Thread 0x000001d938e135c0 nmethod 5963 0x000001d929901e10 code [0x000001d929901fe0, 0x000001d929902538]
Event: 4.507 Thread 0x000001d97f1b7630 nmethod 5965 0x000001d929902690 code [0x000001d929902820, 0x000001d9299029d8]
Event: 4.507 Thread 0x000001d97f1b7630 5966   !   1       java.nio.DirectByteBuffer::<init> (148 bytes)
Event: 4.507 Thread 0x000001d938e135c0 5967       1       jdk.internal.misc.VM::isDirectMemoryPageAligned (4 bytes)
Event: 4.507 Thread 0x000001d938e135c0 nmethod 5967 0x000001d929902a90 code [0x000001d929902c20, 0x000001d929902cd8]
Event: 4.507 Thread 0x000001d938e126b0 5968       1       java.util.concurrent.ThreadLocalRandom::getProbe (13 bytes)
Event: 4.507 Thread 0x000001d938792200 nmethod 5962 0x000001d929902d90 code [0x000001d929903080, 0x000001d929903b88]
Event: 4.507 Thread 0x000001d938e126b0 nmethod 5968 0x000001d929904490 code [0x000001d929904620, 0x000001d9299046d8]
Event: 4.507 Thread 0x000001d97f1b7630 nmethod 5966 0x000001d929904790 code [0x000001d9299049e0, 0x000001d929905308]

GC Heap History (20 events):
Event: 3.633 GC heap after
{Heap after GC invocations=10 (full 0):
 garbage-first heap   total 90112K, used 26381K [0x0000000704c00000, 0x0000000800000000)
  region size 2048K, 2 young (4096K), 2 survivors (4096K)
 Metaspace       used 49507K, committed 50048K, reserved 1114112K
  class space    used 6961K, committed 7232K, reserved 1048576K
}
Event: 3.944 GC heap before
{Heap before GC invocations=10 (full 0):
 garbage-first heap   total 90112K, used 65293K [0x0000000704c00000, 0x0000000800000000)
  region size 2048K, 21 young (43008K), 2 survivors (4096K)
 Metaspace       used 59357K, committed 59840K, reserved 1114112K
  class space    used 8535K, committed 8768K, reserved 1048576K
}
Event: 3.946 GC heap after
{Heap after GC invocations=11 (full 0):
 garbage-first heap   total 90112K, used 28452K [0x0000000704c00000, 0x0000000800000000)
  region size 2048K, 2 young (4096K), 2 survivors (4096K)
 Metaspace       used 59357K, committed 59840K, reserved 1114112K
  class space    used 8535K, committed 8768K, reserved 1048576K
}
Event: 3.959 GC heap before
{Heap before GC invocations=11 (full 0):
 garbage-first heap   total 90112K, used 28452K [0x0000000704c00000, 0x0000000800000000)
  region size 2048K, 3 young (6144K), 2 survivors (4096K)
 Metaspace       used 59805K, committed 60288K, reserved 1114112K
  class space    used 8592K, committed 8832K, reserved 1048576K
}
Event: 3.960 GC heap after
{Heap after GC invocations=12 (full 0):
 garbage-first heap   total 90112K, used 28341K [0x0000000704c00000, 0x0000000800000000)
  region size 2048K, 1 young (2048K), 1 survivors (2048K)
 Metaspace       used 59805K, committed 60288K, reserved 1114112K
  class space    used 8592K, committed 8832K, reserved 1048576K
}
Event: 4.225 GC heap before
{Heap before GC invocations=13 (full 0):
 garbage-first heap   total 90112K, used 69301K [0x0000000704c00000, 0x0000000800000000)
  region size 2048K, 21 young (43008K), 1 survivors (2048K)
 Metaspace       used 66041K, committed 66560K, reserved 1114112K
  class space    used 9527K, committed 9792K, reserved 1048576K
}
Event: 4.227 GC heap after
{Heap after GC invocations=14 (full 0):
 garbage-first heap   total 90112K, used 31327K [0x0000000704c00000, 0x0000000800000000)
  region size 2048K, 3 young (6144K), 3 survivors (6144K)
 Metaspace       used 66041K, committed 66560K, reserved 1114112K
  class space    used 9527K, committed 9792K, reserved 1048576K
}
Event: 4.396 GC heap before
{Heap before GC invocations=14 (full 0):
 garbage-first heap   total 90112K, used 66143K [0x0000000704c00000, 0x0000000800000000)
  region size 2048K, 21 young (43008K), 3 survivors (6144K)
 Metaspace       used 68801K, committed 69312K, reserved 1114112K
  class space    used 9889K, committed 10112K, reserved 1048576K
}
Event: 4.400 GC heap after
{Heap after GC invocations=15 (full 0):
 garbage-first heap   total 90112K, used 37692K [0x0000000704c00000, 0x0000000800000000)
  region size 2048K, 3 young (6144K), 3 survivors (6144K)
 Metaspace       used 68801K, committed 69312K, reserved 1114112K
  class space    used 9889K, committed 10112K, reserved 1048576K
}
Event: 4.412 GC heap before
{Heap before GC invocations=15 (full 0):
 garbage-first heap   total 90112K, used 64316K [0x0000000704c00000, 0x0000000800000000)
  region size 2048K, 17 young (34816K), 3 survivors (6144K)
 Metaspace       used 68801K, committed 69312K, reserved 1114112K
  class space    used 9889K, committed 10112K, reserved 1048576K
}
Event: 4.415 GC heap after
{Heap after GC invocations=16 (full 0):
 garbage-first heap   total 108544K, used 44221K [0x0000000704c00000, 0x0000000800000000)
  region size 2048K, 3 young (6144K), 3 survivors (6144K)
 Metaspace       used 68801K, committed 69312K, reserved 1114112K
  class space    used 9889K, committed 10112K, reserved 1048576K
}
Event: 4.459 GC heap before
{Heap before GC invocations=16 (full 0):
 garbage-first heap   total 108544K, used 76989K [0x0000000704c00000, 0x0000000800000000)
  region size 2048K, 20 young (40960K), 3 survivors (6144K)
 Metaspace       used 68894K, committed 69440K, reserved 1114112K
  class space    used 9903K, committed 10176K, reserved 1048576K
}
Event: 4.462 GC heap after
{Heap after GC invocations=17 (full 0):
 garbage-first heap   total 108544K, used 55818K [0x0000000704c00000, 0x0000000800000000)
  region size 2048K, 3 young (6144K), 3 survivors (6144K)
 Metaspace       used 68894K, committed 69440K, reserved 1114112K
  class space    used 9903K, committed 10176K, reserved 1048576K
}
Event: 4.470 GC heap before
{Heap before GC invocations=17 (full 0):
 garbage-first heap   total 108544K, used 76298K [0x0000000704c00000, 0x0000000800000000)
  region size 2048K, 14 young (28672K), 3 survivors (6144K)
 Metaspace       used 68894K, committed 69440K, reserved 1114112K
  class space    used 9903K, committed 10176K, reserved 1048576K
}
Event: 4.472 GC heap after
{Heap after GC invocations=18 (full 0):
 garbage-first heap   total 108544K, used 60607K [0x0000000704c00000, 0x0000000800000000)
  region size 2048K, 2 young (4096K), 2 survivors (4096K)
 Metaspace       used 68894K, committed 69440K, reserved 1114112K
  class space    used 9903K, committed 10176K, reserved 1048576K
}
Event: 4.498 GC heap before
{Heap before GC invocations=19 (full 0):
 garbage-first heap   total 133120K, used 79039K [0x0000000704c00000, 0x0000000800000000)
  region size 2048K, 12 young (24576K), 2 survivors (4096K)
 Metaspace       used 68894K, committed 69440K, reserved 1114112K
  class space    used 9903K, committed 10176K, reserved 1048576K
}
Event: 4.501 GC heap after
{Heap after GC invocations=20 (full 0):
 garbage-first heap   total 133120K, used 67723K [0x0000000704c00000, 0x0000000800000000)
  region size 2048K, 2 young (4096K), 2 survivors (4096K)
 Metaspace       used 68894K, committed 69440K, reserved 1114112K
  class space    used 9903K, committed 10176K, reserved 1048576K
}
Event: 4.502 GC heap before
{Heap before GC invocations=20 (full 0):
 garbage-first heap   total 133120K, used 69771K [0x0000000704c00000, 0x0000000800000000)
  region size 2048K, 3 young (6144K), 2 survivors (4096K)
 Metaspace       used 68894K, committed 69440K, reserved 1114112K
  class space    used 9903K, committed 10176K, reserved 1048576K
}
Event: 4.504 GC heap after
{Heap after GC invocations=21 (full 0):
 garbage-first heap   total 133120K, used 65140K [0x0000000704c00000, 0x0000000800000000)
  region size 2048K, 1 young (2048K), 1 survivors (2048K)
 Metaspace       used 68894K, committed 69440K, reserved 1114112K
  class space    used 9903K, committed 10176K, reserved 1048576K
}
Event: 4.514 GC heap before
{Heap before GC invocations=21 (full 0):
 garbage-first heap   total 133120K, used 93812K [0x0000000704c00000, 0x0000000800000000)
  region size 2048K, 16 young (32768K), 1 survivors (2048K)
 Metaspace       used 68894K, committed 69440K, reserved 1114112K
  class space    used 9903K, committed 10176K, reserved 1048576K
}

Deoptimization events (4 events):
Event: 4.100 Thread 0x000001d9212b8b70 DEOPT PACKING pc=0x000001d929268154 sp=0x00000008300fc940
Event: 4.100 Thread 0x000001d9212b8b70 DEOPT UNPACKING pc=0x000001d928ba2b43 sp=0x00000008300fbe98 mode 0
Event: 4.172 Thread 0x000001d9212b8b70 DEOPT PACKING pc=0x000001d92934a8e2 sp=0x00000008300fe150
Event: 4.172 Thread 0x000001d9212b8b70 DEOPT UNPACKING pc=0x000001d928ba2b43 sp=0x00000008300fd658 mode 3

Classes unloaded (0 events):
No events

Classes redefined (0 events):
No events

Internal exceptions (20 events):
Event: 4.497 Thread 0x000001d900f3aa40 Exception <a 'sun/nio/fs/WindowsException'{0x000000070cb68b80}> (0x000000070cb68b80) 
thrown [s\open\src\hotspot\share\prims\jni.cpp, line 516]
Event: 4.497 Thread 0x000001d900f3aa40 Exception <a 'sun/nio/fs/WindowsException'{0x000000070cb68df0}> (0x000000070cb68df0) 
thrown [s\open\src\hotspot\share\prims\jni.cpp, line 516]
Event: 4.497 Thread 0x000001d900f3aa40 Exception <a 'sun/nio/fs/WindowsException'{0x000000070cb696d0}> (0x000000070cb696d0) 
thrown [s\open\src\hotspot\share\prims\jni.cpp, line 516]
Event: 4.497 Thread 0x000001d900f3aa40 Exception <a 'sun/nio/fs/WindowsException'{0x000000070cb8d118}> (0x000000070cb8d118) 
thrown [s\open\src\hotspot\share\prims\jni.cpp, line 516]
Event: 4.497 Thread 0x000001d900f3aa40 Exception <a 'sun/nio/fs/WindowsException'{0x000000070cb8d9d0}> (0x000000070cb8d9d0) 
thrown [s\open\src\hotspot\share\prims\jni.cpp, line 516]
Event: 4.497 Thread 0x000001d900f3aa40 Exception <a 'sun/nio/fs/WindowsException'{0x000000070cb8dc40}> (0x000000070cb8dc40) 
thrown [s\open\src\hotspot\share\prims\jni.cpp, line 516]
Event: 4.497 Thread 0x000001d900f3aa40 Exception <a 'sun/nio/fs/WindowsException'{0x000000070cb8e4c8}> (0x000000070cb8e4c8) 
thrown [s\open\src\hotspot\share\prims\jni.cpp, line 516]
Event: 4.497 Thread 0x000001d900f3aa40 Exception <a 'sun/nio/fs/WindowsException'{0x000000070cb8e708}> (0x000000070cb8e708) 
thrown [s\open\src\hotspot\share\prims\jni.cpp, line 516]
Event: 4.497 Thread 0x000001d900f3aa40 Exception <a 'sun/nio/fs/WindowsException'{0x000000070cb8ef98}> (0x000000070cb8ef98) 
thrown [s\open\src\hotspot\share\prims\jni.cpp, line 516]
Event: 4.497 Thread 0x000001d900f3aa40 Exception <a 'sun/nio/fs/WindowsException'{0x000000070cb8f1f0}> (0x000000070cb8f1f0) 
thrown [s\open\src\hotspot\share\prims\jni.cpp, line 516]
Event: 4.497 Thread 0x000001d900f3aa40 Exception <a 'sun/nio/fs/WindowsException'{0x000000070cb8fa80}> (0x000000070cb8fa80) 
thrown [s\open\src\hotspot\share\prims\jni.cpp, line 516]
Event: 4.497 Thread 0x000001d900f3aa40 Exception <a 'sun/nio/fs/WindowsException'{0x000000070cb8fcc0}> (0x000000070cb8fcc0) 
thrown [s\open\src\hotspot\share\prims\jni.cpp, line 516]
Event: 4.497 Thread 0x000001d900f3aa40 Exception <a 'sun/nio/fs/WindowsException'{0x000000070cb90550}> (0x000000070cb90550) 
thrown [s\open\src\hotspot\share\prims\jni.cpp, line 516]
Event: 4.497 Thread 0x000001d900f3aa40 Exception <a 'sun/nio/fs/WindowsException'{0x000000070cb907a8}> (0x000000070cb907a8) 
thrown [s\open\src\hotspot\share\prims\jni.cpp, line 516]
Event: 4.497 Thread 0x000001d900f3aa40 Exception <a 'sun/nio/fs/WindowsException'{0x000000070cbad650}> (0x000000070cbad650) 
thrown [s\open\src\hotspot\share\prims\jni.cpp, line 516]
Event: 4.497 Thread 0x000001d900f3aa40 Exception <a 'sun/nio/fs/WindowsException'{0x000000070cbad8c0}> (0x000000070cbad8c0) 
thrown [s\open\src\hotspot\share\prims\jni.cpp, line 516]
Event: 4.498 Thread 0x000001d900f3aa40 Exception <a 'sun/nio/fs/WindowsException'{0x000000070cbae190}> (0x000000070cbae190) 
thrown [s\open\src\hotspot\share\prims\jni.cpp, line 516]
Event: 4.498 Thread 0x000001d900f3aa40 Exception <a 'sun/nio/fs/WindowsException'{0x000000070cbae420}> (0x000000070cbae420) 
thrown [s\open\src\hotspot\share\prims\jni.cpp, line 516]
Event: 4.498 Thread 0x000001d900f3aa40 Exception <a 'sun/nio/fs/WindowsException'{0x000000070cbaecd8}> (0x000000070cbaecd8) 
thrown [s\open\src\hotspot\share\prims\jni.cpp, line 516]
Event: 4.498 Thread 0x000001d900f3aa40 Exception <a 'sun/nio/fs/WindowsException'{0x000000070cbaef60}> (0x000000070cbaef60) 
thrown [s\open\src\hotspot\share\prims\jni.cpp, line 516]

VM Operations (20 events):
Event: 4.400 Executing VM operation: G1CollectForAllocation done
Event: 4.412 Executing VM operation: G1CollectForAllocation
Event: 4.415 Executing VM operation: G1CollectForAllocation done
Event: 4.438 Executing VM operation: HandshakeAllThreads
Event: 4.439 Executing VM operation: HandshakeAllThreads done
Event: 4.439 Executing VM operation: HandshakeAllThreads
Event: 4.439 Executing VM operation: HandshakeAllThreads done
Event: 4.459 Executing VM operation: G1CollectForAllocation
Event: 4.462 Executing VM operation: G1CollectForAllocation done
Event: 4.470 Executing VM operation: G1CollectForAllocation
Event: 4.472 Executing VM operation: G1CollectForAllocation done
Event: 4.484 Executing VM operation: G1Concurrent
Event: 4.486 Executing VM operation: G1Concurrent done
Event: 4.491 Executing VM operation: G1Concurrent
Event: 4.491 Executing VM operation: G1Concurrent done
Event: 4.498 Executing VM operation: G1CollectForAllocation
Event: 4.501 Executing VM operation: G1CollectForAllocation done
Event: 4.502 Executing VM operation: G1CollectForAllocation
Event: 4.504 Executing VM operation: G1CollectForAllocation done
Event: 4.514 Executing VM operation: G1CollectForAllocation

Events (20 events):
Event: 4.496 Thread 0x000001d900f3e700 Thread added: 0x000001d900f3e700
Event: 4.496 Thread 0x000001d900f3b970 Thread added: 0x000001d900f3b970
Event: 4.496 Thread 0x000001d900f3dce0 Thread added: 0x000001d900f3dce0
Event: 4.496 Thread 0x000001d900f381c0 Thread added: 0x000001d900f381c0
Event: 4.496 Thread 0x000001d900f3a530 Thread added: 0x000001d900f3a530
Event: 4.496 Thread 0x000001d900f3be80 Thread added: 0x000001d900f3be80
Event: 4.496 Thread 0x000001d900f3ec10 Thread added: 0x000001d900f3ec10
Event: 4.496 Thread 0x000001d900f3c390 Thread added: 0x000001d900f3c390
Event: 4.496 Thread 0x000001d900f3f120 Thread added: 0x000001d900f3f120
Event: 4.497 Thread 0x000001d900f37cb0 Thread added: 0x000001d900f37cb0
Event: 4.497 Thread 0x000001d900f390f0 Thread added: 0x000001d900f390f0
Event: 4.497 Thread 0x000001d900f3c8a0 Thread added: 0x000001d900f3c8a0
Event: 4.497 Thread 0x000001d900f39600 Thread added: 0x000001d900f39600
Event: 4.497 Thread 0x000001d900f3cdb0 Thread added: 0x000001d900f3cdb0
Event: 4.497 Thread 0x000001d900f3d2c0 Thread added: 0x000001d900f3d2c0
Event: 4.497 Thread 0x000001d900f3f630 Thread added: 0x000001d900f3f630
Event: 4.497 Thread 0x000001d9016a9890 Thread added: 0x000001d9016a9890
Event: 4.497 Thread 0x000001d9016a7f40 Thread added: 0x000001d9016a7f40
Event: 4.497 Thread 0x000001d9016a65f0 Thread added: 0x000001d9016a65f0
Event: 4.497 Thread 0x000001d9016a3d70 Thread added: 0x000001d9016a3d70


Dynamic libraries:
0x00007ff6c2cd0000 - 0x00007ff6c2ce0000 	C:\Program Files\Java\jdk-17\bin\java.exe
0x00007ffa43c50000 - 0x00007ffa43e67000 	C:\Windows\SYSTEM32\ntdll.dll
0x00007ffa41f00000 - 0x00007ffa41fc4000 	C:\Windows\System32\KERNEL32.DLL
0x00007ffa41360000 - 0x00007ffa4170d000 	C:\Windows\System32\KERNELBASE.dll
0x00007ffa40f70000 - 0x00007ffa41081000 	C:\Windows\System32\ucrtbase.dll
0x00007ffa25840000 - 0x00007ffa25859000 	C:\Program Files\Java\jdk-17\bin\jli.dll
0x00007ffa0f4d0000 - 0x00007ffa0f4eb000 	C:\Program Files\Java\jdk-17\bin\VCRUNTIME140.dll
0x00007ffa43ab0000 - 0x00007ffa43b62000 	C:\Windows\System32\ADVAPI32.dll
0x00007ffa42150000 - 0x00007ffa421f7000 	C:\Windows\System32\msvcrt.dll
0x00007ffa41ff0000 - 0x00007ffa42099000 	C:\Windows\System32\sechost.dll
0x00007ffa41830000 - 0x00007ffa41858000 	C:\Windows\System32\bcrypt.dll
0x00007ffa41de0000 - 0x00007ffa41ef4000 	C:\Windows\System32\RPCRT4.dll
0x00007ffa428a0000 - 0x00007ffa42a4e000 	C:\Windows\System32\USER32.dll
0x00007ffa41330000 - 0x00007ffa41356000 	C:\Windows\System32\win32u.dll
0x00007ffa1ca20000 - 0x00007ffa1ccb3000 	C:\Windows\WinSxS\amd64_microsoft.windows.common-controls_6595b64144ccf1df_6.0.22621.3672_none_2713b9d173822955\COMCTL32.dll
0x00007ffa42a60000 - 0x00007ffa42a89000 	C:\Windows\System32\GDI32.dll
0x00007ffa41710000 - 0x00007ffa41829000 	C:\Windows\System32\gdi32full.dll
0x00007ffa41860000 - 0x00007ffa418fa000 	C:\Windows\System32\msvcp_win.dll
0x00007ffa3cee0000 - 0x00007ffa3ceea000 	C:\Windows\SYSTEM32\VERSION.dll
0x00007ffa41da0000 - 0x00007ffa41dd1000 	C:\Windows\System32\IMM32.DLL
0x00007ffa27cb0000 - 0x00007ffa27cbc000 	C:\Program Files\Java\jdk-17\bin\vcruntime140_1.dll
0x00007ff9f4fd0000 - 0x00007ff9f505e000 	C:\Program Files\Java\jdk-17\bin\msvcp140.dll
0x00007ff9b30b0000 - 0x00007ff9b3c8f000 	C:\Program Files\Java\jdk-17\bin\server\jvm.dll
0x00007ffa43aa0000 - 0x00007ffa43aa8000 	C:\Windows\System32\PSAPI.DLL
0x00007ffa348b0000 - 0x00007ffa348e4000 	C:\Windows\SYSTEM32\WINMM.dll
0x00007ffa2a510000 - 0x00007ffa2a519000 	C:\Windows\SYSTEM32\WSOCK32.dll
0x00007ffa436f0000 - 0x00007ffa43761000 	C:\Windows\System32\WS2_32.dll
0x00007ffa3ff60000 - 0x00007ffa3ff78000 	C:\Windows\SYSTEM32\kernel.appcore.dll
0x00007ffa0f4c0000 - 0x00007ffa0f4ca000 	C:\Program Files\Java\jdk-17\bin\jimage.dll
0x00007ffa3e770000 - 0x00007ffa3e9a2000 	C:\Windows\SYSTEM32\DBGHELP.DLL
0x00007ffa42a90000 - 0x00007ffa42e1d000 	C:\Windows\System32\combase.dll
0x00007ffa41bc0000 - 0x00007ffa41c97000 	C:\Windows\System32\OLEAUT32.dll
0x00007ffa0a920000 - 0x00007ffa0a952000 	C:\Windows\SYSTEM32\dbgcore.DLL
0x00007ffa41900000 - 0x00007ffa4197b000 	C:\Windows\System32\bcryptPrimitives.dll
0x00007ff9fb780000 - 0x00007ff9fb78e000 	C:\Program Files\Java\jdk-17\bin\instrument.dll
0x00007ffa0f490000 - 0x00007ffa0f4b5000 	C:\Program Files\Java\jdk-17\bin\java.dll
0x00007ff9f4ef0000 - 0x00007ff9f4fc7000 	C:\Program Files\Java\jdk-17\bin\jsvml.dll
0x00007ffa42e20000 - 0x00007ffa43688000 	C:\Windows\System32\SHELL32.dll
0x00007ffa3ee70000 - 0x00007ffa3f76e000 	C:\Windows\SYSTEM32\windows.storage.dll
0x00007ffa3ed30000 - 0x00007ffa3ee6f000 	C:\Windows\SYSTEM32\wintypes.dll
0x00007ffa41ca0000 - 0x00007ffa41d99000 	C:\Windows\System32\SHCORE.dll
0x00007ffa43b90000 - 0x00007ffa43bee000 	C:\Windows\System32\shlwapi.dll
0x00007ffa40ea0000 - 0x00007ffa40ec1000 	C:\Windows\SYSTEM32\profapi.dll
0x00007ffa00300000 - 0x00007ffa00318000 	C:\Program Files\Java\jdk-17\bin\zip.dll
0x00007ffa0a820000 - 0x00007ffa0a839000 	C:\Program Files\Java\jdk-17\bin\net.dll
0x00007ffa3d770000 - 0x00007ffa3d8a6000 	C:\Windows\SYSTEM32\WINHTTP.dll
0x00007ffa403c0000 - 0x00007ffa40429000 	C:\Windows\system32\mswsock.dll
0x00007ffa0a3e0000 - 0x00007ffa0a3f6000 	C:\Program Files\Java\jdk-17\bin\nio.dll
0x00007ff9fa7d0000 - 0x00007ff9fa7ea000 	C:\Program Files\JetBrains\IntelliJ IDEA 2024.1.4\bin\breakgen64.dll
0x00007ffa3fa00000 - 0x00007ffa3faf8000 	C:\Windows\SYSTEM32\DNSAPI.dll
0x00007ffa3f9d0000 - 0x00007ffa3f9fd000 	C:\Windows\SYSTEM32\IPHLPAPI.DLL
0x00007ffa42a50000 - 0x00007ffa42a59000 	C:\Windows\System32\NSI.dll
0x00007ffa3cef0000 - 0x00007ffa3cefa000 	C:\Windows\System32\rasadhlp.dll
0x00007ffa3d290000 - 0x00007ffa3d313000 	C:\Windows\System32\fwpuclnt.dll
0x00007ff9fbfe0000 - 0x00007ff9fbfea000 	C:\Program Files\Java\jdk-17\bin\management.dll
0x00007ff9fb790000 - 0x00007ff9fb79b000 	C:\Program Files\Java\jdk-17\bin\management_ext.dll
0x00007ffa40780000 - 0x00007ffa4079b000 	C:\Windows\SYSTEM32\CRYPTSP.dll
0x00007ffa3fec0000 - 0x00007ffa3fef5000 	C:\Windows\system32\rsaenh.dll
0x00007ffa40460000 - 0x00007ffa40488000 	C:\Windows\SYSTEM32\USERENV.dll
0x00007ffa406f0000 - 0x00007ffa406fc000 	C:\Windows\SYSTEM32\CRYPTBASE.dll
0x00007ffa3d750000 - 0x00007ffa3d769000 	C:\Windows\SYSTEM32\dhcpcsvc6.DLL
0x00007ffa3d680000 - 0x00007ffa3d69f000 	C:\Windows\SYSTEM32\dhcpcsvc.DLL
0x00007ff9db2f0000 - 0x00007ff9db307000 	C:\Windows\system32\napinsp.dll
0x00007ff9db2d0000 - 0x00007ff9db2eb000 	C:\Windows\system32\pnrpnsp.dll
0x00007ff9db310000 - 0x00007ff9db337000 	C:\Windows\system32\nlansp_c.dll
0x00007ff9db2b0000 - 0x00007ff9db2c1000 	C:\Windows\System32\winrnr.dll
0x00007ff9e01a0000 - 0x00007ff9e01b5000 	C:\Windows\system32\wshbth.dll
0x00007ffa002f0000 - 0x00007ffa00300000 	C:\Program Files\Java\jdk-17\bin\verify.dll
0x00007ffa002e0000 - 0x00007ffa002ee000 	C:\Program Files\Java\jdk-17\bin\sunmscapi.dll
0x00007ffa411c0000 - 0x00007ffa41327000 	C:\Windows\System32\CRYPT32.dll
0x00007ffa40920000 - 0x00007ffa4094e000 	C:\Windows\SYSTEM32\ncrypt.dll
0x00007ffa408e0000 - 0x00007ffa40917000 	C:\Windows\SYSTEM32\NTASN1.dll

dbghelp: loaded successfully - version: 4.0.5 - missing functions: none
symbol engine: initialized successfully - sym options: 0x614 - pdb path: .;C:\Program Files\Java\jdk-17\bin;C:\Windows\SYSTEM32;C:\Windows\WinSxS\amd64_microsoft.windows.common-controls_6595b64144ccf1df_6.0.22621.3672_none_2713b9d173822955;C:\Program Files\Java\jdk-17\bin\server;C:\Program Files\JetBrains\IntelliJ IDEA 2024.1.4\bin

VM Arguments:
jvm_args: -XX:TieredStopAtLevel=1 -Dspring.output.ansi.enabled=always -Dcom.sun.management.jmxremote -Dspring.jmx.enabled=true -Dspring.liveBeansView.mbeanDomain -Dspring.application.admin.enabled=true -Dmanagement.endpoints.jmx.exposure.include=* -javaagent:C:\Program Files\JetBrains\IntelliJ IDEA 2024.1.4\lib\idea_rt.jar=57848:C:\Program Files\JetBrains\IntelliJ IDEA 2024.1.4\bin -Dfile.encoding=UTF-8 
java_command: com.example.mscatalogo.MsCatalogoApplication
java_class_path (initial): D:\DAD-2024-2\ms-catalogo\target\classes;C:\Users\Datos\.m2\repository\org\springframework\boot\spring-boot-starter-data-jpa\3.1.3\spring-boot-starter-data-jpa-3.1.3.jar;C:\Users\Datos\.m2\repository\org\springframework\boot\spring-boot-starter-aop\3.1.3\spring-boot-starter-aop-3.1.3.jar;C:\Users\Datos\.m2\repository\org\springframework\spring-aop\6.0.11\spring-aop-6.0.11.jar;C:\Users\Datos\.m2\repository\org\aspectj\aspectjweaver\1.9.20\aspectjweaver-1.9.20.jar;C:\Users\Datos\.m2\repository\org\springframework\boot\spring-boot-starter-jdbc\3.1.3\spring-boot-starter-jdbc-3.1.3.jar;C:\Users\Datos\.m2\repository\com\zaxxer\HikariCP\5.0.1\HikariCP-5.0.1.jar;C:\Users\Datos\.m2\repository\org\springframework\spring-jdbc\6.0.11\spring-jdbc-6.0.11.jar;C:\Users\Datos\.m2\repository\org\hibernate\orm\hibernate-core\6.2.7.Final\hibernate-core-6.2.7.Final.jar;C:\Users\Datos\.m2\repository\jakarta\persistence\jakarta.persistence-api\3.1.0\jakarta.persistence-api-3.1.0.jar;C:\Users\Datos\.m2\repository\jakarta\transaction\jakarta.transaction-api\2.0.1\jakarta.transaction-api-2.0.1.jar;C:\Users\Datos\.m2\repository\org\jboss\logging\jboss-logging\3.5.3.Final\jboss-logging-3.5.3.Final.jar;C:\Users\Datos\.m2\repository\org\hibernate\common\hibernate-commons-annotations\6.0.6.Final\hibernate-commons-annotations-6.0.6.Final.jar;C:\Users\Datos\.m2\repository\io\smallrye\jandex\3.0.5\jandex-3.0.5.jar;C:\Users\Datos\.m2\repository\com\fasterxml\classmate\1.5.1\classmate-1.5.1.jar;C:\Users\Datos\.m2\repository\net\bytebuddy\byte-buddy\1.14.6\byte-buddy-1.14.6.jar;C:\Users\Datos\.m2\repository\org\glassfish\jaxb\jaxb-runtime\4.0.3\jaxb-runtime-4.0.3.jar;C:\Users\Datos\.m2\repository\org\glassfish\jaxb\jaxb-core\4.0.3\jaxb-core-4.0.3.jar;C:\Users\Datos\.m2\repository\org\eclipse\angus\angus-activation\2.0.1\angus-activation-2.0.1.jar;C:\Users\Datos\.m2\repository\org\glassfish\jaxb\txw2\4.0.3\txw2-4.0.3.jar;C:\Users\Datos\.m2\repository\com\sun\istack\istack-co
Launcher Type: SUN_STANDARD

[Global flags]
     intx CICompilerCount                          = 12                                        {product} {ergonomic}
     uint ConcGCThreads                            = 4                                         {product} {ergonomic}
     uint G1ConcRefinementThreads                  = 15                                        {product} {ergonomic}
   size_t G1HeapRegionSize                         = 2097152                                   {product} {ergonomic}
    uintx GCDrainStackTargetSize                   = 64                                        {product} {ergonomic}
   size_t InitialHeapSize                          = 264241152                                 {product} {ergonomic}
     bool ManagementServer                         = true                                      {product} {command line}
   size_t MarkStackSize                            = 4194304                                   {product} {ergonomic}
   size_t MaxHeapSize                              = 4215275520                                {product} {ergonomic}
   size_t MaxNewSize                               = 2529165312                                {product} {ergonomic}
   size_t MinHeapDeltaBytes                        = 2097152                                   {product} {ergonomic}
   size_t MinHeapSize                              = 8388608                                   {product} {ergonomic}
    uintx NonProfiledCodeHeapSize                  = 0                                      {pd product} {ergonomic}
     bool ProfileInterpreter                       = false                                  {pd product} {command line}
    uintx ProfiledCodeHeapSize                     = 0                                      {pd product} {ergonomic}
   size_t SoftMaxHeapSize                          = 4215275520                             {manageable} {ergonomic}
     intx TieredStopAtLevel                        = 1                                         {product} {command line}
     bool UseCompressedClassPointers               = true                           {product lp64_product} {ergonomic}
     bool UseCompressedOops                        = true                           {product lp64_product} {ergonomic}
     bool UseG1GC                                  = true                                      {product} {ergonomic}
     bool UseLargePagesIndividualAllocation        = false                                  {pd product} {ergonomic}

Logging:
Log output configuration:
 #0: stdout all=warning uptime,level,tags
 #1: stderr all=off uptime,level,tags

Environment Variables:
PATH=C:\Program Files\Common Files\Oracle\Java\javapath;C:\Program Files (x86)\Common Files\Oracle\Java\javapath;C:\Windows\system32;C:\Windows;C:\Windows\System32\Wbem;C:\Windows\System32\WindowsPowerShell\v1.0\;C:\Windows\System32\OpenSSH\;C:\Program Files\dotnet\;C:\Program Files\MiKTeX\miktex\bin\x64\;C:\Program Files\Git\cmd;C:\Program Files (x86)\Windows Kits\10\Windows Performance Toolkit\;C:\Program Files\apache-maven-3.9.8\bin;C:\Users\Datos\AppData\Local\Programs\Python\Python312\Scripts\;C:\Users\Datos\AppData\Local\Programs\Python\Python312\;C:\Users\Datos\AppData\Local\Programs\Python\Launcher\;C:\Users\Datos\AppData\Local\Microsoft\WindowsApps;C:\Users\Datos\AppData\Local\Programs\Microsoft VS Code\bin;C:\Users\Datos\AppData\Local\GitHubDesktop\bin
USERNAME=Datos
OS=Windows_NT
PROCESSOR_IDENTIFIER=Intel64 Family 6 Model 151 Stepping 2, GenuineIntel



---------------  S Y S T E M  ---------------

OS:
 Windows 11 , 64 bit Build 22621 (10.0.22621.3958)
OS uptime: 7 days 2:34 hours
Hyper-V role detected

CPU: total 20 (initial active 20) (10 cores per cpu, 2 threads per core) family 6 model 151 stepping 2 microcode 0x26, cx8, cmov, fxsr, ht, mmx, 3dnowpref, sse, sse2, sse3, ssse3, sse4.1, sse4.2, popcnt, lzcnt, tsc, tscinvbit, avx, avx2, aes, erms, clmul, bmi1, bmi2, adx, sha, fma, vzeroupper, clflush, clflushopt, clwb, hv

Memory: 4k page, system-wide physical 16072M (3108M free)
TotalPageFile size 63857M (AvailPageFile size 9M)
current process WorkingSet (physical memory assigned to process): 299M, peak: 299M
current process commit charge ("private bytes"): 483M, peak: 620M

vm_info: Java HotSpot(TM) 64-Bit Server VM (17.0.10+11-LTS-240) for windows-amd64 JRE (17.0.10+11-LTS-240), built on Dec 19 2023 21:47:25 by "mach5one" with MS VC++ 17.1 (VS2022)

END.
