#
# There is insufficient memory for the Java Runtime Environment to continue.
# Native memory allocation (mmap) failed to map 62914560 bytes for G1 virtual space
# Possible reasons:
#   The system is out of physical RAM or swap space
#   The process is running with CompressedOops enabled, and the Java Heap may be blocking the growth of the native heap
# Possible solutions:
#   Reduce memory load on the system
#   Increase physical memory or swap space
#   Check if swap backing store is full
#   Decrease Java heap size (-Xmx/-Xms)
#   Decrease number of Java threads
#   Decrease Java thread stack sizes (-Xss)
#   Set larger code cache with -XX:ReservedCodeCacheSize=
#   JVM is running with Zero Based Compressed Oops mode in which the Java heap is
#     placed in the first 32GB address space. The Java Heap base address is the
#     maximum limit for the native heap growth. Please use -XX:HeapBaseMinAddress
#     to set the Java Heap base and to place the Java Heap above 32GB virtual address.
# This output file may be truncated or incomplete.
#
#  Out of Memory Error (os_windows.cpp:3548), pid=37496, tid=32928
#
# JRE version: Java(TM) SE Runtime Environment (17.0.10+11) (build 17.0.10+11-LTS-240)
# Java VM: Java HotSpot(TM) 64-Bit Server VM (17.0.10+11-LTS-240, mixed mode, emulated-client, sharing, tiered, compressed oops, compressed class ptrs, g1 gc, windows-amd64)
# No core dump will be written. Minidumps are not enabled by default on client versions of Windows
#

---------------  S U M M A R Y ------------

Command Line: -XX:TieredStopAtLevel=1 -Dspring.output.ansi.enabled=always -Dcom.sun.management.jmxremote -Dspring.jmx.enabled=true -Dspring.liveBeansView.mbeanDomain -Dspring.application.admin.enabled=true -Dmanagement.endpoints.jmx.exposure.include=* -javaagent:C:\Program Files\JetBrains\IntelliJ IDEA 2024.1.4\lib\idea_rt.jar=57801:C:\Program Files\JetBrains\IntelliJ IDEA 2024.1.4\bin -Dfile.encoding=UTF-8 com.example.mscatalogo.MsCatalogoApplication

Host: 12th Gen Intel(R) Core(TM) i7-12700, 20 cores, 15G,  Windows 11 , 64 bit Build 22621 (10.0.22621.3958)
Time: Mon Sep  2 10:08:25 2024 Hora est. Pacífico, Sudamérica elapsed time: 4.537002 seconds (0d 0h 0m 4s)

---------------  T H R E A D  ---------------

Current thread (0x000002ded56d8b20):  VMThread "VM Thread" [stack: 0x000000fdfd700000,0x000000fdfd800000] [id=32928]

Stack: [0x000000fdfd700000,0x000000fdfd800000]
Native frames: (J=compiled Java code, j=interpreted, Vv=VM code, C=native code)
V  [jvm.dll+0x677a5a]
V  [jvm.dll+0x7d8b2d]
V  [jvm.dll+0x7da48e]
V  [jvm.dll+0x7daaf3]
V  [jvm.dll+0x2455ff]
V  [jvm.dll+0x6749b9]
V  [jvm.dll+0x669382]
V  [jvm.dll+0x302e96]
V  [jvm.dll+0x30a416]
V  [jvm.dll+0x359cbe]
V  [jvm.dll+0x359eef]
V  [jvm.dll+0x2d9e88]
V  [jvm.dll+0x2d8295]
V  [jvm.dll+0x2d789c]
V  [jvm.dll+0x31b18b]
V  [jvm.dll+0x7df30b]
V  [jvm.dll+0x7e0044]
V  [jvm.dll+0x7e055d]
V  [jvm.dll+0x7e0934]
V  [jvm.dll+0x7e0a00]
V  [jvm.dll+0x78888a]
V  [jvm.dll+0x676935]
C  [ucrtbase.dll+0x29333]
C  [KERNEL32.DLL+0x1257d]
C  [ntdll.dll+0x5af28]

VM_Operation (0x000000fdfd1fd720): G1CollectForAllocation, mode: safepoint, requested by thread 0x000002debdd57870


---------------  P R O C E S S  ---------------

Threads class SMR info:
_java_thread_list=0x000002df1da87bb0, length=25, elements={
0x000002debdd57870, 0x000002ded56de630, 0x000002ded56df2b0, 0x000002ded56f0450,
0x000002ded56f4150, 0x000002ded56f4a20, 0x000002ded56f52f0, 0x000002ded56f5bc0,
0x000002ded56f64d0, 0x000002ded58a6e50, 0x000002ded5accab0, 0x000002ded5accf90,
0x000002df1b605470, 0x000002df1be2a5c0, 0x000002df1be75350, 0x000002df1be87ee0,
0x000002ded5384480, 0x000002df1bed9a10, 0x000002df1beb0cf0, 0x000002df1be874c0,
0x000002df1be89d40, 0x000002df1be88e10, 0x000002df1be879d0, 0x000002df1be883f0,
0x000002df1be88900
}

Java Threads: ( => current thread )
  0x000002debdd57870 JavaThread "main" [_thread_blocked, id=24860, stack(0x000000fdfd100000,0x000000fdfd200000)]
  0x000002ded56de630 JavaThread "Reference Handler" daemon [_thread_blocked, id=23452, stack(0x000000fdfd800000,0x000000fdfd900000)]
  0x000002ded56df2b0 JavaThread "Finalizer" daemon [_thread_blocked, id=32936, stack(0x000000fdfd900000,0x000000fdfda00000)]
  0x000002ded56f0450 JavaThread "Signal Dispatcher" daemon [_thread_blocked, id=37452, stack(0x000000fdfda00000,0x000000fdfdb00000)]
  0x000002ded56f4150 JavaThread "Attach Listener" daemon [_thread_blocked, id=30176, stack(0x000000fdfdb00000,0x000000fdfdc00000)]
  0x000002ded56f4a20 JavaThread "Service Thread" daemon [_thread_blocked, id=19588, stack(0x000000fdfdc00000,0x000000fdfdd00000)]
  0x000002ded56f52f0 JavaThread "Monitor Deflation Thread" daemon [_thread_blocked, id=32816, stack(0x000000fdfdd00000,0x000000fdfde00000)]
  0x000002ded56f5bc0 JavaThread "C1 CompilerThread0" daemon [_thread_blocked, id=26884, stack(0x000000fdfde00000,0x000000fdfdf00000)]
  0x000002ded56f64d0 JavaThread "Sweeper thread" daemon [_thread_blocked, id=8708, stack(0x000000fdfdf00000,0x000000fdfe000000)]
  0x000002ded58a6e50 JavaThread "Common-Cleaner" daemon [_thread_blocked, id=28012, stack(0x000000fdfe100000,0x000000fdfe200000)]
  0x000002ded5accab0 JavaThread "Monitor Ctrl-Break" daemon [_thread_in_native, id=20840, stack(0x000000fdfe500000,0x000000fdfe600000)]
  0x000002ded5accf90 JavaThread "Notification Thread" daemon [_thread_blocked, id=18692, stack(0x000000fdfe600000,0x000000fdfe700000)]
  0x000002df1b605470 JavaThread "RMI TCP Accept-0" daemon [_thread_in_native, id=36512, stack(0x000000fdfe700000,0x000000fdfe800000)]
  0x000002df1be2a5c0 JavaThread "RMI TCP Connection(1)-172.22.2.13" daemon [_thread_in_native, id=13184, stack(0x000000fdff400000,0x000000fdff500000)]
  0x000002df1be75350 JavaThread "RMI Scheduler(0)" daemon [_thread_blocked, id=24832, stack(0x000000fdff200000,0x000000fdff300000)]
  0x000002df1be87ee0 JavaThread "Keep-Alive-Timer" daemon [_thread_blocked, id=30252, stack(0x000000fdff500000,0x000000fdff600000)]
  0x000002ded5384480 JavaThread "C1 CompilerThread1" daemon [_thread_blocked, id=23800, stack(0x000000fdfe000000,0x000000fdfe100000)]
  0x000002df1bed9a10 JavaThread "C1 CompilerThread2" daemon [_thread_blocked, id=13632, stack(0x000000fdfe200000,0x000000fdfe300000)]
  0x000002df1beb0cf0 JavaThread "C1 CompilerThread3" daemon [_thread_blocked, id=16684, stack(0x000000fdfe300000,0x000000fdfe400000)]
  0x000002df1be874c0 JavaThread "Catalina-utility-1" [_thread_blocked, id=25760, stack(0x000000fdfe400000,0x000000fdfe500000)]
  0x000002df1be89d40 JavaThread "Catalina-utility-2" [_thread_blocked, id=12724, stack(0x000000fdffe00000,0x000000fdfff00000)]
  0x000002df1be88e10 JavaThread "container-0" [_thread_blocked, id=38044, stack(0x000000fdfff00000,0x000000fe00000000)]
  0x000002df1be879d0 JavaThread "mysql-cj-abandoned-connection-cleanup" daemon [_thread_blocked, id=15108, stack(0x000000fd80000000,0x000000fd80100000)]
  0x000002df1be883f0 JavaThread "HikariPool-1 housekeeper" daemon [_thread_blocked, id=31764, stack(0x000000fd80100000,0x000000fd80200000)]
  0x000002df1be88900 JavaThread "HikariPool-1 connection adder" daemon [_thread_blocked, id=35572, stack(0x000000fd80200000,0x000000fd80300000)]

Other Threads:
=>0x000002ded56d8b20 VMThread "VM Thread" [stack: 0x000000fdfd700000,0x000000fdfd800000] [id=32928]
  0x000002df1b446740 WatcherThread [stack: 0x000000fdfe800000,0x000000fdfe900000] [id=1868]
  0x000002debddc6f10 GCTaskThread "GC Thread#0" [stack: 0x000000fdfd200000,0x000000fdfd300000] [id=19700]
  0x000002df1b9bee10 GCTaskThread "GC Thread#1" [stack: 0x000000fdfe900000,0x000000fdfea00000] [id=29032]
  0x000002df1b9bf4e0 GCTaskThread "GC Thread#2" [stack: 0x000000fdfea00000,0x000000fdfeb00000] [id=35624]
  0x000002df1b9bf7a0 GCTaskThread "GC Thread#3" [stack: 0x000000fdfeb00000,0x000000fdfec00000] [id=36668]
  0x000002df1b9bfa60 GCTaskThread "GC Thread#4" [stack: 0x000000fdfec00000,0x000000fdfed00000] [id=14984]
  0x000002df1b9904e0 GCTaskThread "GC Thread#5" [stack: 0x000000fdfed00000,0x000000fdfee00000] [id=24060]
  0x000002df1bbd8cf0 GCTaskThread "GC Thread#6" [stack: 0x000000fdfee00000,0x000000fdfef00000] [id=3180]
  0x000002df1bbd8fb0 GCTaskThread "GC Thread#7" [stack: 0x000000fdfef00000,0x000000fdff000000] [id=35716]
  0x000002df1bbd9270 GCTaskThread "GC Thread#8" [stack: 0x000000fdff000000,0x000000fdff100000] [id=14924]
  0x000002df1bf852f0 GCTaskThread "GC Thread#9" [stack: 0x000000fdff100000,0x000000fdff200000] [id=35772]
  0x000002df1c01e3f0 GCTaskThread "GC Thread#10" [stack: 0x000000fdff600000,0x000000fdff700000] [id=14596]
  0x000002df1bfb3e60 GCTaskThread "GC Thread#11" [stack: 0x000000fdff700000,0x000000fdff800000] [id=29104]
  0x000002df1bf21ee0 GCTaskThread "GC Thread#12" [stack: 0x000000fdff800000,0x000000fdff900000] [id=25428]
  0x000002df1c095870 GCTaskThread "GC Thread#13" [stack: 0x000000fdff900000,0x000000fdffa00000] [id=14948]
  0x000002df1c0973f0 GCTaskThread "GC Thread#14" [stack: 0x000000fdffa00000,0x000000fdffb00000] [id=11488]
  0x000002debddd88b0 ConcurrentGCThread "G1 Main Marker" [stack: 0x000000fdfd300000,0x000000fdfd400000] [id=22136]
  0x000002debddd91c0 ConcurrentGCThread "G1 Conc#0" [stack: 0x000000fdfd400000,0x000000fdfd500000] [id=38396]
  0x000002df1c096e70 ConcurrentGCThread "G1 Conc#1" [stack: 0x000000fdffb00000,0x000000fdffc00000] [id=20788]
  0x000002df1c096630 ConcurrentGCThread "G1 Conc#2" [stack: 0x000000fdffc00000,0x000000fdffd00000] [id=37072]
  0x000002df1c0968f0 ConcurrentGCThread "G1 Conc#3" [stack: 0x000000fdffd00000,0x000000fdffe00000] [id=38540]
  0x000002ded524ee50 ConcurrentGCThread "G1 Refine#0" [stack: 0x000000fdfd500000,0x000000fdfd600000] [id=21108]
  0x000002ded524f780 ConcurrentGCThread "G1 Service" [stack: 0x000000fdfd600000,0x000000fdfd700000] [id=27576]

Threads with active compile tasks:

VM state: at safepoint (normal execution)

VM Mutex/Monitor currently owned by a thread:  ([mutex/lock_event])
[0x000002debdd52dd0] Threads_lock - owner thread: 0x000002ded56d8b20
[0x000002debdd537f0] Heap_lock - owner thread: 0x000002debdd57870

Heap address: 0x0000000704c00000, size: 4020 MB, Compressed Oops mode: Zero based, Oop shift amount: 3

CDS archive(s) mapped at: [0x000002ded6000000-0x000002ded6bd0000-0x000002ded6bd0000), size 12386304, SharedBaseAddress: 0x000002ded6000000, ArchiveRelocationMode: 1.
Compressed class space mapped at: 0x000002ded7000000-0x000002df17000000, reserved size: 1073741824
Narrow klass base: 0x000002ded6000000, Narrow klass shift: 0, Narrow klass range: 0x100000000

GC Precious Log:
 CPUs: 20 total, 20 available
 Memory: 16072M
 Large Page Support: Disabled
 NUMA Support: Disabled
 Compressed Oops: Enabled (Zero based)
 Heap Region Size: 2M
 Heap Min Capacity: 8M
 Heap Initial Capacity: 252M
 Heap Max Capacity: 4020M
 Pre-touch: Disabled
 Parallel Workers: 15
 Concurrent Workers: 4
 Concurrent Refinement Workers: 15
 Periodic GC: Disabled

Heap:
 garbage-first heap   total 258048K, used 97735K [0x0000000704c00000, 0x0000000800000000)
  region size 2048K, 3 young (6144K), 3 survivors (6144K)
 Metaspace       used 69393K, committed 69952K, reserved 1114112K
  class space    used 9971K, committed 10240K, reserved 1048576K

Heap Regions: E=young(eden), S=young(survivor), O=old, HS=humongous(starts), HC=humongous(continues), CS=collection set, F=free, OA=open archive, CA=closed archive, TAMS=top-at-mark-start (previous, next)
|   0|0x0000000704c00000, 0x0000000704e00000, 0x0000000704e00000|100%| O|  |TAMS 0x0000000704e00000, 0x0000000704e00000| Untracked 
|   1|0x0000000704e00000, 0x0000000705000000, 0x0000000705000000|100%| O|  |TAMS 0x0000000705000000, 0x0000000705000000| Untracked 
|   2|0x0000000705000000, 0x0000000705200000, 0x0000000705200000|100%| O|  |TAMS 0x0000000705200000, 0x0000000705200000| Untracked 
|   3|0x0000000705200000, 0x0000000705400000, 0x0000000705400000|100%| O|  |TAMS 0x0000000705400000, 0x0000000705400000| Untracked 
|   4|0x0000000705400000, 0x00000007055a9c00, 0x0000000705600000| 83%| O|  |TAMS 0x00000007055a9c00, 0x00000007055a9c00| Untracked 
|   5|0x0000000705600000, 0x0000000705800000, 0x0000000705800000|100%| O|  |TAMS 0x0000000705800000, 0x0000000705800000| Untracked 
|   6|0x0000000705800000, 0x0000000705a00000, 0x0000000705a00000|100%| O|  |TAMS 0x0000000705a00000, 0x0000000705a00000| Untracked 
|   7|0x0000000705a00000, 0x0000000705c00000, 0x0000000705c00000|100%| O|  |TAMS 0x0000000705c00000, 0x0000000705c00000| Untracked 
|   8|0x0000000705c00000, 0x0000000705e00000, 0x0000000705e00000|100%| O|  |TAMS 0x0000000705d15c00, 0x0000000705e00000| Untracked 
|   9|0x0000000705e00000, 0x0000000706000000, 0x0000000706000000|100%| O|  |TAMS 0x0000000705e00000, 0x0000000706000000| Untracked 
|  10|0x0000000706000000, 0x0000000706200000, 0x0000000706200000|100%| O|  |TAMS 0x0000000706000000, 0x0000000706200000| Untracked 
|  11|0x0000000706200000, 0x0000000706400000, 0x0000000706400000|100%| O|  |TAMS 0x0000000706200000, 0x0000000706400000| Untracked 
|  12|0x0000000706400000, 0x0000000706600000, 0x0000000706600000|100%| O|  |TAMS 0x0000000706600000, 0x0000000706600000| Untracked 
|  13|0x0000000706600000, 0x0000000706800000, 0x0000000706800000|100%| O|  |TAMS 0x0000000706600000, 0x0000000706800000| Untracked 
|  14|0x0000000706800000, 0x0000000706a00000, 0x0000000706a00000|100%| O|  |TAMS 0x0000000706800000, 0x0000000706a00000| Untracked 
|  15|0x0000000706a00000, 0x0000000706c00000, 0x0000000706c00000|100%| O|  |TAMS 0x0000000706a00000, 0x0000000706c00000| Untracked 
|  16|0x0000000706c00000, 0x0000000706e00000, 0x0000000706e00000|100%| O|  |TAMS 0x0000000706c00000, 0x0000000706e00000| Untracked 
|  17|0x0000000706e00000, 0x0000000707000000, 0x0000000707000000|100%| O|  |TAMS 0x0000000706e00000, 0x0000000707000000| Untracked 
|  18|0x0000000707000000, 0x0000000707200000, 0x0000000707200000|100%| O|  |TAMS 0x0000000707000000, 0x0000000707200000| Untracked 
|  19|0x0000000707200000, 0x0000000707400000, 0x0000000707400000|100%| O|  |TAMS 0x0000000707200000, 0x0000000707400000| Untracked 
|  20|0x0000000707400000, 0x0000000707600000, 0x0000000707600000|100%| O|  |TAMS 0x0000000707400000, 0x0000000707600000| Untracked 
|  21|0x0000000707600000, 0x0000000707800000, 0x0000000707800000|100%| O|  |TAMS 0x0000000707600000, 0x0000000707800000| Untracked 
|  22|0x0000000707800000, 0x0000000707a00000, 0x0000000707a00000|100%| O|  |TAMS 0x0000000707800000, 0x0000000707a00000| Untracked 
|  23|0x0000000707a00000, 0x0000000707c00000, 0x0000000707c00000|100%| O|  |TAMS 0x0000000707a00000, 0x0000000707c00000| Untracked 
|  24|0x0000000707c00000, 0x0000000707e00000, 0x0000000707e00000|100%| O|  |TAMS 0x0000000707c00000, 0x0000000707e00000| Untracked 
|  25|0x0000000707e00000, 0x0000000708000000, 0x0000000708000000|100%| O|  |TAMS 0x0000000707e00000, 0x0000000708000000| Untracked 
|  26|0x0000000708000000, 0x0000000708200000, 0x0000000708200000|100%| O|  |TAMS 0x0000000708000000, 0x0000000708200000| Untracked 
|  27|0x0000000708200000, 0x0000000708400000, 0x0000000708400000|100%| O|  |TAMS 0x0000000708200000, 0x0000000708400000| Untracked 
|  28|0x0000000708400000, 0x0000000708600000, 0x0000000708600000|100%| O|  |TAMS 0x0000000708400000, 0x0000000708600000| Untracked 
|  29|0x0000000708600000, 0x0000000708800000, 0x0000000708800000|100%| O|  |TAMS 0x0000000708600000, 0x0000000708800000| Untracked 
|  30|0x0000000708800000, 0x0000000708a00000, 0x0000000708a00000|100%| O|  |TAMS 0x0000000708800000, 0x0000000708a00000| Untracked 
|  31|0x0000000708a00000, 0x0000000708c00000, 0x0000000708c00000|100%| O|  |TAMS 0x0000000708a00000, 0x0000000708c00000| Untracked 
|  32|0x0000000708c00000, 0x0000000708e00000, 0x0000000708e00000|100%| O|  |TAMS 0x0000000708c00000, 0x0000000708e00000| Untracked 
|  33|0x0000000708e00000, 0x0000000709000000, 0x0000000709000000|100%| O|  |TAMS 0x0000000708e00000, 0x0000000709000000| Untracked 
|  34|0x0000000709000000, 0x0000000709200000, 0x0000000709200000|100%| O|  |TAMS 0x0000000709000000, 0x0000000709200000| Untracked 
|  35|0x0000000709200000, 0x0000000709400000, 0x0000000709400000|100%| O|  |TAMS 0x0000000709200000, 0x0000000709400000| Untracked 
|  36|0x0000000709400000, 0x0000000709600000, 0x0000000709600000|100%| O|  |TAMS 0x0000000709400000, 0x0000000709600000| Untracked 
|  37|0x0000000709600000, 0x0000000709800000, 0x0000000709800000|100%| O|  |TAMS 0x0000000709600000, 0x0000000709800000| Untracked 
|  38|0x0000000709800000, 0x0000000709a00000, 0x0000000709a00000|100%| O|  |TAMS 0x0000000709800000, 0x0000000709a00000| Untracked 
|  39|0x0000000709a00000, 0x0000000709c00000, 0x0000000709c00000|100%| O|  |TAMS 0x0000000709a00000, 0x0000000709c00000| Untracked 
|  40|0x0000000709c00000, 0x0000000709e00000, 0x0000000709e00000|100%| O|  |TAMS 0x0000000709c00000, 0x0000000709c86800| Untracked 
|  41|0x0000000709e00000, 0x000000070a000000, 0x000000070a000000|100%| O|  |TAMS 0x0000000709e00000, 0x0000000709e00000| Untracked 
|  42|0x000000070a000000, 0x000000070a200000, 0x000000070a200000|100%| O|  |TAMS 0x000000070a000000, 0x000000070a000000| Untracked 
|  43|0x000000070a200000, 0x000000070a400000, 0x000000070a400000|100%| O|  |TAMS 0x000000070a200000, 0x000000070a200000| Untracked 
|  44|0x000000070a400000, 0x000000070a5c8000, 0x000000070a600000| 89%| O|  |TAMS 0x000000070a400000, 0x000000070a400000| Untracked 
|  45|0x000000070a600000, 0x000000070a600000, 0x000000070a800000|  0%| F|  |TAMS 0x000000070a600000, 0x000000070a600000| Untracked 
|  46|0x000000070a800000, 0x000000070a800000, 0x000000070aa00000|  0%| F|  |TAMS 0x000000070a800000, 0x000000070a800000| Untracked 
|  47|0x000000070aa00000, 0x000000070aa00000, 0x000000070ac00000|  0%| F|  |TAMS 0x000000070aa00000, 0x000000070aa00000| Untracked 
|  48|0x000000070ac00000, 0x000000070ac00000, 0x000000070ae00000|  0%| F|  |TAMS 0x000000070ac00000, 0x000000070ac00000| Untracked 
|  49|0x000000070ae00000, 0x000000070ae00000, 0x000000070b000000|  0%| F|  |TAMS 0x000000070ae00000, 0x000000070ae00000| Untracked 
|  50|0x000000070b000000, 0x000000070b000000, 0x000000070b200000|  0%| F|  |TAMS 0x000000070b000000, 0x000000070b000000| Untracked 
|  51|0x000000070b200000, 0x000000070b200000, 0x000000070b400000|  0%| F|  |TAMS 0x000000070b200000, 0x000000070b200000| Untracked 
|  52|0x000000070b400000, 0x000000070b400000, 0x000000070b600000|  0%| F|  |TAMS 0x000000070b400000, 0x000000070b400000| Untracked 
|  53|0x000000070b600000, 0x000000070b600000, 0x000000070b800000|  0%| F|  |TAMS 0x000000070b600000, 0x000000070b600000| Untracked 
|  54|0x000000070b800000, 0x000000070b800000, 0x000000070ba00000|  0%| F|  |TAMS 0x000000070b800000, 0x000000070b800000| Untracked 
|  55|0x000000070ba00000, 0x000000070ba00000, 0x000000070bc00000|  0%| F|  |TAMS 0x000000070ba00000, 0x000000070ba00000| Untracked 
|  56|0x000000070bc00000, 0x000000070bc00000, 0x000000070be00000|  0%| F|  |TAMS 0x000000070bc00000, 0x000000070bc00000| Untracked 
|  57|0x000000070be00000, 0x000000070be00000, 0x000000070c000000|  0%| F|  |TAMS 0x000000070be00000, 0x000000070be00000| Untracked 
|  58|0x000000070c000000, 0x000000070c000000, 0x000000070c200000|  0%| F|  |TAMS 0x000000070c000000, 0x000000070c000000| Untracked 
|  59|0x000000070c200000, 0x000000070c200000, 0x000000070c400000|  0%| F|  |TAMS 0x000000070c200000, 0x000000070c200000| Untracked 
|  60|0x000000070c400000, 0x000000070c600000, 0x000000070c600000|100%| S|CS|TAMS 0x000000070c400000, 0x000000070c400000| Complete 
|  61|0x000000070c600000, 0x000000070c800000, 0x000000070c800000|100%| S|CS|TAMS 0x000000070c600000, 0x000000070c600000| Complete 
|  62|0x000000070c800000, 0x000000070ca00000, 0x000000070ca00000|100%| S|CS|TAMS 0x000000070c800000, 0x000000070c800000| Complete 
|  63|0x000000070ca00000, 0x000000070ca00000, 0x000000070cc00000|  0%| F|  |TAMS 0x000000070ca00000, 0x000000070ca00000| Untracked 
|  64|0x000000070cc00000, 0x000000070cc00000, 0x000000070ce00000|  0%| F|  |TAMS 0x000000070cc00000, 0x000000070cc00000| Untracked 
|  65|0x000000070ce00000, 0x000000070ce00000, 0x000000070d000000|  0%| F|  |TAMS 0x000000070ce00000, 0x000000070ce00000| Untracked 
|  66|0x000000070d000000, 0x000000070d000000, 0x000000070d200000|  0%| F|  |TAMS 0x000000070d000000, 0x000000070d000000| Untracked 
|  67|0x000000070d200000, 0x000000070d200000, 0x000000070d400000|  0%| F|  |TAMS 0x000000070d200000, 0x000000070d200000| Untracked 
|  68|0x000000070d400000, 0x000000070d400000, 0x000000070d600000|  0%| F|  |TAMS 0x000000070d400000, 0x000000070d400000| Untracked 
|  69|0x000000070d600000, 0x000000070d600000, 0x000000070d800000|  0%| F|  |TAMS 0x000000070d600000, 0x000000070d600000| Untracked 
|  70|0x000000070d800000, 0x000000070d800000, 0x000000070da00000|  0%| F|  |TAMS 0x000000070d800000, 0x000000070d800000| Untracked 
|  71|0x000000070da00000, 0x000000070da00000, 0x000000070dc00000|  0%| F|  |TAMS 0x000000070da00000, 0x000000070da00000| Untracked 
|  72|0x000000070dc00000, 0x000000070dc00000, 0x000000070de00000|  0%| F|  |TAMS 0x000000070dc00000, 0x000000070dc00000| Untracked 
|  73|0x000000070de00000, 0x000000070de00000, 0x000000070e000000|  0%| F|  |TAMS 0x000000070de00000, 0x000000070de00000| Untracked 
|  74|0x000000070e000000, 0x000000070e000000, 0x000000070e200000|  0%| F|  |TAMS 0x000000070e000000, 0x000000070e000000| Untracked 
|  75|0x000000070e200000, 0x000000070e200000, 0x000000070e400000|  0%| F|  |TAMS 0x000000070e200000, 0x000000070e200000| Untracked 
|  76|0x000000070e400000, 0x000000070e400000, 0x000000070e600000|  0%| F|  |TAMS 0x000000070e400000, 0x000000070e400000| Untracked 
|  77|0x000000070e600000, 0x000000070e600000, 0x000000070e800000|  0%| F|  |TAMS 0x000000070e600000, 0x000000070e600000| Untracked 
|  78|0x000000070e800000, 0x000000070e800000, 0x000000070ea00000|  0%| F|  |TAMS 0x000000070e800000, 0x000000070e800000| Untracked 
|  79|0x000000070ea00000, 0x000000070ea00000, 0x000000070ec00000|  0%| F|  |TAMS 0x000000070ea00000, 0x000000070ea00000| Untracked 
|  80|0x000000070ec00000, 0x000000070ec00000, 0x000000070ee00000|  0%| F|  |TAMS 0x000000070ec00000, 0x000000070ec00000| Untracked 
|  81|0x000000070ee00000, 0x000000070ee00000, 0x000000070f000000|  0%| F|  |TAMS 0x000000070ee00000, 0x000000070ee00000| Untracked 
|  82|0x000000070f000000, 0x000000070f000000, 0x000000070f200000|  0%| F|  |TAMS 0x000000070f000000, 0x000000070f000000| Untracked 
|  83|0x000000070f200000, 0x000000070f200000, 0x000000070f400000|  0%| F|  |TAMS 0x000000070f200000, 0x000000070f200000| Untracked 
|  84|0x000000070f400000, 0x000000070f400000, 0x000000070f600000|  0%| F|  |TAMS 0x000000070f400000, 0x000000070f400000| Untracked 
|  85|0x000000070f600000, 0x000000070f600000, 0x000000070f800000|  0%| F|  |TAMS 0x000000070f600000, 0x000000070f600000| Untracked 
|  86|0x000000070f800000, 0x000000070f800000, 0x000000070fa00000|  0%| F|  |TAMS 0x000000070f800000, 0x000000070f800000| Untracked 
|  87|0x000000070fa00000, 0x000000070fa00000, 0x000000070fc00000|  0%| F|  |TAMS 0x000000070fa00000, 0x000000070fa00000| Untracked 
|  88|0x000000070fc00000, 0x000000070fc00000, 0x000000070fe00000|  0%| F|  |TAMS 0x000000070fc00000, 0x000000070fc00000| Untracked 
|  89|0x000000070fe00000, 0x000000070fe00000, 0x0000000710000000|  0%| F|  |TAMS 0x000000070fe00000, 0x000000070fe00000| Untracked 
|  90|0x0000000710000000, 0x0000000710000000, 0x0000000710200000|  0%| F|  |TAMS 0x0000000710000000, 0x0000000710000000| Untracked 
|  91|0x0000000710200000, 0x0000000710200000, 0x0000000710400000|  0%| F|  |TAMS 0x0000000710200000, 0x0000000710200000| Untracked 
|  92|0x0000000710400000, 0x0000000710400000, 0x0000000710600000|  0%| F|  |TAMS 0x0000000710400000, 0x0000000710400000| Untracked 
|  93|0x0000000710600000, 0x0000000710600000, 0x0000000710800000|  0%| F|  |TAMS 0x0000000710600000, 0x0000000710600000| Untracked 
|  94|0x0000000710800000, 0x0000000710800000, 0x0000000710a00000|  0%| F|  |TAMS 0x0000000710800000, 0x0000000710800000| Untracked 
|  95|0x0000000710a00000, 0x0000000710a00000, 0x0000000710c00000|  0%| F|  |TAMS 0x0000000710a00000, 0x0000000710a00000| Untracked 
|  96|0x0000000710c00000, 0x0000000710c00000, 0x0000000710e00000|  0%| F|  |TAMS 0x0000000710c00000, 0x0000000710c00000| Untracked 
|  97|0x0000000710e00000, 0x0000000710e00000, 0x0000000711000000|  0%| F|  |TAMS 0x0000000710e00000, 0x0000000710e00000| Untracked 
|  98|0x0000000711000000, 0x0000000711000000, 0x0000000711200000|  0%| F|  |TAMS 0x0000000711000000, 0x0000000711000000| Untracked 
|  99|0x0000000711200000, 0x0000000711200000, 0x0000000711400000|  0%| F|  |TAMS 0x0000000711200000, 0x0000000711200000| Untracked 
| 100|0x0000000711400000, 0x0000000711400000, 0x0000000711600000|  0%| F|  |TAMS 0x0000000711400000, 0x0000000711400000| Untracked 
| 101|0x0000000711600000, 0x0000000711600000, 0x0000000711800000|  0%| F|  |TAMS 0x0000000711600000, 0x0000000711600000| Untracked 
| 102|0x0000000711800000, 0x0000000711800000, 0x0000000711a00000|  0%| F|  |TAMS 0x0000000711800000, 0x0000000711800000| Untracked 
| 103|0x0000000711a00000, 0x0000000711a00000, 0x0000000711c00000|  0%| F|  |TAMS 0x0000000711a00000, 0x0000000711a00000| Untracked 
| 104|0x0000000711c00000, 0x0000000711c00000, 0x0000000711e00000|  0%| F|  |TAMS 0x0000000711c00000, 0x0000000711c00000| Untracked 
| 105|0x0000000711e00000, 0x0000000711e00000, 0x0000000712000000|  0%| F|  |TAMS 0x0000000711e00000, 0x0000000711e00000| Untracked 
| 106|0x0000000712000000, 0x0000000712000000, 0x0000000712200000|  0%| F|  |TAMS 0x0000000712000000, 0x0000000712000000| Untracked 
| 107|0x0000000712200000, 0x0000000712200000, 0x0000000712400000|  0%| F|  |TAMS 0x0000000712200000, 0x0000000712200000| Untracked 
| 108|0x0000000712400000, 0x0000000712400000, 0x0000000712600000|  0%| F|  |TAMS 0x0000000712400000, 0x0000000712400000| Untracked 
| 109|0x0000000712600000, 0x0000000712600000, 0x0000000712800000|  0%| F|  |TAMS 0x0000000712600000, 0x0000000712600000| Untracked 
| 110|0x0000000712800000, 0x0000000712800000, 0x0000000712a00000|  0%| F|  |TAMS 0x0000000712800000, 0x0000000712800000| Untracked 
| 111|0x0000000712a00000, 0x0000000712a00000, 0x0000000712c00000|  0%| F|  |TAMS 0x0000000712a00000, 0x0000000712a00000| Untracked 
| 112|0x0000000712c00000, 0x0000000712c00000, 0x0000000712e00000|  0%| F|  |TAMS 0x0000000712c00000, 0x0000000712c00000| Untracked 
| 113|0x0000000712e00000, 0x0000000712e00000, 0x0000000713000000|  0%| F|  |TAMS 0x0000000712e00000, 0x0000000712e00000| Untracked 
| 114|0x0000000713000000, 0x0000000713000000, 0x0000000713200000|  0%| F|  |TAMS 0x0000000713000000, 0x0000000713000000| Untracked 
| 115|0x0000000713200000, 0x0000000713200000, 0x0000000713400000|  0%| F|  |TAMS 0x0000000713200000, 0x0000000713200000| Untracked 
| 116|0x0000000713400000, 0x0000000713400000, 0x0000000713600000|  0%| F|  |TAMS 0x0000000713400000, 0x0000000713400000| Untracked 
| 117|0x0000000713600000, 0x0000000713600000, 0x0000000713800000|  0%| F|  |TAMS 0x0000000713600000, 0x0000000713600000| Untracked 
| 118|0x0000000713800000, 0x0000000713800000, 0x0000000713a00000|  0%| F|  |TAMS 0x0000000713800000, 0x0000000713800000| Untracked 
| 119|0x0000000713a00000, 0x0000000713a00000, 0x0000000713c00000|  0%| F|  |TAMS 0x0000000713a00000, 0x0000000713a00000| Untracked 
| 120|0x0000000713c00000, 0x0000000713c00000, 0x0000000713e00000|  0%| F|  |TAMS 0x0000000713c00000, 0x0000000713c00000| Untracked 
| 121|0x0000000713e00000, 0x0000000713e00000, 0x0000000714000000|  0%| F|  |TAMS 0x0000000713e00000, 0x0000000713e00000| Untracked 
| 122|0x0000000714000000, 0x0000000714000000, 0x0000000714200000|  0%| F|  |TAMS 0x0000000714000000, 0x0000000714000000| Untracked 
| 123|0x0000000714200000, 0x0000000714200000, 0x0000000714400000|  0%| F|  |TAMS 0x0000000714200000, 0x0000000714200000| Untracked 
| 124|0x0000000714400000, 0x0000000714400000, 0x0000000714600000|  0%| F|  |TAMS 0x0000000714400000, 0x0000000714400000| Untracked 
| 125|0x0000000714600000, 0x0000000714600000, 0x0000000714800000|  0%| F|  |TAMS 0x0000000714600000, 0x0000000714600000| Untracked 

Card table byte_map: [0x000002dec9650000,0x000002dec9e30000] _byte_map_base: 0x000002dec5e2a000

Marking Bits (Prev, Next): (CMBitMap*) 0x000002debddc7470, (CMBitMap*) 0x000002debddc7430
 Prev Bits: [0x000002dece4e0000, 0x000002ded23b0000)
 Next Bits: [0x000002deca610000, 0x000002dece4e0000)

Polling page: 0x000002debd510000

Metaspace:

Usage:
  Non-class:     58.03 MB used.
      Class:      9.74 MB used.
       Both:     67.77 MB used.

Virtual space:
  Non-class space:       64.00 MB reserved,      58.31 MB ( 91%) committed,  1 nodes.
      Class space:        1.00 GB reserved,      10.00 MB ( <1%) committed,  1 nodes.
             Both:        1.06 GB reserved,      68.31 MB (  6%) committed. 

Chunk freelists:
   Non-Class:  5.03 MB
       Class:  6.05 MB
        Both:  11.08 MB

MaxMetaspaceSize: unlimited
CompressedClassSpaceSize: 1.00 GB
Initial GC threshold: 21.00 MB
Current GC threshold: 98.44 MB
CDS: on
MetaspaceReclaimPolicy: balanced
 - commit_granule_bytes: 65536.
 - commit_granule_words: 8192.
 - virtual_space_node_default_size: 8388608.
 - enlarge_chunks_in_place: 1.
 - new_chunks_are_fully_committed: 0.
 - uncommit_free_chunks: 1.
 - use_allocation_guard: 0.
 - handle_deallocations: 1.


Internal statistics:

num_allocs_failed_limit: 9.
num_arena_births: 780.
num_arena_deaths: 0.
num_vsnodes_births: 2.
num_vsnodes_deaths: 0.
num_space_committed: 1093.
num_space_uncommitted: 0.
num_chunks_returned_to_freelist: 9.
num_chunks_taken_from_freelist: 3203.
num_chunk_merges: 9.
num_chunk_splits: 2351.
num_chunks_enlarged: 1846.
num_inconsistent_stats: 0.

CodeCache: size=49152Kb used=12984Kb max_used=12984Kb free=36167Kb
 bounds [0x000002dec55f0000, 0x000002dec62a0000, 0x000002dec85f0000]
 total_blobs=6734 nmethods=6056 adapters=602
 compilation: enabled
              stopped_count=0, restarted_count=0
 full_count=0

Compilation events (20 events):
Event: 4.524 Thread 0x000002df1bed9a10 6047       1       org.springframework.core.ResolvableType::forMethodParameter (40 bytes)
Event: 4.524 Thread 0x000002df1beb0cf0 6048       1       org.springframework.core.SerializableTypeWrapper$MethodParameterTypeProvider::<init> (59 bytes)
Event: 4.524 Thread 0x000002df1bed9a10 nmethod 6047 0x000002dec629a890 code [0x000002dec629aa80, 0x000002dec629ade8]
Event: 4.524 Thread 0x000002df1beb0cf0 nmethod 6048 0x000002dec629b010 code [0x000002dec629b1e0, 0x000002dec629b538]
Event: 4.526 Thread 0x000002df1beb0cf0 6049       1       org.springframework.core.SerializableTypeWrapper$MethodInvokeTypeProvider::getType (57 bytes)
Event: 4.526 Thread 0x000002ded56f5bc0 6050       1       org.springframework.core.convert.TypeDescriptor::<init> (39 bytes)
Event: 4.526 Thread 0x000002ded56f5bc0 nmethod 6050 0x000002dec629b690 code [0x000002dec629b840, 0x000002dec629bb98]
Event: 4.527 Thread 0x000002df1beb0cf0 nmethod 6049 0x000002dec629bc90 code [0x000002dec629bea0, 0x000002dec629c3c8]
Event: 4.527 Thread 0x000002df1beb0cf0 6051   !   1       org.springframework.beans.factory.support.DefaultSingletonBeanRegistry::registerDependentBean (115 bytes)
Event: 4.528 Thread 0x000002df1beb0cf0 nmethod 6051 0x000002dec629c690 code [0x000002dec629c8a0, 0x000002dec629cdc8]
Event: 4.528 Thread 0x000002df1beb0cf0 6052       1       java.lang.Math::ceil (5 bytes)
Event: 4.528 Thread 0x000002df1bed9a10 6053       1       java.lang.StrictMath::ceil (10 bytes)
Event: 4.528 Thread 0x000002df1beb0cf0 nmethod 6052 0x000002dec629d110 code [0x000002dec629d2e0, 0x000002dec629d3a8]
Event: 4.528 Thread 0x000002df1beb0cf0 6054       1       java.lang.StrictMath::floorOrCeil (128 bytes)
Event: 4.528 Thread 0x000002ded56f5bc0 6055       1       java.lang.Math::getExponent (17 bytes)
Event: 4.528 Thread 0x000002df1bed9a10 nmethod 6053 0x000002dec629d490 code [0x000002dec629d660, 0x000002dec629d728]
Event: 4.528 Thread 0x000002ded56f5bc0 nmethod 6055 0x000002dec629d790 code [0x000002dec629d920, 0x000002dec629d9f8]
Event: 4.528 Thread 0x000002df1beb0cf0 nmethod 6054 0x000002dec629da90 code [0x000002dec629dc40, 0x000002dec629de58]
Event: 4.529 Thread 0x000002df1beb0cf0 6056       1       org.springframework.util.CollectionUtils::computeMapInitialCapacity (11 bytes)
Event: 4.529 Thread 0x000002df1beb0cf0 nmethod 6056 0x000002dec629df10 code [0x000002dec629e0e0, 0x000002dec629e1e8]

GC Heap History (20 events):
Event: 3.207 GC heap after
{Heap after GC invocations=9 (full 0):
 garbage-first heap   total 159744K, used 22976K [0x0000000704c00000, 0x0000000800000000)
  region size 2048K, 3 young (6144K), 3 survivors (6144K)
 Metaspace       used 35641K, committed 36096K, reserved 1114112K
  class space    used 5064K, committed 5312K, reserved 1048576K
}
Event: 3.600 GC heap before
{Heap before GC invocations=10 (full 0):
 garbage-first heap   total 90112K, used 70080K [0x0000000704c00000, 0x0000000800000000)
  region size 2048K, 26 young (53248K), 3 survivors (6144K)
 Metaspace       used 50190K, committed 50688K, reserved 1114112K
  class space    used 7060K, committed 7296K, reserved 1048576K
}
Event: 3.604 GC heap after
{Heap after GC invocations=11 (full 0):
 garbage-first heap   total 90112K, used 26733K [0x0000000704c00000, 0x0000000800000000)
  region size 2048K, 4 young (8192K), 4 survivors (8192K)
 Metaspace       used 50190K, committed 50688K, reserved 1114112K
  class space    used 7060K, committed 7296K, reserved 1048576K
}
Event: 3.904 GC heap before
{Heap before GC invocations=11 (full 0):
 garbage-first heap   total 90112K, used 63597K [0x0000000704c00000, 0x0000000800000000)
  region size 2048K, 23 young (47104K), 4 survivors (8192K)
 Metaspace       used 59810K, committed 60288K, reserved 1114112K
  class space    used 8596K, committed 8832K, reserved 1048576K
}
Event: 3.907 GC heap after
{Heap after GC invocations=12 (full 0):
 garbage-first heap   total 90112K, used 28929K [0x0000000704c00000, 0x0000000800000000)
  region size 2048K, 2 young (4096K), 2 survivors (4096K)
 Metaspace       used 59810K, committed 60288K, reserved 1114112K
  class space    used 8596K, committed 8832K, reserved 1048576K
}
Event: 4.154 GC heap before
{Heap before GC invocations=13 (full 0):
 garbage-first heap   total 90112K, used 67841K [0x0000000704c00000, 0x0000000800000000)
  region size 2048K, 21 young (43008K), 2 survivors (4096K)
 Metaspace       used 65639K, committed 66176K, reserved 1114112K
  class space    used 9479K, committed 9728K, reserved 1048576K
}
Event: 4.156 GC heap after
{Heap after GC invocations=14 (full 0):
 garbage-first heap   total 90112K, used 31189K [0x0000000704c00000, 0x0000000800000000)
  region size 2048K, 3 young (6144K), 3 survivors (6144K)
 Metaspace       used 65639K, committed 66176K, reserved 1114112K
  class space    used 9479K, committed 9728K, reserved 1048576K
}
Event: 4.332 GC heap before
{Heap before GC invocations=14 (full 0):
 garbage-first heap   total 90112K, used 68053K [0x0000000704c00000, 0x0000000800000000)
  region size 2048K, 21 young (43008K), 3 survivors (6144K)
 Metaspace       used 68811K, committed 69312K, reserved 1114112K
  class space    used 9899K, committed 10112K, reserved 1048576K
}
Event: 4.335 GC heap after
{Heap after GC invocations=15 (full 0):
 garbage-first heap   total 90112K, used 36461K [0x0000000704c00000, 0x0000000800000000)
  region size 2048K, 3 young (6144K), 3 survivors (6144K)
 Metaspace       used 68811K, committed 69312K, reserved 1114112K
  class space    used 9899K, committed 10112K, reserved 1048576K
}
Event: 4.348 GC heap before
{Heap before GC invocations=15 (full 0):
 garbage-first heap   total 90112K, used 67181K [0x0000000704c00000, 0x0000000800000000)
  region size 2048K, 19 young (38912K), 3 survivors (6144K)
 Metaspace       used 68811K, committed 69312K, reserved 1114112K
  class space    used 9899K, committed 10112K, reserved 1048576K
}
Event: 4.351 GC heap after
{Heap after GC invocations=16 (full 0):
 garbage-first heap   total 90112K, used 44088K [0x0000000704c00000, 0x0000000800000000)
  region size 2048K, 3 young (6144K), 3 survivors (6144K)
 Metaspace       used 68811K, committed 69312K, reserved 1114112K
  class space    used 9899K, committed 10112K, reserved 1048576K
}
Event: 4.387 GC heap before
{Heap before GC invocations=16 (full 0):
 garbage-first heap   total 90112K, used 64568K [0x0000000704c00000, 0x0000000800000000)
  region size 2048K, 14 young (28672K), 3 survivors (6144K)
 Metaspace       used 68903K, committed 69440K, reserved 1114112K
  class space    used 9912K, committed 10176K, reserved 1048576K
}
Event: 4.390 GC heap after
{Heap after GC invocations=17 (full 0):
 garbage-first heap   total 159744K, used 51709K [0x0000000704c00000, 0x0000000800000000)
  region size 2048K, 2 young (4096K), 2 survivors (4096K)
 Metaspace       used 68903K, committed 69440K, reserved 1114112K
  class space    used 9912K, committed 10176K, reserved 1048576K
}
Event: 4.426 GC heap before
{Heap before GC invocations=17 (full 0):
 garbage-first heap   total 159744K, used 109053K [0x0000000704c00000, 0x0000000800000000)
  region size 2048K, 31 young (63488K), 2 survivors (4096K)
 Metaspace       used 68904K, committed 69440K, reserved 1114112K
  class space    used 9912K, committed 10176K, reserved 1048576K
}
Event: 4.430 GC heap after
{Heap after GC invocations=18 (full 0):
 garbage-first heap   total 159744K, used 66908K [0x0000000704c00000, 0x0000000800000000)
  region size 2048K, 4 young (8192K), 4 survivors (8192K)
 Metaspace       used 68904K, committed 69440K, reserved 1114112K
  class space    used 9912K, committed 10176K, reserved 1048576K
}
Event: 4.448 GC heap before
{Heap before GC invocations=18 (full 0):
 garbage-first heap   total 159744K, used 111964K [0x0000000704c00000, 0x0000000800000000)
  region size 2048K, 27 young (55296K), 4 survivors (8192K)
 Metaspace       used 68904K, committed 69440K, reserved 1114112K
  class space    used 9912K, committed 10176K, reserved 1048576K
}
Event: 4.452 GC heap after
{Heap after GC invocations=19 (full 0):
 garbage-first heap   total 159744K, used 79179K [0x0000000704c00000, 0x0000000800000000)
  region size 2048K, 4 young (8192K), 4 survivors (8192K)
 Metaspace       used 68904K, committed 69440K, reserved 1114112K
  class space    used 9912K, committed 10176K, reserved 1048576K
}
Event: 4.475 GC heap before
{Heap before GC invocations=19 (full 0):
 garbage-first heap   total 159744K, used 113995K [0x0000000704c00000, 0x0000000800000000)
  region size 2048K, 22 young (45056K), 4 survivors (8192K)
 Metaspace       used 68912K, committed 69504K, reserved 1114112K
  class space    used 9914K, committed 10176K, reserved 1048576K
}
Event: 4.478 GC heap after
{Heap after GC invocations=20 (full 0):
 garbage-first heap   total 159744K, used 88257K [0x0000000704c00000, 0x0000000800000000)
  region size 2048K, 3 young (6144K), 3 survivors (6144K)
 Metaspace       used 68912K, committed 69504K, reserved 1114112K
  class space    used 9914K, committed 10176K, reserved 1048576K
}
Event: 4.530 GC heap before
{Heap before GC invocations=20 (full 0):
 garbage-first heap   total 159744K, used 116929K [0x0000000704c00000, 0x0000000800000000)
  region size 2048K, 18 young (36864K), 3 survivors (6144K)
 Metaspace       used 69393K, committed 69952K, reserved 1114112K
  class space    used 9971K, committed 10240K, reserved 1048576K
}

Deoptimization events (4 events):
Event: 4.047 Thread 0x000002debdd57870 DEOPT PACKING pc=0x000002dec5cc6fd4 sp=0x000000fdfd1fcad0
Event: 4.047 Thread 0x000002debdd57870 DEOPT UNPACKING pc=0x000002dec5642b43 sp=0x000000fdfd1fc028 mode 0
Event: 4.115 Thread 0x000002debdd57870 DEOPT PACKING pc=0x000002dec5d5dde2 sp=0x000000fdfd1fe2e0
Event: 4.115 Thread 0x000002debdd57870 DEOPT UNPACKING pc=0x000002dec5642b43 sp=0x000000fdfd1fd7e8 mode 3

Classes unloaded (0 events):
No events

Classes redefined (0 events):
No events

Internal exceptions (20 events):
Event: 4.465 Thread 0x000002df1d6a48f0 Exception <a 'sun/nio/fs/WindowsException'{0x000000070e04f478}> (0x000000070e04f478) 
thrown [s\open\src\hotspot\share\prims\jni.cpp, line 516]
Event: 4.465 Thread 0x000002df1d6a48f0 Exception <a 'sun/nio/fs/WindowsException'{0x000000070e04f6e8}> (0x000000070e04f6e8) 
thrown [s\open\src\hotspot\share\prims\jni.cpp, line 516]
Event: 4.465 Thread 0x000002df1d6a48f0 Exception <a 'sun/nio/fs/WindowsException'{0x000000070e04ffc8}> (0x000000070e04ffc8) 
thrown [s\open\src\hotspot\share\prims\jni.cpp, line 516]
Event: 4.465 Thread 0x000002df1d6a48f0 Exception <a 'sun/nio/fs/WindowsException'{0x000000070e050268}> (0x000000070e050268) 
thrown [s\open\src\hotspot\share\prims\jni.cpp, line 516]
Event: 4.465 Thread 0x000002df1d6a48f0 Exception <a 'sun/nio/fs/WindowsException'{0x000000070e050b20}> (0x000000070e050b20) 
thrown [s\open\src\hotspot\share\prims\jni.cpp, line 516]
Event: 4.465 Thread 0x000002df1d6a48f0 Exception <a 'sun/nio/fs/WindowsException'{0x000000070e050d90}> (0x000000070e050d90) 
thrown [s\open\src\hotspot\share\prims\jni.cpp, line 516]
Event: 4.465 Thread 0x000002df1d6a48f0 Exception <a 'sun/nio/fs/WindowsException'{0x000000070e051618}> (0x000000070e051618) 
thrown [s\open\src\hotspot\share\prims\jni.cpp, line 516]
Event: 4.465 Thread 0x000002df1d6a48f0 Exception <a 'sun/nio/fs/WindowsException'{0x000000070e051858}> (0x000000070e051858) 
thrown [s\open\src\hotspot\share\prims\jni.cpp, line 516]
Event: 4.465 Thread 0x000002df1d6a48f0 Exception <a 'sun/nio/fs/WindowsException'{0x000000070e0520e8}> (0x000000070e0520e8) 
thrown [s\open\src\hotspot\share\prims\jni.cpp, line 516]
Event: 4.465 Thread 0x000002df1d6a48f0 Exception <a 'sun/nio/fs/WindowsException'{0x000000070e052340}> (0x000000070e052340) 
thrown [s\open\src\hotspot\share\prims\jni.cpp, line 516]
Event: 4.465 Thread 0x000002df1d6a48f0 Exception <a 'sun/nio/fs/WindowsException'{0x000000070e052bd0}> (0x000000070e052bd0) 
thrown [s\open\src\hotspot\share\prims\jni.cpp, line 516]
Event: 4.465 Thread 0x000002df1d6a48f0 Exception <a 'sun/nio/fs/WindowsException'{0x000000070e052e10}> (0x000000070e052e10) 
thrown [s\open\src\hotspot\share\prims\jni.cpp, line 516]
Event: 4.465 Thread 0x000002df1d6a48f0 Exception <a 'sun/nio/fs/WindowsException'{0x000000070e0933b8}> (0x000000070e0933b8) 
thrown [s\open\src\hotspot\share\prims\jni.cpp, line 516]
Event: 4.465 Thread 0x000002df1d6a48f0 Exception <a 'sun/nio/fs/WindowsException'{0x000000070e093610}> (0x000000070e093610) 
thrown [s\open\src\hotspot\share\prims\jni.cpp, line 516]
Event: 4.465 Thread 0x000002df1d6a48f0 Exception <a 'sun/nio/fs/WindowsException'{0x000000070e093ec8}> (0x000000070e093ec8) 
thrown [s\open\src\hotspot\share\prims\jni.cpp, line 516]
Event: 4.465 Thread 0x000002df1d6a48f0 Exception <a 'sun/nio/fs/WindowsException'{0x000000070e094138}> (0x000000070e094138) 
thrown [s\open\src\hotspot\share\prims\jni.cpp, line 516]
Event: 4.465 Thread 0x000002df1d6a48f0 Exception <a 'sun/nio/fs/WindowsException'{0x000000070e094a08}> (0x000000070e094a08) 
thrown [s\open\src\hotspot\share\prims\jni.cpp, line 516]
Event: 4.465 Thread 0x000002df1d6a48f0 Exception <a 'sun/nio/fs/WindowsException'{0x000000070e094c98}> (0x000000070e094c98) 
thrown [s\open\src\hotspot\share\prims\jni.cpp, line 516]
Event: 4.465 Thread 0x000002df1d6a48f0 Exception <a 'sun/nio/fs/WindowsException'{0x000000070e095550}> (0x000000070e095550) 
thrown [s\open\src\hotspot\share\prims\jni.cpp, line 516]
Event: 4.465 Thread 0x000002df1d6a48f0 Exception <a 'sun/nio/fs/WindowsException'{0x000000070e0957d8}> (0x000000070e0957d8) 
thrown [s\open\src\hotspot\share\prims\jni.cpp, line 516]

VM Operations (20 events):
Event: 4.273 Executing VM operation: HandshakeAllThreads done
Event: 4.273 Executing VM operation: HandshakeAllThreads
Event: 4.273 Executing VM operation: HandshakeAllThreads done
Event: 4.332 Executing VM operation: G1CollectForAllocation
Event: 4.335 Executing VM operation: G1CollectForAllocation done
Event: 4.347 Executing VM operation: G1CollectForAllocation
Event: 4.351 Executing VM operation: G1CollectForAllocation done
Event: 4.369 Executing VM operation: HandshakeAllThreads
Event: 4.369 Executing VM operation: HandshakeAllThreads done
Event: 4.369 Executing VM operation: HandshakeAllThreads
Event: 4.369 Executing VM operation: HandshakeAllThreads done
Event: 4.387 Executing VM operation: G1CollectForAllocation
Event: 4.390 Executing VM operation: G1CollectForAllocation done
Event: 4.426 Executing VM operation: G1CollectForAllocation
Event: 4.430 Executing VM operation: G1CollectForAllocation done
Event: 4.448 Executing VM operation: G1CollectForAllocation
Event: 4.452 Executing VM operation: G1CollectForAllocation done
Event: 4.475 Executing VM operation: G1CollectForAllocation
Event: 4.479 Executing VM operation: G1CollectForAllocation done
Event: 4.530 Executing VM operation: G1CollectForAllocation

Events (20 events):
Event: 4.494 Thread 0x000002df1cc9b5a0 Thread exited: 0x000002df1cc9b5a0
Event: 4.494 Thread 0x000002df1d75e0b0 Thread exited: 0x000002df1d75e0b0
Event: 4.494 Thread 0x000002df1d6a08e0 Thread exited: 0x000002df1d6a08e0
Event: 4.494 Thread 0x000002df1d705b60 Thread exited: 0x000002df1d705b60
Event: 4.494 Thread 0x000002df1d705650 Thread exited: 0x000002df1d705650
Event: 4.494 Thread 0x000002df1d69ef90 Thread exited: 0x000002df1d69ef90
Event: 4.494 Thread 0x000002df1d75efe0 Thread exited: 0x000002df1d75efe0
Event: 4.494 Thread 0x000002df1d7083e0 Thread exited: 0x000002df1d7083e0
Event: 4.494 Thread 0x000002df1d706070 Thread exited: 0x000002df1d706070
Event: 4.494 Thread 0x000002df1d6a2740 Thread exited: 0x000002df1d6a2740
Event: 4.494 Thread 0x000002df1d6a2230 Thread exited: 0x000002df1d6a2230
Event: 4.494 Thread 0x000002df1d705140 Thread exited: 0x000002df1d705140
Event: 4.494 Thread 0x000002df1d706580 Thread exited: 0x000002df1d706580
Event: 4.494 Thread 0x000002df1d6a5d30 Thread exited: 0x000002df1d6a5d30
Event: 4.494 Thread 0x000002df1d706fa0 Thread exited: 0x000002df1d706fa0
Event: 4.494 Thread 0x000002df1d6a1300 Thread exited: 0x000002df1d6a1300
Event: 4.519 loading class jdk/internal/reflect/UnsafeQualifiedObjectFieldAccessorImpl
Event: 4.519 loading class jdk/internal/reflect/UnsafeQualifiedFieldAccessorImpl
Event: 4.519 loading class jdk/internal/reflect/UnsafeQualifiedFieldAccessorImpl done
Event: 4.519 loading class jdk/internal/reflect/UnsafeQualifiedObjectFieldAccessorImpl done


Dynamic libraries:
0x00007ff6c2cd0000 - 0x00007ff6c2ce0000 	C:\Program Files\Java\jdk-17\bin\java.exe
0x00007ffa43c50000 - 0x00007ffa43e67000 	C:\Windows\SYSTEM32\ntdll.dll
0x00007ffa41f00000 - 0x00007ffa41fc4000 	C:\Windows\System32\KERNEL32.DLL
0x00007ffa41360000 - 0x00007ffa4170d000 	C:\Windows\System32\KERNELBASE.dll
0x00007ffa40f70000 - 0x00007ffa41081000 	C:\Windows\System32\ucrtbase.dll
0x00007ffa0f4d0000 - 0x00007ffa0f4eb000 	C:\Program Files\Java\jdk-17\bin\VCRUNTIME140.dll
0x00007ffa25840000 - 0x00007ffa25859000 	C:\Program Files\Java\jdk-17\bin\jli.dll
0x00007ffa43ab0000 - 0x00007ffa43b62000 	C:\Windows\System32\ADVAPI32.dll
0x00007ffa42150000 - 0x00007ffa421f7000 	C:\Windows\System32\msvcrt.dll
0x00007ffa41ff0000 - 0x00007ffa42099000 	C:\Windows\System32\sechost.dll
0x00007ffa41830000 - 0x00007ffa41858000 	C:\Windows\System32\bcrypt.dll
0x00007ffa41de0000 - 0x00007ffa41ef4000 	C:\Windows\System32\RPCRT4.dll
0x00007ffa428a0000 - 0x00007ffa42a4e000 	C:\Windows\System32\USER32.dll
0x00007ffa41330000 - 0x00007ffa41356000 	C:\Windows\System32\win32u.dll
0x00007ffa1ca20000 - 0x00007ffa1ccb3000 	C:\Windows\WinSxS\amd64_microsoft.windows.common-controls_6595b64144ccf1df_6.0.22621.3672_none_2713b9d173822955\COMCTL32.dll
0x00007ffa42a60000 - 0x00007ffa42a89000 	C:\Windows\System32\GDI32.dll
0x00007ffa41710000 - 0x00007ffa41829000 	C:\Windows\System32\gdi32full.dll
0x00007ffa41860000 - 0x00007ffa418fa000 	C:\Windows\System32\msvcp_win.dll
0x00007ffa3cee0000 - 0x00007ffa3ceea000 	C:\Windows\SYSTEM32\VERSION.dll
0x00007ffa41da0000 - 0x00007ffa41dd1000 	C:\Windows\System32\IMM32.DLL
0x00007ffa27cb0000 - 0x00007ffa27cbc000 	C:\Program Files\Java\jdk-17\bin\vcruntime140_1.dll
0x00007ff9f4fd0000 - 0x00007ff9f505e000 	C:\Program Files\Java\jdk-17\bin\msvcp140.dll
0x00007ff9b30b0000 - 0x00007ff9b3c8f000 	C:\Program Files\Java\jdk-17\bin\server\jvm.dll
0x00007ffa43aa0000 - 0x00007ffa43aa8000 	C:\Windows\System32\PSAPI.DLL
0x00007ffa2a510000 - 0x00007ffa2a519000 	C:\Windows\SYSTEM32\WSOCK32.dll
0x00007ffa348b0000 - 0x00007ffa348e4000 	C:\Windows\SYSTEM32\WINMM.dll
0x00007ffa436f0000 - 0x00007ffa43761000 	C:\Windows\System32\WS2_32.dll
0x00007ffa3ff60000 - 0x00007ffa3ff78000 	C:\Windows\SYSTEM32\kernel.appcore.dll
0x00007ffa0f4c0000 - 0x00007ffa0f4ca000 	C:\Program Files\Java\jdk-17\bin\jimage.dll
0x00007ffa3e770000 - 0x00007ffa3e9a2000 	C:\Windows\SYSTEM32\DBGHELP.DLL
0x00007ffa42a90000 - 0x00007ffa42e1d000 	C:\Windows\System32\combase.dll
0x00007ffa41bc0000 - 0x00007ffa41c97000 	C:\Windows\System32\OLEAUT32.dll
0x00007ffa0a920000 - 0x00007ffa0a952000 	C:\Windows\SYSTEM32\dbgcore.DLL
0x00007ffa41900000 - 0x00007ffa4197b000 	C:\Windows\System32\bcryptPrimitives.dll
0x00007ff9fb780000 - 0x00007ff9fb78e000 	C:\Program Files\Java\jdk-17\bin\instrument.dll
0x00007ffa0f490000 - 0x00007ffa0f4b5000 	C:\Program Files\Java\jdk-17\bin\java.dll
0x00007ff9f4ef0000 - 0x00007ff9f4fc7000 	C:\Program Files\Java\jdk-17\bin\jsvml.dll
0x00007ffa42e20000 - 0x00007ffa43688000 	C:\Windows\System32\SHELL32.dll
0x00007ffa3ee70000 - 0x00007ffa3f76e000 	C:\Windows\SYSTEM32\windows.storage.dll
0x00007ffa3ed30000 - 0x00007ffa3ee6f000 	C:\Windows\SYSTEM32\wintypes.dll
0x00007ffa41ca0000 - 0x00007ffa41d99000 	C:\Windows\System32\SHCORE.dll
0x00007ffa43b90000 - 0x00007ffa43bee000 	C:\Windows\System32\shlwapi.dll
0x00007ffa40ea0000 - 0x00007ffa40ec1000 	C:\Windows\SYSTEM32\profapi.dll
0x00007ffa00300000 - 0x00007ffa00318000 	C:\Program Files\Java\jdk-17\bin\zip.dll
0x00007ffa0a820000 - 0x00007ffa0a839000 	C:\Program Files\Java\jdk-17\bin\net.dll
0x00007ffa3d770000 - 0x00007ffa3d8a6000 	C:\Windows\SYSTEM32\WINHTTP.dll
0x00007ffa403c0000 - 0x00007ffa40429000 	C:\Windows\system32\mswsock.dll
0x00007ffa0a3e0000 - 0x00007ffa0a3f6000 	C:\Program Files\Java\jdk-17\bin\nio.dll
0x00007ff9fa7d0000 - 0x00007ff9fa7ea000 	C:\Program Files\JetBrains\IntelliJ IDEA 2024.1.4\bin\breakgen64.dll
0x00007ffa3fa00000 - 0x00007ffa3faf8000 	C:\Windows\SYSTEM32\DNSAPI.dll
0x00007ffa3f9d0000 - 0x00007ffa3f9fd000 	C:\Windows\SYSTEM32\IPHLPAPI.DLL
0x00007ffa42a50000 - 0x00007ffa42a59000 	C:\Windows\System32\NSI.dll
0x00007ffa3cef0000 - 0x00007ffa3cefa000 	C:\Windows\System32\rasadhlp.dll
0x00007ffa3d290000 - 0x00007ffa3d313000 	C:\Windows\System32\fwpuclnt.dll
0x00007ff9fbfe0000 - 0x00007ff9fbfea000 	C:\Program Files\Java\jdk-17\bin\management.dll
0x00007ff9fb790000 - 0x00007ff9fb79b000 	C:\Program Files\Java\jdk-17\bin\management_ext.dll
0x00007ffa40780000 - 0x00007ffa4079b000 	C:\Windows\SYSTEM32\CRYPTSP.dll
0x00007ffa3fec0000 - 0x00007ffa3fef5000 	C:\Windows\system32\rsaenh.dll
0x00007ffa40460000 - 0x00007ffa40488000 	C:\Windows\SYSTEM32\USERENV.dll
0x00007ffa406f0000 - 0x00007ffa406fc000 	C:\Windows\SYSTEM32\CRYPTBASE.dll
0x00007ffa3d750000 - 0x00007ffa3d769000 	C:\Windows\SYSTEM32\dhcpcsvc6.DLL
0x00007ffa3d680000 - 0x00007ffa3d69f000 	C:\Windows\SYSTEM32\dhcpcsvc.DLL
0x00007ff9db2f0000 - 0x00007ff9db307000 	C:\Windows\system32\napinsp.dll
0x00007ff9db2d0000 - 0x00007ff9db2eb000 	C:\Windows\system32\pnrpnsp.dll
0x00007ff9db310000 - 0x00007ff9db337000 	C:\Windows\system32\nlansp_c.dll
0x00007ff9db2b0000 - 0x00007ff9db2c1000 	C:\Windows\System32\winrnr.dll
0x00007ff9e01a0000 - 0x00007ff9e01b5000 	C:\Windows\system32\wshbth.dll
0x00007ffa002f0000 - 0x00007ffa00300000 	C:\Program Files\Java\jdk-17\bin\verify.dll
0x00007ffa002e0000 - 0x00007ffa002ee000 	C:\Program Files\Java\jdk-17\bin\sunmscapi.dll
0x00007ffa411c0000 - 0x00007ffa41327000 	C:\Windows\System32\CRYPT32.dll
0x00007ffa40920000 - 0x00007ffa4094e000 	C:\Windows\SYSTEM32\ncrypt.dll
0x00007ffa408e0000 - 0x00007ffa40917000 	C:\Windows\SYSTEM32\NTASN1.dll

dbghelp: loaded successfully - version: 4.0.5 - missing functions: none
symbol engine: initialized successfully - sym options: 0x614 - pdb path: .;C:\Program Files\Java\jdk-17\bin;C:\Windows\SYSTEM32;C:\Windows\WinSxS\amd64_microsoft.windows.common-controls_6595b64144ccf1df_6.0.22621.3672_none_2713b9d173822955;C:\Program Files\Java\jdk-17\bin\server;C:\Program Files\JetBrains\IntelliJ IDEA 2024.1.4\bin

VM Arguments:
jvm_args: -XX:TieredStopAtLevel=1 -Dspring.output.ansi.enabled=always -Dcom.sun.management.jmxremote -Dspring.jmx.enabled=true -Dspring.liveBeansView.mbeanDomain -Dspring.application.admin.enabled=true -Dmanagement.endpoints.jmx.exposure.include=* -javaagent:C:\Program Files\JetBrains\IntelliJ IDEA 2024.1.4\lib\idea_rt.jar=57801:C:\Program Files\JetBrains\IntelliJ IDEA 2024.1.4\bin -Dfile.encoding=UTF-8 
java_command: com.example.mscatalogo.MsCatalogoApplication
java_class_path (initial): D:\DAD-2024-2\ms-catalogo\target\classes;C:\Users\Datos\.m2\repository\org\springframework\boot\spring-boot-starter-data-jpa\3.1.3\spring-boot-starter-data-jpa-3.1.3.jar;C:\Users\Datos\.m2\repository\org\springframework\boot\spring-boot-starter-aop\3.1.3\spring-boot-starter-aop-3.1.3.jar;C:\Users\Datos\.m2\repository\org\springframework\spring-aop\6.0.11\spring-aop-6.0.11.jar;C:\Users\Datos\.m2\repository\org\aspectj\aspectjweaver\1.9.20\aspectjweaver-1.9.20.jar;C:\Users\Datos\.m2\repository\org\springframework\boot\spring-boot-starter-jdbc\3.1.3\spring-boot-starter-jdbc-3.1.3.jar;C:\Users\Datos\.m2\repository\com\zaxxer\HikariCP\5.0.1\HikariCP-5.0.1.jar;C:\Users\Datos\.m2\repository\org\springframework\spring-jdbc\6.0.11\spring-jdbc-6.0.11.jar;C:\Users\Datos\.m2\repository\org\hibernate\orm\hibernate-core\6.2.7.Final\hibernate-core-6.2.7.Final.jar;C:\Users\Datos\.m2\repository\jakarta\persistence\jakarta.persistence-api\3.1.0\jakarta.persistence-api-3.1.0.jar;C:\Users\Datos\.m2\repository\jakarta\transaction\jakarta.transaction-api\2.0.1\jakarta.transaction-api-2.0.1.jar;C:\Users\Datos\.m2\repository\org\jboss\logging\jboss-logging\3.5.3.Final\jboss-logging-3.5.3.Final.jar;C:\Users\Datos\.m2\repository\org\hibernate\common\hibernate-commons-annotations\6.0.6.Final\hibernate-commons-annotations-6.0.6.Final.jar;C:\Users\Datos\.m2\repository\io\smallrye\jandex\3.0.5\jandex-3.0.5.jar;C:\Users\Datos\.m2\repository\com\fasterxml\classmate\1.5.1\classmate-1.5.1.jar;C:\Users\Datos\.m2\repository\net\bytebuddy\byte-buddy\1.14.6\byte-buddy-1.14.6.jar;C:\Users\Datos\.m2\repository\org\glassfish\jaxb\jaxb-runtime\4.0.3\jaxb-runtime-4.0.3.jar;C:\Users\Datos\.m2\repository\org\glassfish\jaxb\jaxb-core\4.0.3\jaxb-core-4.0.3.jar;C:\Users\Datos\.m2\repository\org\eclipse\angus\angus-activation\2.0.1\angus-activation-2.0.1.jar;C:\Users\Datos\.m2\repository\org\glassfish\jaxb\txw2\4.0.3\txw2-4.0.3.jar;C:\Users\Datos\.m2\repository\com\sun\istack\istack-co
Launcher Type: SUN_STANDARD

[Global flags]
     intx CICompilerCount                          = 12                                        {product} {ergonomic}
     uint ConcGCThreads                            = 4                                         {product} {ergonomic}
     uint G1ConcRefinementThreads                  = 15                                        {product} {ergonomic}
   size_t G1HeapRegionSize                         = 2097152                                   {product} {ergonomic}
    uintx GCDrainStackTargetSize                   = 64                                        {product} {ergonomic}
   size_t InitialHeapSize                          = 264241152                                 {product} {ergonomic}
     bool ManagementServer                         = true                                      {product} {command line}
   size_t MarkStackSize                            = 4194304                                   {product} {ergonomic}
   size_t MaxHeapSize                              = 4215275520                                {product} {ergonomic}
   size_t MaxNewSize                               = 2529165312                                {product} {ergonomic}
   size_t MinHeapDeltaBytes                        = 2097152                                   {product} {ergonomic}
   size_t MinHeapSize                              = 8388608                                   {product} {ergonomic}
    uintx NonProfiledCodeHeapSize                  = 0                                      {pd product} {ergonomic}
     bool ProfileInterpreter                       = false                                  {pd product} {command line}
    uintx ProfiledCodeHeapSize                     = 0                                      {pd product} {ergonomic}
   size_t SoftMaxHeapSize                          = 4215275520                             {manageable} {ergonomic}
     intx TieredStopAtLevel                        = 1                                         {product} {command line}
     bool UseCompressedClassPointers               = true                           {product lp64_product} {ergonomic}
     bool UseCompressedOops                        = true                           {product lp64_product} {ergonomic}
     bool UseG1GC                                  = true                                      {product} {ergonomic}
     bool UseLargePagesIndividualAllocation        = false                                  {pd product} {ergonomic}

Logging:
Log output configuration:
 #0: stdout all=warning uptime,level,tags
 #1: stderr all=off uptime,level,tags

Environment Variables:
PATH=C:\Program Files\Common Files\Oracle\Java\javapath;C:\Program Files (x86)\Common Files\Oracle\Java\javapath;C:\Windows\system32;C:\Windows;C:\Windows\System32\Wbem;C:\Windows\System32\WindowsPowerShell\v1.0\;C:\Windows\System32\OpenSSH\;C:\Program Files\dotnet\;C:\Program Files\MiKTeX\miktex\bin\x64\;C:\Program Files\Git\cmd;C:\Program Files (x86)\Windows Kits\10\Windows Performance Toolkit\;C:\Program Files\apache-maven-3.9.8\bin;C:\Users\Datos\AppData\Local\Programs\Python\Python312\Scripts\;C:\Users\Datos\AppData\Local\Programs\Python\Python312\;C:\Users\Datos\AppData\Local\Programs\Python\Launcher\;C:\Users\Datos\AppData\Local\Microsoft\WindowsApps;C:\Users\Datos\AppData\Local\Programs\Microsoft VS Code\bin;C:\Users\Datos\AppData\Local\GitHubDesktop\bin
USERNAME=Datos
OS=Windows_NT
PROCESSOR_IDENTIFIER=Intel64 Family 6 Model 151 Stepping 2, GenuineIntel



---------------  S Y S T E M  ---------------

OS:
 Windows 11 , 64 bit Build 22621 (10.0.22621.3958)
OS uptime: 7 days 2:33 hours
Hyper-V role detected

CPU: total 20 (initial active 20) (10 cores per cpu, 2 threads per core) family 6 model 151 stepping 2 microcode 0x26, cx8, cmov, fxsr, ht, mmx, 3dnowpref, sse, sse2, sse3, ssse3, sse4.1, sse4.2, popcnt, lzcnt, tsc, tscinvbit, avx, avx2, aes, erms, clmul, bmi1, bmi2, adx, sha, fma, vzeroupper, clflush, clflushopt, clwb, hv

Memory: 4k page, system-wide physical 16072M (3064M free)
TotalPageFile size 63857M (AvailPageFile size 35M)
current process WorkingSet (physical memory assigned to process): 316M, peak: 316M
current process commit charge ("private bytes"): 475M, peak: 535M

vm_info: Java HotSpot(TM) 64-Bit Server VM (17.0.10+11-LTS-240) for windows-amd64 JRE (17.0.10+11-LTS-240), built on Dec 19 2023 21:47:25 by "mach5one" with MS VC++ 17.1 (VS2022)

END.
