#
# There is insufficient memory for the Java Runtime Environment to continue.
# Native memory allocation (mmap) failed to map 123731968 bytes for G1 virtual space
# Possible reasons:
#   The system is out of physical RAM or swap space
#   The process is running with CompressedOops enabled, and the Java Heap may be blocking the growth of the native heap
# Possible solutions:
#   Reduce memory load on the system
#   Increase physical memory or swap space
#   Check if swap backing store is full
#   Decrease Java heap size (-Xmx/-Xms)
#   Decrease number of Java threads
#   Decrease Java thread stack sizes (-Xss)
#   Set larger code cache with -XX:ReservedCodeCacheSize=
#   JVM is running with Zero Based Compressed Oops mode in which the Java heap is
#     placed in the first 32GB address space. The Java Heap base address is the
#     maximum limit for the native heap growth. Please use -XX:HeapBaseMinAddress
#     to set the Java Heap base and to place the Java Heap above 32GB virtual address.
# This output file may be truncated or incomplete.
#
#  Out of Memory Error (os_windows.cpp:3548), pid=34396, tid=31832
#
# JRE version: Java(TM) SE Runtime Environment (17.0.10+11) (build 17.0.10+11-LTS-240)
# Java VM: Java HotSpot(TM) 64-Bit Server VM (17.0.10+11-LTS-240, mixed mode, emulated-client, sharing, tiered, compressed oops, compressed class ptrs, g1 gc, windows-amd64)
# No core dump will be written. Minidumps are not enabled by default on client versions of Windows
#

---------------  S U M M A R Y ------------

Command Line: -XX:TieredStopAtLevel=1 -Dspring.output.ansi.enabled=always -Dcom.sun.management.jmxremote -Dspring.jmx.enabled=true -Dspring.liveBeansView.mbeanDomain -Dspring.application.admin.enabled=true -Dmanagement.endpoints.jmx.exposure.include=* -javaagent:C:\Program Files\JetBrains\IntelliJ IDEA 2024.1.4\lib\idea_rt.jar=57978:C:\Program Files\JetBrains\IntelliJ IDEA 2024.1.4\bin -Dfile.encoding=UTF-8 com.example.mscatalogo.MsCatalogoApplication

Host: 12th Gen Intel(R) Core(TM) i7-12700, 20 cores, 15G,  Windows 11 , 64 bit Build 22621 (10.0.22621.3958)
Time: Mon Sep  2 10:14:48 2024 Hora est. Pacífico, Sudamérica elapsed time: 4.481302 seconds (0d 0h 0m 4s)

---------------  T H R E A D  ---------------

Current thread (0x000002792a531930):  VMThread "VM Thread" [stack: 0x0000008ec5500000,0x0000008ec5600000] [id=31832]

Stack: [0x0000008ec5500000,0x0000008ec5600000]
Native frames: (J=compiled Java code, j=interpreted, Vv=VM code, C=native code)
V  [jvm.dll+0x677a5a]
V  [jvm.dll+0x7d8b2d]
V  [jvm.dll+0x7da48e]
V  [jvm.dll+0x7daaf3]
V  [jvm.dll+0x2455ff]
V  [jvm.dll+0x6749b9]
V  [jvm.dll+0x669382]
V  [jvm.dll+0x302e96]
V  [jvm.dll+0x30a416]
V  [jvm.dll+0x359cbe]
V  [jvm.dll+0x359eef]
V  [jvm.dll+0x2d9e88]
V  [jvm.dll+0x2d8295]
V  [jvm.dll+0x2d789c]
V  [jvm.dll+0x31b18b]
V  [jvm.dll+0x7df30b]
V  [jvm.dll+0x7e0044]
V  [jvm.dll+0x7e055d]
V  [jvm.dll+0x7e0934]
V  [jvm.dll+0x7e0a00]
V  [jvm.dll+0x78888a]
V  [jvm.dll+0x676935]
C  [ucrtbase.dll+0x29333]
C  [KERNEL32.DLL+0x1257d]
C  [ntdll.dll+0x5af28]

VM_Operation (0x0000008ec92fd230): G1CollectForAllocation, mode: safepoint, requested by thread 0x0000027972f70c60


---------------  P R O C E S S  ---------------

Threads class SMR info:
_java_thread_list=0x00000279711d5030, length=55, elements={
0x0000027912e38bb0, 0x000002792a535530, 0x000002792a5363b0, 0x000002792a5491e0,
0x000002792a54c0d0, 0x000002792a54eaa0, 0x000002792a54f460, 0x000002792a54fed0,
0x000002792a55c5f0, 0x000002792a8104a0, 0x000002792a9a7c50, 0x000002792a9ae6c0,
0x000002792a9aec90, 0x000002792ab8e370, 0x000002792ab8e850, 0x00000279704d6720,
0x0000027970cff5a0, 0x0000027970e83030, 0x0000027970eda740, 0x0000027970ee7d00,
0x0000027970ee72e0, 0x0000027970ee77f0, 0x0000027970ee68c0, 0x0000027970ee9140,
0x0000027970ee6dd0, 0x0000027970ee63b0, 0x0000027970ee5990, 0x0000027972f6fd30,
0x0000027972f71b90, 0x0000027972f73f00, 0x0000027972f72ac0, 0x0000027972f6e8f0,
0x0000027972f6e3e0, 0x0000027972f6ee00, 0x0000027972f70240, 0x0000027972f71680,
0x0000027972f71170, 0x0000027972f720a0, 0x0000027972f6f310, 0x0000027972f70750,
0x0000027972f725b0, 0x0000027972f6f820, 0x0000027972f70c60, 0x0000027972f72fd0,
0x0000027972f734e0, 0x0000027972f739f0, 0x0000027972f74410, 0x0000027972f6cfa0,
0x0000027972f74920, 0x0000027972f6d4b0, 0x0000027972f6d9c0, 0x0000027972f6ded0,
0x0000027972af9e20, 0x0000027972af84d0, 0x0000027972af89e0
}

Java Threads: ( => current thread )
  0x0000027912e38bb0 JavaThread "main" [_thread_blocked, id=25796, stack(0x0000008ec4f00000,0x0000008ec5000000)]
  0x000002792a535530 JavaThread "Reference Handler" daemon [_thread_blocked, id=38668, stack(0x0000008ec5600000,0x0000008ec5700000)]
  0x000002792a5363b0 JavaThread "Finalizer" daemon [_thread_blocked, id=38784, stack(0x0000008ec5700000,0x0000008ec5800000)]
  0x000002792a5491e0 JavaThread "Signal Dispatcher" daemon [_thread_blocked, id=36188, stack(0x0000008ec5800000,0x0000008ec5900000)]
  0x000002792a54c0d0 JavaThread "Attach Listener" daemon [_thread_blocked, id=8184, stack(0x0000008ec5900000,0x0000008ec5a00000)]
  0x000002792a54eaa0 JavaThread "Service Thread" daemon [_thread_blocked, id=31724, stack(0x0000008ec5a00000,0x0000008ec5b00000)]
  0x000002792a54f460 JavaThread "Monitor Deflation Thread" daemon [_thread_blocked, id=28820, stack(0x0000008ec5b00000,0x0000008ec5c00000)]
  0x000002792a54fed0 JavaThread "C1 CompilerThread0" daemon [_thread_blocked, id=27660, stack(0x0000008ec5c00000,0x0000008ec5d00000)]
  0x000002792a55c5f0 JavaThread "Sweeper thread" daemon [_thread_blocked, id=22076, stack(0x0000008ec5d00000,0x0000008ec5e00000)]
  0x000002792a8104a0 JavaThread "C1 CompilerThread1" daemon [_thread_blocked, id=21184, stack(0x0000008ec5e00000,0x0000008ec5f00000)]
  0x000002792a9a7c50 JavaThread "Common-Cleaner" daemon [_thread_blocked, id=10632, stack(0x0000008ec5f00000,0x0000008ec6000000)]
  0x000002792a9ae6c0 JavaThread "C1 CompilerThread2" daemon [_thread_blocked, id=25744, stack(0x0000008ec6000000,0x0000008ec6100000)]
  0x000002792a9aec90 JavaThread "C1 CompilerThread3" daemon [_thread_blocked, id=6864, stack(0x0000008ec6100000,0x0000008ec6200000)]
  0x000002792ab8e370 JavaThread "Monitor Ctrl-Break" daemon [_thread_in_native, id=12132, stack(0x0000008ec6200000,0x0000008ec6300000)]
  0x000002792ab8e850 JavaThread "Notification Thread" daemon [_thread_blocked, id=35760, stack(0x0000008ec6300000,0x0000008ec6400000)]
  0x00000279704d6720 JavaThread "RMI TCP Accept-0" daemon [_thread_in_native, id=6264, stack(0x0000008ec6400000,0x0000008ec6500000)]
  0x0000027970cff5a0 JavaThread "C1 CompilerThread4" daemon [_thread_blocked, id=21224, stack(0x0000008ec6e00000,0x0000008ec6f00000)]
  0x0000027970e83030 JavaThread "RMI TCP Connection(1)-172.22.2.13" daemon [_thread_in_native, id=22412, stack(0x0000008ec7200000,0x0000008ec7300000)]
  0x0000027970eda740 JavaThread "RMI Scheduler(0)" daemon [_thread_blocked, id=22836, stack(0x0000008ec7300000,0x0000008ec7400000)]
  0x0000027970ee7d00 JavaThread "Keep-Alive-Timer" daemon [_thread_blocked, id=7080, stack(0x0000008ec6f00000,0x0000008ec7000000)]
  0x0000027970ee72e0 JavaThread "Catalina-utility-1" [_thread_blocked, id=23276, stack(0x0000008ec7000000,0x0000008ec7100000)]
  0x0000027970ee77f0 JavaThread "Catalina-utility-2" [_thread_blocked, id=3532, stack(0x0000008ec7d00000,0x0000008ec7e00000)]
  0x0000027970ee68c0 JavaThread "container-0" [_thread_blocked, id=25408, stack(0x0000008ec7e00000,0x0000008ec7f00000)]
  0x0000027970ee9140 JavaThread "mysql-cj-abandoned-connection-cleanup" daemon [_thread_blocked, id=33608, stack(0x0000008ec7f00000,0x0000008ec8000000)]
  0x0000027970ee6dd0 JavaThread "HikariPool-1 housekeeper" daemon [_thread_blocked, id=28880, stack(0x0000008ec8000000,0x0000008ec8100000)]
  0x0000027970ee63b0 JavaThread "HikariPool-1 connection adder" daemon [_thread_blocked, id=37856, stack(0x0000008ec8100000,0x0000008ec8200000)]
  0x0000027970ee5990 JavaThread "ClassGraph-worker-116" daemon [_thread_blocked, id=34148, stack(0x0000008ec8200000,0x0000008ec8300000)]
  0x0000027972f6fd30 JavaThread "ClassGraph-worker-117" daemon [_thread_blocked, id=6352, stack(0x0000008ec8300000,0x0000008ec8400000)]
  0x0000027972f71b90 JavaThread "ClassGraph-worker-118" daemon [_thread_blocked, id=19752, stack(0x0000008ec8400000,0x0000008ec8500000)]
  0x0000027972f73f00 JavaThread "ClassGraph-worker-119" daemon [_thread_blocked, id=19796, stack(0x0000008ec8500000,0x0000008ec8600000)]
  0x0000027972f72ac0 JavaThread "ClassGraph-worker-120" daemon [_thread_blocked, id=25524, stack(0x0000008ec8600000,0x0000008ec8700000)]
  0x0000027972f6e8f0 JavaThread "ClassGraph-worker-121" daemon [_thread_blocked, id=14540, stack(0x0000008ec8700000,0x0000008ec8800000)]
  0x0000027972f6e3e0 JavaThread "ClassGraph-worker-122" daemon [_thread_blocked, id=12392, stack(0x0000008ec8800000,0x0000008ec8900000)]
  0x0000027972f6ee00 JavaThread "ClassGraph-worker-123" daemon [_thread_blocked, id=37908, stack(0x0000008ec8900000,0x0000008ec8a00000)]
  0x0000027972f70240 JavaThread "ClassGraph-worker-124" daemon [_thread_blocked, id=26460, stack(0x0000008ec8a00000,0x0000008ec8b00000)]
  0x0000027972f71680 JavaThread "ClassGraph-worker-125" daemon [_thread_blocked, id=28956, stack(0x0000008ec8b00000,0x0000008ec8c00000)]
  0x0000027972f71170 JavaThread "ClassGraph-worker-126" daemon [_thread_blocked, id=13768, stack(0x0000008ec8c00000,0x0000008ec8d00000)]
  0x0000027972f720a0 JavaThread "ClassGraph-worker-127" daemon [_thread_blocked, id=15612, stack(0x0000008ec8d00000,0x0000008ec8e00000)]
  0x0000027972f6f310 JavaThread "ClassGraph-worker-128" daemon [_thread_blocked, id=30336, stack(0x0000008ec8e00000,0x0000008ec8f00000)]
  0x0000027972f70750 JavaThread "ClassGraph-worker-129" daemon [_thread_blocked, id=37640, stack(0x0000008ec8f00000,0x0000008ec9000000)]
  0x0000027972f725b0 JavaThread "ClassGraph-worker-130" daemon [_thread_blocked, id=34172, stack(0x0000008ec9000000,0x0000008ec9100000)]
  0x0000027972f6f820 JavaThread "ClassGraph-worker-131" daemon [_thread_blocked, id=26652, stack(0x0000008ec9100000,0x0000008ec9200000)]
  0x0000027972f70c60 JavaThread "ClassGraph-worker-132" daemon [_thread_blocked, id=33528, stack(0x0000008ec9200000,0x0000008ec9300000)]
  0x0000027972f72fd0 JavaThread "ClassGraph-worker-133" daemon [_thread_blocked, id=36152, stack(0x0000008ec9300000,0x0000008ec9400000)]
  0x0000027972f734e0 JavaThread "ClassGraph-worker-134" daemon [_thread_blocked, id=8780, stack(0x0000008ec9400000,0x0000008ec9500000)]
  0x0000027972f739f0 JavaThread "ClassGraph-worker-135" daemon [_thread_blocked, id=24492, stack(0x0000008ec9500000,0x0000008ec9600000)]
  0x0000027972f74410 JavaThread "ClassGraph-worker-136" daemon [_thread_blocked, id=27700, stack(0x0000008ec9600000,0x0000008ec9700000)]
  0x0000027972f6cfa0 JavaThread "ClassGraph-worker-137" daemon [_thread_blocked, id=32132, stack(0x0000008ec9700000,0x0000008ec9800000)]
  0x0000027972f74920 JavaThread "ClassGraph-worker-138" daemon [_thread_blocked, id=12000, stack(0x0000008ec9800000,0x0000008ec9900000)]
  0x0000027972f6d4b0 JavaThread "ClassGraph-worker-139" daemon [_thread_blocked, id=24700, stack(0x0000008ec9900000,0x0000008ec9a00000)]
  0x0000027972f6d9c0 JavaThread "ClassGraph-worker-140" daemon [_thread_blocked, id=14428, stack(0x0000008ec9a00000,0x0000008ec9b00000)]
  0x0000027972f6ded0 JavaThread "ClassGraph-worker-141" daemon [_thread_blocked, id=25156, stack(0x0000008ec9b00000,0x0000008ec9c00000)]
  0x0000027972af9e20 JavaThread "ClassGraph-worker-142" daemon [_thread_blocked, id=36528, stack(0x0000008ec9c00000,0x0000008ec9d00000)]
  0x0000027972af84d0 JavaThread "ClassGraph-worker-143" daemon [_thread_blocked, id=14564, stack(0x0000008ec9d00000,0x0000008ec9e00000)]
  0x0000027972af89e0 JavaThread "ClassGraph-worker-144" daemon [_thread_blocked, id=432, stack(0x0000008ec9e00000,0x0000008ec9f00000)]

Other Threads:
=>0x000002792a531930 VMThread "VM Thread" [stack: 0x0000008ec5500000,0x0000008ec5600000] [id=31832]
  0x000002792a3776b0 WatcherThread [stack: 0x0000008ec6500000,0x0000008ec6600000] [id=15936]
  0x0000027912ea5f80 GCTaskThread "GC Thread#0" [stack: 0x0000008ec5000000,0x0000008ec5100000] [id=27452]
  0x0000027970a0b0e0 GCTaskThread "GC Thread#1" [stack: 0x0000008ec6600000,0x0000008ec6700000] [id=19676]
  0x0000027970a0b3a0 GCTaskThread "GC Thread#2" [stack: 0x0000008ec6700000,0x0000008ec6800000] [id=8320]
  0x0000027970a24e90 GCTaskThread "GC Thread#3" [stack: 0x0000008ec6800000,0x0000008ec6900000] [id=26536]
  0x0000027970a25150 GCTaskThread "GC Thread#4" [stack: 0x0000008ec6900000,0x0000008ec6a00000] [id=27228]
  0x0000027970a25c20 GCTaskThread "GC Thread#5" [stack: 0x0000008ec6a00000,0x0000008ec6b00000] [id=14308]
  0x0000027970c331c0 GCTaskThread "GC Thread#6" [stack: 0x0000008ec6b00000,0x0000008ec6c00000] [id=3800]
  0x0000027970c33480 GCTaskThread "GC Thread#7" [stack: 0x0000008ec6c00000,0x0000008ec6d00000] [id=37972]
  0x0000027970c35750 GCTaskThread "GC Thread#8" [stack: 0x0000008ec6d00000,0x0000008ec6e00000] [id=33672]
  0x00000279710b3150 GCTaskThread "GC Thread#9" [stack: 0x0000008ec7400000,0x0000008ec7500000] [id=7420]
  0x00000279710b3410 GCTaskThread "GC Thread#10" [stack: 0x0000008ec7500000,0x0000008ec7600000] [id=9168]
  0x00000279710b36d0 GCTaskThread "GC Thread#11" [stack: 0x0000008ec7600000,0x0000008ec7700000] [id=952]
  0x00000279710b3990 GCTaskThread "GC Thread#12" [stack: 0x0000008ec7700000,0x0000008ec7800000] [id=28912]
  0x00000279710b5080 GCTaskThread "GC Thread#13" [stack: 0x0000008ec7800000,0x0000008ec7900000] [id=31288]
  0x00000279710b42c0 GCTaskThread "GC Thread#14" [stack: 0x0000008ec7900000,0x0000008ec7a00000] [id=16264]
  0x0000027912eb6a10 ConcurrentGCThread "G1 Main Marker" [stack: 0x0000008ec5100000,0x0000008ec5200000] [id=1376]
  0x0000027912eb7420 ConcurrentGCThread "G1 Conc#0" [stack: 0x0000008ec5200000,0x0000008ec5300000] [id=23492]
  0x00000279710b5600 ConcurrentGCThread "G1 Conc#1" [stack: 0x0000008ec7a00000,0x0000008ec7b00000] [id=31660]
  0x00000279710b4580 ConcurrentGCThread "G1 Conc#2" [stack: 0x0000008ec7b00000,0x0000008ec7c00000] [id=13000]
  0x00000279710b5340 ConcurrentGCThread "G1 Conc#3" [stack: 0x0000008ec7c00000,0x0000008ec7d00000] [id=13048]
  0x000002792a46ea50 ConcurrentGCThread "G1 Refine#0" [stack: 0x0000008ec5300000,0x0000008ec5400000] [id=38272]
  0x000002797285dcc0 ConcurrentGCThread "G1 Refine#1" [stack: 0x0000008ec9f00000,0x0000008eca000000] [id=12664]
  0x0000027972856170 ConcurrentGCThread "G1 Refine#2" [stack: 0x0000008eca000000,0x0000008eca100000] [id=10164]
  0x000002792a46f480 ConcurrentGCThread "G1 Service" [stack: 0x0000008ec5400000,0x0000008ec5500000] [id=18488]

Threads with active compile tasks:

VM state: at safepoint (normal execution)

VM Mutex/Monitor currently owned by a thread:  ([mutex/lock_event])
[0x0000027912e33ee0] Threads_lock - owner thread: 0x000002792a531930
[0x0000027912e339d0] Heap_lock - owner thread: 0x0000027972f70c60

Heap address: 0x0000000704c00000, size: 4020 MB, Compressed Oops mode: Zero based, Oop shift amount: 3

CDS archive(s) mapped at: [0x000002792b000000-0x000002792bbd0000-0x000002792bbd0000), size 12386304, SharedBaseAddress: 0x000002792b000000, ArchiveRelocationMode: 1.
Compressed class space mapped at: 0x000002792c000000-0x000002796c000000, reserved size: 1073741824
Narrow klass base: 0x000002792b000000, Narrow klass shift: 0, Narrow klass range: 0x100000000

GC Precious Log:
 CPUs: 20 total, 20 available
 Memory: 16072M
 Large Page Support: Disabled
 NUMA Support: Disabled
 Compressed Oops: Enabled (Zero based)
 Heap Region Size: 2M
 Heap Min Capacity: 8M
 Heap Initial Capacity: 252M
 Heap Max Capacity: 4020M
 Pre-touch: Disabled
 Parallel Workers: 15
 Concurrent Workers: 4
 Concurrent Refinement Workers: 15
 Periodic GC: Disabled

Heap:
 garbage-first heap   total 120832K, used 75692K [0x0000000704c00000, 0x0000000800000000)
  region size 2048K, 2 young (4096K), 2 survivors (4096K)
 Metaspace       used 68900K, committed 69440K, reserved 1114112K
  class space    used 9909K, committed 10176K, reserved 1048576K

Heap Regions: E=young(eden), S=young(survivor), O=old, HS=humongous(starts), HC=humongous(continues), CS=collection set, F=free, OA=open archive, CA=closed archive, TAMS=top-at-mark-start (previous, next)
|   0|0x0000000704c00000, 0x0000000704e00000, 0x0000000704e00000|100%| O|  |TAMS 0x0000000704e00000, 0x0000000704c00000| Untracked 
|   1|0x0000000704e00000, 0x0000000705000000, 0x0000000705000000|100%| O|  |TAMS 0x0000000705000000, 0x0000000704e00000| Untracked 
|   2|0x0000000705000000, 0x0000000705200000, 0x0000000705200000|100%| O|  |TAMS 0x0000000705200000, 0x0000000705000000| Untracked 
|   3|0x0000000705200000, 0x0000000705400000, 0x0000000705400000|100%| O|  |TAMS 0x0000000705400000, 0x0000000705200000| Untracked 
|   4|0x0000000705400000, 0x0000000705600000, 0x0000000705600000|100%| O|  |TAMS 0x0000000705600000, 0x0000000705400000| Untracked 
|   5|0x0000000705600000, 0x0000000705800000, 0x0000000705800000|100%| O|  |TAMS 0x0000000705800000, 0x0000000705600000| Untracked 
|   6|0x0000000705800000, 0x0000000705a00000, 0x0000000705a00000|100%| O|  |TAMS 0x0000000705a00000, 0x0000000705800000| Untracked 
|   7|0x0000000705a00000, 0x0000000705c00000, 0x0000000705c00000|100%| O|  |TAMS 0x0000000705c00000, 0x0000000705a00000| Untracked 
|   8|0x0000000705c00000, 0x0000000705e00000, 0x0000000705e00000|100%| O|  |TAMS 0x0000000705e00000, 0x0000000705c00000| Untracked 
|   9|0x0000000705e00000, 0x0000000706000000, 0x0000000706000000|100%| O|  |TAMS 0x0000000706000000, 0x0000000705e00000| Untracked 
|  10|0x0000000706000000, 0x0000000706200000, 0x0000000706200000|100%| O|  |TAMS 0x0000000706200000, 0x0000000706000000| Untracked 
|  11|0x0000000706200000, 0x0000000706400000, 0x0000000706400000|100%| O|  |TAMS 0x0000000706400000, 0x0000000706200000| Untracked 
|  12|0x0000000706400000, 0x0000000706600000, 0x0000000706600000|100%| O|  |TAMS 0x0000000706600000, 0x0000000706400000| Untracked 
|  13|0x0000000706600000, 0x0000000706686600, 0x0000000706800000| 26%| O|  |TAMS 0x0000000706686600, 0x0000000706600000| Complete 
|  14|0x0000000706800000, 0x0000000706a00000, 0x0000000706a00000|100%| O|  |TAMS 0x0000000706a00000, 0x0000000706800000| Untracked 
|  15|0x0000000706a00000, 0x0000000706c00000, 0x0000000706c00000|100%| O|  |TAMS 0x0000000706c00000, 0x0000000706a00000| Untracked 
|  16|0x0000000706c00000, 0x0000000706e00000, 0x0000000706e00000|100%| O|  |TAMS 0x0000000706e00000, 0x0000000706c00000| Untracked 
|  17|0x0000000706e00000, 0x0000000707000000, 0x0000000707000000|100%| O|  |TAMS 0x0000000707000000, 0x0000000706e00000| Untracked 
|  18|0x0000000707000000, 0x0000000707200000, 0x0000000707200000|100%| O|  |TAMS 0x0000000707200000, 0x0000000707000000| Complete 
|  19|0x0000000707200000, 0x0000000707400000, 0x0000000707400000|100%| O|  |TAMS 0x0000000707400000, 0x0000000707200000| Untracked 
|  20|0x0000000707400000, 0x0000000707600000, 0x0000000707600000|100%| O|  |TAMS 0x0000000707600000, 0x0000000707400000| Untracked 
|  21|0x0000000707600000, 0x0000000707800000, 0x0000000707800000|100%| O|  |TAMS 0x0000000707800000, 0x0000000707600000| Untracked 
|  22|0x0000000707800000, 0x0000000707a00000, 0x0000000707a00000|100%| O|  |TAMS 0x0000000707a00000, 0x0000000707800000| Complete 
|  23|0x0000000707a00000, 0x0000000707c00000, 0x0000000707c00000|100%| O|  |TAMS 0x0000000707c00000, 0x0000000707a00000| Untracked 
|  24|0x0000000707c00000, 0x0000000707e00000, 0x0000000707e00000|100%| O|  |TAMS 0x0000000707e00000, 0x0000000707c00000| Untracked 
|  25|0x0000000707e00000, 0x0000000708000000, 0x0000000708000000|100%| O|  |TAMS 0x0000000707f4ac00, 0x0000000707e00000| Untracked 
|  26|0x0000000708000000, 0x0000000708200000, 0x0000000708200000|100%| O|  |TAMS 0x0000000708000000, 0x0000000708000000| Untracked 
|  27|0x0000000708200000, 0x0000000708400000, 0x0000000708400000|100%| O|  |TAMS 0x0000000708200000, 0x0000000708200000| Untracked 
|  28|0x0000000708400000, 0x0000000708600000, 0x0000000708600000|100%| O|  |TAMS 0x0000000708400000, 0x0000000708400000| Untracked 
|  29|0x0000000708600000, 0x0000000708800000, 0x0000000708800000|100%| O|  |TAMS 0x0000000708600000, 0x0000000708600000| Untracked 
|  30|0x0000000708800000, 0x0000000708a00000, 0x0000000708a00000|100%| O|  |TAMS 0x0000000708800000, 0x0000000708800000| Untracked 
|  31|0x0000000708a00000, 0x0000000708c00000, 0x0000000708c00000|100%| O|  |TAMS 0x0000000708a00000, 0x0000000708a00000| Untracked 
|  32|0x0000000708c00000, 0x0000000708e00000, 0x0000000708e00000|100%| O|  |TAMS 0x0000000708c00000, 0x0000000708c00000| Untracked 
|  33|0x0000000708e00000, 0x0000000709000000, 0x0000000709000000|100%| O|  |TAMS 0x0000000708e00000, 0x0000000708e00000| Untracked 
|  34|0x0000000709000000, 0x0000000709200000, 0x0000000709200000|100%| O|  |TAMS 0x0000000709000000, 0x0000000709000000| Untracked 
|  35|0x0000000709200000, 0x0000000709364c00, 0x0000000709400000| 69%| O|  |TAMS 0x0000000709200000, 0x0000000709200000| Untracked 
|  36|0x0000000709400000, 0x0000000709400000, 0x0000000709600000|  0%| F|  |TAMS 0x0000000709400000, 0x0000000709400000| Untracked 
|  37|0x0000000709600000, 0x0000000709600000, 0x0000000709800000|  0%| F|  |TAMS 0x0000000709600000, 0x0000000709600000| Untracked 
|  38|0x0000000709800000, 0x0000000709800000, 0x0000000709a00000|  0%| F|  |TAMS 0x0000000709800000, 0x0000000709800000| Untracked 
|  39|0x0000000709a00000, 0x0000000709a00000, 0x0000000709c00000|  0%| F|  |TAMS 0x0000000709a00000, 0x0000000709a00000| Untracked 
|  40|0x0000000709c00000, 0x0000000709c00000, 0x0000000709e00000|  0%| F|  |TAMS 0x0000000709c00000, 0x0000000709c00000| Untracked 
|  41|0x0000000709e00000, 0x0000000709e00000, 0x000000070a000000|  0%| F|  |TAMS 0x0000000709e00000, 0x0000000709e00000| Untracked 
|  42|0x000000070a000000, 0x000000070a000000, 0x000000070a200000|  0%| F|  |TAMS 0x000000070a000000, 0x000000070a000000| Untracked 
|  43|0x000000070a200000, 0x000000070a200000, 0x000000070a400000|  0%| F|  |TAMS 0x000000070a200000, 0x000000070a200000| Untracked 
|  44|0x000000070a400000, 0x000000070a400000, 0x000000070a600000|  0%| F|  |TAMS 0x000000070a400000, 0x000000070a400000| Untracked 
|  45|0x000000070a600000, 0x000000070a800000, 0x000000070a800000|100%| S|CS|TAMS 0x000000070a600000, 0x000000070a600000| Complete 
|  46|0x000000070a800000, 0x000000070aa00000, 0x000000070aa00000|100%| S|CS|TAMS 0x000000070a800000, 0x000000070a800000| Complete 
|  47|0x000000070aa00000, 0x000000070aa00000, 0x000000070ac00000|  0%| F|  |TAMS 0x000000070aa00000, 0x000000070aa00000| Untracked 
|  48|0x000000070ac00000, 0x000000070ac00000, 0x000000070ae00000|  0%| F|  |TAMS 0x000000070ac00000, 0x000000070ac00000| Untracked 
|  49|0x000000070ae00000, 0x000000070ae00000, 0x000000070b000000|  0%| F|  |TAMS 0x000000070ae00000, 0x000000070ae00000| Untracked 
|  50|0x000000070b000000, 0x000000070b000000, 0x000000070b200000|  0%| F|  |TAMS 0x000000070b000000, 0x000000070b000000| Untracked 
|  51|0x000000070b200000, 0x000000070b200000, 0x000000070b400000|  0%| F|  |TAMS 0x000000070b200000, 0x000000070b200000| Untracked 
|  52|0x000000070b400000, 0x000000070b400000, 0x000000070b600000|  0%| F|  |TAMS 0x000000070b400000, 0x000000070b400000| Untracked 
|  53|0x000000070b600000, 0x000000070b600000, 0x000000070b800000|  0%| F|  |TAMS 0x000000070b600000, 0x000000070b600000| Untracked 
|  54|0x000000070b800000, 0x000000070b800000, 0x000000070ba00000|  0%| F|  |TAMS 0x000000070b800000, 0x000000070b800000| Untracked 
|  55|0x000000070ba00000, 0x000000070ba00000, 0x000000070bc00000|  0%| F|  |TAMS 0x000000070ba00000, 0x000000070ba00000| Untracked 
|  56|0x000000070bc00000, 0x000000070bc00000, 0x000000070be00000|  0%| F|  |TAMS 0x000000070bc00000, 0x000000070bc00000| Untracked 
|  57|0x000000070be00000, 0x000000070be00000, 0x000000070c000000|  0%| F|  |TAMS 0x000000070be00000, 0x000000070be00000| Untracked 
| 125|0x0000000714600000, 0x0000000714600000, 0x0000000714800000|  0%| F|  |TAMS 0x0000000714600000, 0x0000000714600000| Untracked 

Card table byte_map: [0x000002791e730000,0x000002791ef10000] _byte_map_base: 0x000002791af0a000

Marking Bits (Prev, Next): (CMBitMap*) 0x0000027912ea65a0, (CMBitMap*) 0x0000027912ea65e0
 Prev Bits: [0x000002791f6f0000, 0x00000279235c0000)
 Next Bits: [0x00000279235c0000, 0x0000027927490000)

Polling page: 0x0000027910d70000

Metaspace:

Usage:
  Non-class:     57.61 MB used.
      Class:      9.68 MB used.
       Both:     67.29 MB used.

Virtual space:
  Non-class space:       64.00 MB reserved,      57.88 MB ( 90%) committed,  1 nodes.
      Class space:        1.00 GB reserved,       9.94 MB ( <1%) committed,  1 nodes.
             Both:        1.06 GB reserved,      67.81 MB (  6%) committed. 

Chunk freelists:
   Non-Class:  5.44 MB
       Class:  6.11 MB
        Both:  11.55 MB

MaxMetaspaceSize: unlimited
CompressedClassSpaceSize: 1.00 GB
Initial GC threshold: 21.00 MB
Current GC threshold: 113.06 MB
CDS: on
MetaspaceReclaimPolicy: balanced
 - commit_granule_bytes: 65536.
 - commit_granule_words: 8192.
 - virtual_space_node_default_size: 8388608.
 - enlarge_chunks_in_place: 1.
 - new_chunks_are_fully_committed: 0.
 - uncommit_free_chunks: 1.
 - use_allocation_guard: 0.
 - handle_deallocations: 1.


Internal statistics:

num_allocs_failed_limit: 9.
num_arena_births: 774.
num_arena_deaths: 0.
num_vsnodes_births: 2.
num_vsnodes_deaths: 0.
num_space_committed: 1085.
num_space_uncommitted: 0.
num_chunks_returned_to_freelist: 9.
num_chunks_taken_from_freelist: 3156.
num_chunk_merges: 9.
num_chunk_splits: 2331.
num_chunks_enlarged: 1842.
num_inconsistent_stats: 0.

CodeCache: size=49152Kb used=13374Kb max_used=13374Kb free=35777Kb
 bounds [0x000002791a6d0000, 0x000002791b3e0000, 0x000002791d6d0000]
 total_blobs=6633 nmethods=5958 adapters=598
 compilation: enabled
              stopped_count=0, restarted_count=0
 full_count=0

Compilation events (20 events):
Event: 4.465 Thread 0x000002792a8104a0 nmethod 5947 0x000002791b3daf10 code [0x000002791b3db0a0, 0x000002791b3db158]
Event: 4.465 Thread 0x000002792a8104a0 5950   !   1       java.nio.Bits::reserveMemory (232 bytes)
Event: 4.465 Thread 0x000002792a54fed0 nmethod 5949 0x000002791b3db210 code [0x000002791b3db3e0, 0x000002791b3db938]
Event: 4.465 Thread 0x000002792a9aec90 5951       1       java.nio.DirectByteBuffer$Deallocator::<init> (41 bytes)
Event: 4.465 Thread 0x000002792a9aec90 nmethod 5951 0x000002791b3dba90 code [0x000002791b3dbc20, 0x000002791b3dbcf8]
Event: 4.466 Thread 0x000002792a8104a0 nmethod 5950 0x000002791b3dbd90 code [0x000002791b3dc080, 0x000002791b3dcb88]
Event: 4.477 Thread 0x000002792a9aec90 5952       1       java.util.ComparableTimSort::mergeAt (356 bytes)
Event: 4.477 Thread 0x000002792a9aec90 nmethod 5952 0x000002791b3dd490 code [0x000002791b3dd6a0, 0x000002791b3ddb58]
Event: 4.477 Thread 0x000002792a9ae6c0 5953   !   1       jdk.internal.ref.Cleaner::clean (35 bytes)
Event: 4.477 Thread 0x000002792a9aec90 5954       1       java.nio.DirectByteBuffer$Deallocator::run (38 bytes)
Event: 4.477 Thread 0x000002792a54fed0 5955       1       java.nio.Bits::unreserveMemory (64 bytes)
Event: 4.477 Thread 0x0000027970cff5a0 5956       1       sun.nio.ch.Util$BufferCache::removeFirst (65 bytes)
Event: 4.477 Thread 0x000002792a8104a0 5957  s    1       jdk.internal.ref.Cleaner::remove (89 bytes)
Event: 4.477 Thread 0x000002792a54fed0 nmethod 5955 0x000002791b3dde10 code [0x000002791b3ddfa0, 0x000002791b3de098]
Event: 4.477 Thread 0x0000027970cff5a0 nmethod 5956 0x000002791b3de110 code [0x000002791b3de2a0, 0x000002791b3de418]
Event: 4.477 Thread 0x000002792a54fed0 5958       1       java.util.concurrent.atomic.AtomicLong::decrementAndGet (16 bytes)
Event: 4.477 Thread 0x000002792a9aec90 nmethod 5954 0x000002791b3de510 code [0x000002791b3de6c0, 0x000002791b3de8a8]
Event: 4.478 Thread 0x000002792a9ae6c0 nmethod 5953 0x000002791b3de990 code [0x000002791b3deb80, 0x000002791b3dedc8]
Event: 4.478 Thread 0x000002792a8104a0 nmethod 5957 0x000002791b3def10 code [0x000002791b3df0e0, 0x000002791b3df598]
Event: 4.478 Thread 0x000002792a54fed0 nmethod 5958 0x000002791b3df690 code [0x000002791b3df820, 0x000002791b3df918]

GC Heap History (20 events):
Event: 2.802 GC heap after
{Heap after GC invocations=7 (full 0):
 garbage-first heap   total 159744K, used 18751K [0x0000000704c00000, 0x0000000800000000)
  region size 2048K, 1 young (2048K), 1 survivors (2048K)
 Metaspace       used 26818K, committed 27136K, reserved 1114112K
  class space    used 3658K, committed 3776K, reserved 1048576K
}
Event: 3.245 GC heap before
{Heap before GC invocations=7 (full 0):
 garbage-first heap   total 159744K, used 80191K [0x0000000704c00000, 0x0000000800000000)
  region size 2048K, 32 young (65536K), 1 survivors (2048K)
 Metaspace       used 35640K, committed 36096K, reserved 1114112K
  class space    used 5063K, committed 5312K, reserved 1048576K
}
Event: 3.248 GC heap after
{Heap after GC invocations=8 (full 0):
 garbage-first heap   total 159744K, used 23388K [0x0000000704c00000, 0x0000000800000000)
  region size 2048K, 4 young (8192K), 4 survivors (8192K)
 Metaspace       used 35640K, committed 36096K, reserved 1114112K
  class space    used 5063K, committed 5312K, reserved 1048576K
}
Event: 3.655 GC heap before
{Heap before GC invocations=9 (full 0):
 garbage-first heap   total 96256K, used 72540K [0x0000000704c00000, 0x0000000800000000)
  region size 2048K, 28 young (57344K), 4 survivors (8192K)
 Metaspace       used 50788K, committed 51328K, reserved 1114112K
  class space    used 7140K, committed 7424K, reserved 1048576K
}
Event: 3.659 GC heap after
{Heap after GC invocations=10 (full 0):
 garbage-first heap   total 96256K, used 26996K [0x0000000704c00000, 0x0000000800000000)
  region size 2048K, 2 young (4096K), 2 survivors (4096K)
 Metaspace       used 50788K, committed 51328K, reserved 1114112K
  class space    used 7140K, committed 7424K, reserved 1048576K
}
Event: 3.938 GC heap before
{Heap before GC invocations=10 (full 0):
 garbage-first heap   total 96256K, used 61812K [0x0000000704c00000, 0x0000000800000000)
  region size 2048K, 20 young (40960K), 2 survivors (4096K)
 Metaspace       used 59804K, committed 60288K, reserved 1114112K
  class space    used 8592K, committed 8832K, reserved 1048576K
}
Event: 3.941 GC heap after
{Heap after GC invocations=11 (full 0):
 garbage-first heap   total 96256K, used 29251K [0x0000000704c00000, 0x0000000800000000)
  region size 2048K, 2 young (4096K), 2 survivors (4096K)
 Metaspace       used 59804K, committed 60288K, reserved 1114112K
  class space    used 8592K, committed 8832K, reserved 1048576K
}
Event: 4.197 GC heap before
{Heap before GC invocations=12 (full 0):
 garbage-first heap   total 96256K, used 70211K [0x0000000704c00000, 0x0000000800000000)
  region size 2048K, 22 young (45056K), 2 survivors (4096K)
 Metaspace       used 66049K, committed 66560K, reserved 1114112K
  class space    used 9531K, committed 9792K, reserved 1048576K
}
Event: 4.199 GC heap after
{Heap after GC invocations=13 (full 0):
 garbage-first heap   total 96256K, used 32107K [0x0000000704c00000, 0x0000000800000000)
  region size 2048K, 3 young (6144K), 3 survivors (6144K)
 Metaspace       used 66049K, committed 66560K, reserved 1114112K
  class space    used 9531K, committed 9792K, reserved 1048576K
}
Event: 4.364 GC heap before
{Heap before GC invocations=13 (full 0):
 garbage-first heap   total 96256K, used 68971K [0x0000000704c00000, 0x0000000800000000)
  region size 2048K, 22 young (45056K), 3 survivors (6144K)
 Metaspace       used 68808K, committed 69376K, reserved 1114112K
  class space    used 9896K, committed 10176K, reserved 1048576K
}
Event: 4.368 GC heap after
{Heap after GC invocations=14 (full 0):
 garbage-first heap   total 96256K, used 38700K [0x0000000704c00000, 0x0000000800000000)
  region size 2048K, 3 young (6144K), 3 survivors (6144K)
 Metaspace       used 68808K, committed 69376K, reserved 1114112K
  class space    used 9896K, committed 10176K, reserved 1048576K
}
Event: 4.387 GC heap before
{Heap before GC invocations=14 (full 0):
 garbage-first heap   total 96256K, used 69420K [0x0000000704c00000, 0x0000000800000000)
  region size 2048K, 19 young (38912K), 3 survivors (6144K)
 Metaspace       used 68821K, committed 69376K, reserved 1114112K
  class space    used 9898K, committed 10176K, reserved 1048576K
}
Event: 4.390 GC heap after
{Heap after GC invocations=15 (full 0):
 garbage-first heap   total 116736K, used 44927K [0x0000000704c00000, 0x0000000800000000)
  region size 2048K, 3 young (6144K), 3 survivors (6144K)
 Metaspace       used 68821K, committed 69376K, reserved 1114112K
  class space    used 9898K, committed 10176K, reserved 1048576K
}
Event: 4.427 GC heap before
{Heap before GC invocations=15 (full 0):
 garbage-first heap   total 116736K, used 83839K [0x0000000704c00000, 0x0000000800000000)
  region size 2048K, 23 young (47104K), 3 survivors (6144K)
 Metaspace       used 68900K, committed 69440K, reserved 1114112K
  class space    used 9909K, committed 10176K, reserved 1048576K
}
Event: 4.430 GC heap after
{Heap after GC invocations=16 (full 0):
 garbage-first heap   total 116736K, used 57156K [0x0000000704c00000, 0x0000000800000000)
  region size 2048K, 3 young (6144K), 3 survivors (6144K)
 Metaspace       used 68900K, committed 69440K, reserved 1114112K
  class space    used 9909K, committed 10176K, reserved 1048576K
}
Event: 4.446 GC heap before
{Heap before GC invocations=16 (full 0):
 garbage-first heap   total 116736K, used 83780K [0x0000000704c00000, 0x0000000800000000)
  region size 2048K, 17 young (34816K), 3 survivors (6144K)
 Metaspace       used 68900K, committed 69440K, reserved 1114112K
  class space    used 9909K, committed 10176K, reserved 1048576K
}
Event: 4.449 GC heap after
{Heap after GC invocations=17 (full 0):
 garbage-first heap   total 116736K, used 65299K [0x0000000704c00000, 0x0000000800000000)
  region size 2048K, 3 young (6144K), 3 survivors (6144K)
 Metaspace       used 68900K, committed 69440K, reserved 1114112K
  class space    used 9909K, committed 10176K, reserved 1048576K
}
Event: 4.467 GC heap before
{Heap before GC invocations=17 (full 0):
 garbage-first heap   total 120832K, used 83731K [0x0000000704c00000, 0x0000000800000000)
  region size 2048K, 13 young (26624K), 3 survivors (6144K)
 Metaspace       used 68900K, committed 69440K, reserved 1114112K
  class space    used 9909K, committed 10176K, reserved 1048576K
}
Event: 4.470 GC heap after
{Heap after GC invocations=18 (full 0):
 garbage-first heap   total 120832K, used 70961K [0x0000000704c00000, 0x0000000800000000)
  region size 2048K, 2 young (4096K), 2 survivors (4096K)
 Metaspace       used 68900K, committed 69440K, reserved 1114112K
  class space    used 9909K, committed 10176K, reserved 1048576K
}
Event: 4.478 GC heap before
{Heap before GC invocations=19 (full 0):
 garbage-first heap   total 120832K, used 89393K [0x0000000704c00000, 0x0000000800000000)
  region size 2048K, 12 young (24576K), 2 survivors (4096K)
 Metaspace       used 68900K, committed 69440K, reserved 1114112K
  class space    used 9909K, committed 10176K, reserved 1048576K
}

Deoptimization events (6 events):
Event: 4.075 Thread 0x0000027912e38bb0 DEOPT PACKING pc=0x000002791ad29bd4 sp=0x0000008ec4ffca90
Event: 4.075 Thread 0x0000027912e38bb0 DEOPT UNPACKING pc=0x000002791a722b43 sp=0x0000008ec4ffbfe8 mode 0
Event: 4.145 Thread 0x0000027912e38bb0 DEOPT PACKING pc=0x000002791ae3da62 sp=0x0000008ec4ffe2a0
Event: 4.145 Thread 0x0000027912e38bb0 DEOPT UNPACKING pc=0x000002791a722b43 sp=0x0000008ec4ffd7a8 mode 3
Event: 4.145 Thread 0x0000027912e38bb0 DEOPT PACKING pc=0x000002791ae370e5 sp=0x0000008ec4ffe260
Event: 4.145 Thread 0x0000027912e38bb0 DEOPT UNPACKING pc=0x000002791a722b43 sp=0x0000008ec4ffd7a8 mode 3

Classes unloaded (0 events):
No events

Classes redefined (0 events):
No events

Internal exceptions (20 events):
Event: 4.457 Thread 0x0000027972f6fd30 Exception <a 'sun/nio/fs/WindowsException'{0x00000007147ec5b8}> (0x00000007147ec5b8) 
thrown [s\open\src\hotspot\share\prims\jni.cpp, line 516]
Event: 4.457 Thread 0x0000027972f6fd30 Exception <a 'sun/nio/fs/WindowsException'{0x00000007147ec828}> (0x00000007147ec828) 
thrown [s\open\src\hotspot\share\prims\jni.cpp, line 516]
Event: 4.457 Thread 0x0000027972f6fd30 Exception <a 'sun/nio/fs/WindowsException'{0x00000007147ed108}> (0x00000007147ed108) 
thrown [s\open\src\hotspot\share\prims\jni.cpp, line 516]
Event: 4.458 Thread 0x0000027972f6fd30 Exception <a 'sun/nio/fs/WindowsException'{0x00000007147ed3a8}> (0x00000007147ed3a8) 
thrown [s\open\src\hotspot\share\prims\jni.cpp, line 516]
Event: 4.458 Thread 0x0000027972f6fd30 Exception <a 'sun/nio/fs/WindowsException'{0x00000007147edc60}> (0x00000007147edc60) 
thrown [s\open\src\hotspot\share\prims\jni.cpp, line 516]
Event: 4.458 Thread 0x0000027972f6fd30 Exception <a 'sun/nio/fs/WindowsException'{0x000000070ba0dae0}> (0x000000070ba0dae0) 
thrown [s\open\src\hotspot\share\prims\jni.cpp, line 516]
Event: 4.458 Thread 0x0000027972f6fd30 Exception <a 'sun/nio/fs/WindowsException'{0x000000070ba0e368}> (0x000000070ba0e368) 
thrown [s\open\src\hotspot\share\prims\jni.cpp, line 516]
Event: 4.458 Thread 0x0000027972f6fd30 Exception <a 'sun/nio/fs/WindowsException'{0x000000070ba0e5a8}> (0x000000070ba0e5a8) 
thrown [s\open\src\hotspot\share\prims\jni.cpp, line 516]
Event: 4.458 Thread 0x0000027972f6fd30 Exception <a 'sun/nio/fs/WindowsException'{0x000000070ba0ee38}> (0x000000070ba0ee38) 
thrown [s\open\src\hotspot\share\prims\jni.cpp, line 516]
Event: 4.458 Thread 0x0000027972f6fd30 Exception <a 'sun/nio/fs/WindowsException'{0x000000070ba0f090}> (0x000000070ba0f090) 
thrown [s\open\src\hotspot\share\prims\jni.cpp, line 516]
Event: 4.458 Thread 0x0000027972f6fd30 Exception <a 'sun/nio/fs/WindowsException'{0x000000070ba0f920}> (0x000000070ba0f920) 
thrown [s\open\src\hotspot\share\prims\jni.cpp, line 516]
Event: 4.458 Thread 0x0000027972f6fd30 Exception <a 'sun/nio/fs/WindowsException'{0x000000070ba0fb60}> (0x000000070ba0fb60) 
thrown [s\open\src\hotspot\share\prims\jni.cpp, line 516]
Event: 4.458 Thread 0x0000027972f6fd30 Exception <a 'sun/nio/fs/WindowsException'{0x000000070ba103f0}> (0x000000070ba103f0) 
thrown [s\open\src\hotspot\share\prims\jni.cpp, line 516]
Event: 4.458 Thread 0x0000027972f6fd30 Exception <a 'sun/nio/fs/WindowsException'{0x000000070ba10648}> (0x000000070ba10648) 
thrown [s\open\src\hotspot\share\prims\jni.cpp, line 516]
Event: 4.458 Thread 0x0000027972f6fd30 Exception <a 'sun/nio/fs/WindowsException'{0x000000070ba10f00}> (0x000000070ba10f00) 
thrown [s\open\src\hotspot\share\prims\jni.cpp, line 516]
Event: 4.458 Thread 0x0000027972f6fd30 Exception <a 'sun/nio/fs/WindowsException'{0x000000070ba11170}> (0x000000070ba11170) 
thrown [s\open\src\hotspot\share\prims\jni.cpp, line 516]
Event: 4.458 Thread 0x0000027972f6fd30 Exception <a 'sun/nio/fs/WindowsException'{0x000000070ba32878}> (0x000000070ba32878) 
thrown [s\open\src\hotspot\share\prims\jni.cpp, line 516]
Event: 4.458 Thread 0x0000027972f6fd30 Exception <a 'sun/nio/fs/WindowsException'{0x000000070ba32b08}> (0x000000070ba32b08) 
thrown [s\open\src\hotspot\share\prims\jni.cpp, line 516]
Event: 4.458 Thread 0x0000027972f6fd30 Exception <a 'sun/nio/fs/WindowsException'{0x000000070ba333c0}> (0x000000070ba333c0) 
thrown [s\open\src\hotspot\share\prims\jni.cpp, line 516]
Event: 4.458 Thread 0x0000027972f6fd30 Exception <a 'sun/nio/fs/WindowsException'{0x000000070ba33648}> (0x000000070ba33648) 
thrown [s\open\src\hotspot\share\prims\jni.cpp, line 516]

VM Operations (20 events):
Event: 4.301 Executing VM operation: HandshakeAllThreads done
Event: 4.363 Executing VM operation: G1CollectForAllocation
Event: 4.364 Executing VM operation: G1CollectForAllocation done
Event: 4.364 Executing VM operation: G1CollectForAllocation
Event: 4.368 Executing VM operation: G1CollectForAllocation done
Event: 4.387 Executing VM operation: G1CollectForAllocation
Event: 4.391 Executing VM operation: G1CollectForAllocation done
Event: 4.401 Executing VM operation: HandshakeAllThreads
Event: 4.401 Executing VM operation: HandshakeAllThreads done
Event: 4.426 Executing VM operation: G1CollectForAllocation
Event: 4.431 Executing VM operation: G1CollectForAllocation done
Event: 4.445 Executing VM operation: G1CollectForAllocation
Event: 4.449 Executing VM operation: G1CollectForAllocation done
Event: 4.460 Executing VM operation: G1Concurrent
Event: 4.462 Executing VM operation: G1Concurrent done
Event: 4.467 Executing VM operation: G1CollectForAllocation
Event: 4.470 Executing VM operation: G1CollectForAllocation done
Event: 4.472 Executing VM operation: G1Concurrent
Event: 4.472 Executing VM operation: G1Concurrent done
Event: 4.478 Executing VM operation: G1CollectForAllocation

Events (20 events):
Event: 4.457 Thread 0x0000027972f71680 Thread added: 0x0000027972f71680
Event: 4.457 Thread 0x0000027972f71170 Thread added: 0x0000027972f71170
Event: 4.457 Thread 0x0000027972f720a0 Thread added: 0x0000027972f720a0
Event: 4.457 Thread 0x0000027972f6f310 Thread added: 0x0000027972f6f310
Event: 4.457 Thread 0x0000027972f70750 Thread added: 0x0000027972f70750
Event: 4.457 Thread 0x0000027972f725b0 Thread added: 0x0000027972f725b0
Event: 4.457 Thread 0x0000027972f6f820 Thread added: 0x0000027972f6f820
Event: 4.457 Thread 0x0000027972f70c60 Thread added: 0x0000027972f70c60
Event: 4.458 Thread 0x0000027972f72fd0 Thread added: 0x0000027972f72fd0
Event: 4.458 Thread 0x0000027972f734e0 Thread added: 0x0000027972f734e0
Event: 4.458 Thread 0x0000027972f739f0 Thread added: 0x0000027972f739f0
Event: 4.458 Thread 0x0000027972f74410 Thread added: 0x0000027972f74410
Event: 4.458 Thread 0x0000027972f6cfa0 Thread added: 0x0000027972f6cfa0
Event: 4.458 Thread 0x0000027972f74920 Thread added: 0x0000027972f74920
Event: 4.458 Thread 0x0000027972f6d4b0 Thread added: 0x0000027972f6d4b0
Event: 4.458 Thread 0x0000027972f6d9c0 Thread added: 0x0000027972f6d9c0
Event: 4.458 Thread 0x0000027972f6ded0 Thread added: 0x0000027972f6ded0
Event: 4.458 Thread 0x0000027972af9e20 Thread added: 0x0000027972af9e20
Event: 4.458 Thread 0x0000027972af84d0 Thread added: 0x0000027972af84d0
Event: 4.458 Thread 0x0000027972af89e0 Thread added: 0x0000027972af89e0


Dynamic libraries:
0x00007ff6c2cd0000 - 0x00007ff6c2ce0000 	C:\Program Files\Java\jdk-17\bin\java.exe
0x00007ffa43c50000 - 0x00007ffa43e67000 	C:\Windows\SYSTEM32\ntdll.dll
0x00007ffa41f00000 - 0x00007ffa41fc4000 	C:\Windows\System32\KERNEL32.DLL
0x00007ffa41360000 - 0x00007ffa4170d000 	C:\Windows\System32\KERNELBASE.dll
0x00007ffa40f70000 - 0x00007ffa41081000 	C:\Windows\System32\ucrtbase.dll
0x00007ffa0f4d0000 - 0x00007ffa0f4eb000 	C:\Program Files\Java\jdk-17\bin\VCRUNTIME140.dll
0x00007ffa25840000 - 0x00007ffa25859000 	C:\Program Files\Java\jdk-17\bin\jli.dll
0x00007ffa43ab0000 - 0x00007ffa43b62000 	C:\Windows\System32\ADVAPI32.dll
0x00007ffa42150000 - 0x00007ffa421f7000 	C:\Windows\System32\msvcrt.dll
0x00007ffa41ff0000 - 0x00007ffa42099000 	C:\Windows\System32\sechost.dll
0x00007ffa41830000 - 0x00007ffa41858000 	C:\Windows\System32\bcrypt.dll
0x00007ffa41de0000 - 0x00007ffa41ef4000 	C:\Windows\System32\RPCRT4.dll
0x00007ffa428a0000 - 0x00007ffa42a4e000 	C:\Windows\System32\USER32.dll
0x00007ffa1ca20000 - 0x00007ffa1ccb3000 	C:\Windows\WinSxS\amd64_microsoft.windows.common-controls_6595b64144ccf1df_6.0.22621.3672_none_2713b9d173822955\COMCTL32.dll
0x00007ffa41330000 - 0x00007ffa41356000 	C:\Windows\System32\win32u.dll
0x00007ffa42a60000 - 0x00007ffa42a89000 	C:\Windows\System32\GDI32.dll
0x00007ffa41710000 - 0x00007ffa41829000 	C:\Windows\System32\gdi32full.dll
0x00007ffa41860000 - 0x00007ffa418fa000 	C:\Windows\System32\msvcp_win.dll
0x00007ffa3cee0000 - 0x00007ffa3ceea000 	C:\Windows\SYSTEM32\VERSION.dll
0x00007ffa41da0000 - 0x00007ffa41dd1000 	C:\Windows\System32\IMM32.DLL
0x00007ffa27cb0000 - 0x00007ffa27cbc000 	C:\Program Files\Java\jdk-17\bin\vcruntime140_1.dll
0x00007ff9f4fd0000 - 0x00007ff9f505e000 	C:\Program Files\Java\jdk-17\bin\msvcp140.dll
0x00007ff9b30b0000 - 0x00007ff9b3c8f000 	C:\Program Files\Java\jdk-17\bin\server\jvm.dll
0x00007ffa43aa0000 - 0x00007ffa43aa8000 	C:\Windows\System32\PSAPI.DLL
0x00007ffa348b0000 - 0x00007ffa348e4000 	C:\Windows\SYSTEM32\WINMM.dll
0x00007ffa2a510000 - 0x00007ffa2a519000 	C:\Windows\SYSTEM32\WSOCK32.dll
0x00007ffa436f0000 - 0x00007ffa43761000 	C:\Windows\System32\WS2_32.dll
0x00007ffa3ff60000 - 0x00007ffa3ff78000 	C:\Windows\SYSTEM32\kernel.appcore.dll
0x00007ffa0f4c0000 - 0x00007ffa0f4ca000 	C:\Program Files\Java\jdk-17\bin\jimage.dll
0x00007ffa3e770000 - 0x00007ffa3e9a2000 	C:\Windows\SYSTEM32\DBGHELP.DLL
0x00007ffa42a90000 - 0x00007ffa42e1d000 	C:\Windows\System32\combase.dll
0x00007ffa41bc0000 - 0x00007ffa41c97000 	C:\Windows\System32\OLEAUT32.dll
0x00007ffa0a920000 - 0x00007ffa0a952000 	C:\Windows\SYSTEM32\dbgcore.DLL
0x00007ffa41900000 - 0x00007ffa4197b000 	C:\Windows\System32\bcryptPrimitives.dll
0x00007ff9fb780000 - 0x00007ff9fb78e000 	C:\Program Files\Java\jdk-17\bin\instrument.dll
0x00007ffa0f490000 - 0x00007ffa0f4b5000 	C:\Program Files\Java\jdk-17\bin\java.dll
0x00007ff9f4ef0000 - 0x00007ff9f4fc7000 	C:\Program Files\Java\jdk-17\bin\jsvml.dll
0x00007ffa42e20000 - 0x00007ffa43688000 	C:\Windows\System32\SHELL32.dll
0x00007ffa3ee70000 - 0x00007ffa3f76e000 	C:\Windows\SYSTEM32\windows.storage.dll
0x00007ffa3ed30000 - 0x00007ffa3ee6f000 	C:\Windows\SYSTEM32\wintypes.dll
0x00007ffa41ca0000 - 0x00007ffa41d99000 	C:\Windows\System32\SHCORE.dll
0x00007ffa43b90000 - 0x00007ffa43bee000 	C:\Windows\System32\shlwapi.dll
0x00007ffa40ea0000 - 0x00007ffa40ec1000 	C:\Windows\SYSTEM32\profapi.dll
0x00007ffa00300000 - 0x00007ffa00318000 	C:\Program Files\Java\jdk-17\bin\zip.dll
0x00007ffa0a820000 - 0x00007ffa0a839000 	C:\Program Files\Java\jdk-17\bin\net.dll
0x00007ffa3d770000 - 0x00007ffa3d8a6000 	C:\Windows\SYSTEM32\WINHTTP.dll
0x00007ffa403c0000 - 0x00007ffa40429000 	C:\Windows\system32\mswsock.dll
0x00007ffa0a3e0000 - 0x00007ffa0a3f6000 	C:\Program Files\Java\jdk-17\bin\nio.dll
0x00007ff9fa7d0000 - 0x00007ff9fa7ea000 	C:\Program Files\JetBrains\IntelliJ IDEA 2024.1.4\bin\breakgen64.dll
0x00007ffa3fa00000 - 0x00007ffa3faf8000 	C:\Windows\SYSTEM32\DNSAPI.dll
0x00007ffa3f9d0000 - 0x00007ffa3f9fd000 	C:\Windows\SYSTEM32\IPHLPAPI.DLL
0x00007ffa42a50000 - 0x00007ffa42a59000 	C:\Windows\System32\NSI.dll
0x00007ffa3cef0000 - 0x00007ffa3cefa000 	C:\Windows\System32\rasadhlp.dll
0x00007ffa3d290000 - 0x00007ffa3d313000 	C:\Windows\System32\fwpuclnt.dll
0x00007ff9fbfe0000 - 0x00007ff9fbfea000 	C:\Program Files\Java\jdk-17\bin\management.dll
0x00007ff9fb790000 - 0x00007ff9fb79b000 	C:\Program Files\Java\jdk-17\bin\management_ext.dll
0x00007ffa40780000 - 0x00007ffa4079b000 	C:\Windows\SYSTEM32\CRYPTSP.dll
0x00007ffa3fec0000 - 0x00007ffa3fef5000 	C:\Windows\system32\rsaenh.dll
0x00007ffa40460000 - 0x00007ffa40488000 	C:\Windows\SYSTEM32\USERENV.dll
0x00007ffa406f0000 - 0x00007ffa406fc000 	C:\Windows\SYSTEM32\CRYPTBASE.dll
0x00007ffa3d750000 - 0x00007ffa3d769000 	C:\Windows\SYSTEM32\dhcpcsvc6.DLL
0x00007ffa3d680000 - 0x00007ffa3d69f000 	C:\Windows\SYSTEM32\dhcpcsvc.DLL
0x00007ff9db2f0000 - 0x00007ff9db307000 	C:\Windows\system32\napinsp.dll
0x00007ff9db2d0000 - 0x00007ff9db2eb000 	C:\Windows\system32\pnrpnsp.dll
0x00007ff9db310000 - 0x00007ff9db337000 	C:\Windows\system32\nlansp_c.dll
0x00007ff9db2b0000 - 0x00007ff9db2c1000 	C:\Windows\System32\winrnr.dll
0x00007ff9e01a0000 - 0x00007ff9e01b5000 	C:\Windows\system32\wshbth.dll
0x00007ffa002f0000 - 0x00007ffa00300000 	C:\Program Files\Java\jdk-17\bin\verify.dll
0x00007ffa002e0000 - 0x00007ffa002ee000 	C:\Program Files\Java\jdk-17\bin\sunmscapi.dll
0x00007ffa411c0000 - 0x00007ffa41327000 	C:\Windows\System32\CRYPT32.dll
0x00007ffa40920000 - 0x00007ffa4094e000 	C:\Windows\SYSTEM32\ncrypt.dll
0x00007ffa408e0000 - 0x00007ffa40917000 	C:\Windows\SYSTEM32\NTASN1.dll

dbghelp: loaded successfully - version: 4.0.5 - missing functions: none
symbol engine: initialized successfully - sym options: 0x614 - pdb path: .;C:\Program Files\Java\jdk-17\bin;C:\Windows\SYSTEM32;C:\Windows\WinSxS\amd64_microsoft.windows.common-controls_6595b64144ccf1df_6.0.22621.3672_none_2713b9d173822955;C:\Program Files\Java\jdk-17\bin\server;C:\Program Files\JetBrains\IntelliJ IDEA 2024.1.4\bin

VM Arguments:
jvm_args: -XX:TieredStopAtLevel=1 -Dspring.output.ansi.enabled=always -Dcom.sun.management.jmxremote -Dspring.jmx.enabled=true -Dspring.liveBeansView.mbeanDomain -Dspring.application.admin.enabled=true -Dmanagement.endpoints.jmx.exposure.include=* -javaagent:C:\Program Files\JetBrains\IntelliJ IDEA 2024.1.4\lib\idea_rt.jar=57978:C:\Program Files\JetBrains\IntelliJ IDEA 2024.1.4\bin -Dfile.encoding=UTF-8 
java_command: com.example.mscatalogo.MsCatalogoApplication
java_class_path (initial): D:\DAD-2024-2\ms-catalogo\target\classes;C:\Users\Datos\.m2\repository\org\springframework\boot\spring-boot-starter-data-jpa\3.1.3\spring-boot-starter-data-jpa-3.1.3.jar;C:\Users\Datos\.m2\repository\org\springframework\boot\spring-boot-starter-aop\3.1.3\spring-boot-starter-aop-3.1.3.jar;C:\Users\Datos\.m2\repository\org\springframework\spring-aop\6.0.11\spring-aop-6.0.11.jar;C:\Users\Datos\.m2\repository\org\aspectj\aspectjweaver\1.9.20\aspectjweaver-1.9.20.jar;C:\Users\Datos\.m2\repository\org\springframework\boot\spring-boot-starter-jdbc\3.1.3\spring-boot-starter-jdbc-3.1.3.jar;C:\Users\Datos\.m2\repository\com\zaxxer\HikariCP\5.0.1\HikariCP-5.0.1.jar;C:\Users\Datos\.m2\repository\org\springframework\spring-jdbc\6.0.11\spring-jdbc-6.0.11.jar;C:\Users\Datos\.m2\repository\org\hibernate\orm\hibernate-core\6.2.7.Final\hibernate-core-6.2.7.Final.jar;C:\Users\Datos\.m2\repository\jakarta\persistence\jakarta.persistence-api\3.1.0\jakarta.persistence-api-3.1.0.jar;C:\Users\Datos\.m2\repository\jakarta\transaction\jakarta.transaction-api\2.0.1\jakarta.transaction-api-2.0.1.jar;C:\Users\Datos\.m2\repository\org\jboss\logging\jboss-logging\3.5.3.Final\jboss-logging-3.5.3.Final.jar;C:\Users\Datos\.m2\repository\org\hibernate\common\hibernate-commons-annotations\6.0.6.Final\hibernate-commons-annotations-6.0.6.Final.jar;C:\Users\Datos\.m2\repository\io\smallrye\jandex\3.0.5\jandex-3.0.5.jar;C:\Users\Datos\.m2\repository\com\fasterxml\classmate\1.5.1\classmate-1.5.1.jar;C:\Users\Datos\.m2\repository\net\bytebuddy\byte-buddy\1.14.6\byte-buddy-1.14.6.jar;C:\Users\Datos\.m2\repository\org\glassfish\jaxb\jaxb-runtime\4.0.3\jaxb-runtime-4.0.3.jar;C:\Users\Datos\.m2\repository\org\glassfish\jaxb\jaxb-core\4.0.3\jaxb-core-4.0.3.jar;C:\Users\Datos\.m2\repository\org\eclipse\angus\angus-activation\2.0.1\angus-activation-2.0.1.jar;C:\Users\Datos\.m2\repository\org\glassfish\jaxb\txw2\4.0.3\txw2-4.0.3.jar;C:\Users\Datos\.m2\repository\com\sun\istack\istack-co
Launcher Type: SUN_STANDARD

[Global flags]
     intx CICompilerCount                          = 12                                        {product} {ergonomic}
     uint ConcGCThreads                            = 4                                         {product} {ergonomic}
     uint G1ConcRefinementThreads                  = 15                                        {product} {ergonomic}
   size_t G1HeapRegionSize                         = 2097152                                   {product} {ergonomic}
    uintx GCDrainStackTargetSize                   = 64                                        {product} {ergonomic}
   size_t InitialHeapSize                          = 264241152                                 {product} {ergonomic}
     bool ManagementServer                         = true                                      {product} {command line}
   size_t MarkStackSize                            = 4194304                                   {product} {ergonomic}
   size_t MaxHeapSize                              = 4215275520                                {product} {ergonomic}
   size_t MaxNewSize                               = 2529165312                                {product} {ergonomic}
   size_t MinHeapDeltaBytes                        = 2097152                                   {product} {ergonomic}
   size_t MinHeapSize                              = 8388608                                   {product} {ergonomic}
    uintx NonProfiledCodeHeapSize                  = 0                                      {pd product} {ergonomic}
     bool ProfileInterpreter                       = false                                  {pd product} {command line}
    uintx ProfiledCodeHeapSize                     = 0                                      {pd product} {ergonomic}
   size_t SoftMaxHeapSize                          = 4215275520                             {manageable} {ergonomic}
     intx TieredStopAtLevel                        = 1                                         {product} {command line}
     bool UseCompressedClassPointers               = true                           {product lp64_product} {ergonomic}
     bool UseCompressedOops                        = true                           {product lp64_product} {ergonomic}
     bool UseG1GC                                  = true                                      {product} {ergonomic}
     bool UseLargePagesIndividualAllocation        = false                                  {pd product} {ergonomic}

Logging:
Log output configuration:
 #0: stdout all=warning uptime,level,tags
 #1: stderr all=off uptime,level,tags

Environment Variables:
PATH=C:\Program Files\Common Files\Oracle\Java\javapath;C:\Program Files (x86)\Common Files\Oracle\Java\javapath;C:\Windows\system32;C:\Windows;C:\Windows\System32\Wbem;C:\Windows\System32\WindowsPowerShell\v1.0\;C:\Windows\System32\OpenSSH\;C:\Program Files\dotnet\;C:\Program Files\MiKTeX\miktex\bin\x64\;C:\Program Files\Git\cmd;C:\Program Files (x86)\Windows Kits\10\Windows Performance Toolkit\;C:\Program Files\apache-maven-3.9.8\bin;C:\Users\Datos\AppData\Local\Programs\Python\Python312\Scripts\;C:\Users\Datos\AppData\Local\Programs\Python\Python312\;C:\Users\Datos\AppData\Local\Programs\Python\Launcher\;C:\Users\Datos\AppData\Local\Microsoft\WindowsApps;C:\Users\Datos\AppData\Local\Programs\Microsoft VS Code\bin;C:\Users\Datos\AppData\Local\GitHubDesktop\bin
USERNAME=Datos
OS=Windows_NT
PROCESSOR_IDENTIFIER=Intel64 Family 6 Model 151 Stepping 2, GenuineIntel



---------------  S Y S T E M  ---------------

OS:
 Windows 11 , 64 bit Build 22621 (10.0.22621.3958)
OS uptime: 7 days 2:39 hours
Hyper-V role detected

CPU: total 20 (initial active 20) (10 cores per cpu, 2 threads per core) family 6 model 151 stepping 2 microcode 0x26, cx8, cmov, fxsr, ht, mmx, 3dnowpref, sse, sse2, sse3, ssse3, sse4.1, sse4.2, popcnt, lzcnt, tsc, tscinvbit, avx, avx2, aes, erms, clmul, bmi1, bmi2, adx, sha, fma, vzeroupper, clflush, clflushopt, clwb, hv

Memory: 4k page, system-wide physical 16072M (3441M free)
TotalPageFile size 63857M (AvailPageFile size 71M)
current process WorkingSet (physical memory assigned to process): 284M, peak: 284M
current process commit charge ("private bytes"): 341M, peak: 459M

vm_info: Java HotSpot(TM) 64-Bit Server VM (17.0.10+11-LTS-240) for windows-amd64 JRE (17.0.10+11-LTS-240), built on Dec 19 2023 21:47:25 by "mach5one" with MS VC++ 17.1 (VS2022)

END.
